Using pre-set license
Built from '2020.3/staging' branch; Version is '2020.3.17f1 (a4537701e4ab) revision 10769271'; Using compiler version '192528614'; Build Type 'Release'
OS: 'Windows 10 Pro; OS build 19042.1348; Version 2009; 64bit' Language: 'en' Physical Memory: 16315 MB
BatchMode: 1, IsHumanControllingUs: 0, StartBugReporterOnCrash: 0, Is64bit: 1, IsPro: 0

COMMAND LINE ARGUMENTS:
C:\Program Files\Unity\Hub\Editor\2020.3.17f1\Editor\Unity.exe
-adb2
-batchMode
-noUpm
-name
AssetImportWorker0
-projectPath
C:/Users/SammySeal/Documents/GitHub/VR_assignment_3/Alice1
-logFile
Logs/AssetImportWorker0.log
-srvPort
55028
Successfully changed project path to: C:/Users/SammySeal/Documents/GitHub/VR_assignment_3/Alice1
C:/Users/SammySeal/Documents/GitHub/VR_assignment_3/Alice1
Using Asset Import Pipeline V2.
Refreshing native plugins compatible for Editor in 84.28 ms, found 5 plugins.
Preloading 1 native plugins for Editor in 0.87 ms.
Initialize engine version: 2020.3.17f1 (a4537701e4ab)
[Subsystems] Discovering subsystems at path C:/Program Files/Unity/Hub/Editor/2020.3.17f1/Editor/Data/Resources/UnitySubsystems
[Subsystems] Discovering subsystems at path C:/Users/SammySeal/Documents/GitHub/VR_assignment_3/Alice1/Assets
GfxDevice: creating device client; threaded=0
Direct3D:
    Version:  Direct3D 11.0 [level 11.1]
    Renderer: NVIDIA GeForce GTX 1650 (ID=0x1f82)
    Vendor:   
    VRAM:     3962 MB
    Driver:   27.21.14.5671
Initialize mono
Mono path[0] = 'C:/Program Files/Unity/Hub/Editor/2020.3.17f1/Editor/Data/Managed'
Mono path[1] = 'C:/Program Files/Unity/Hub/Editor/2020.3.17f1/Editor/Data/MonoBleedingEdge/lib/mono/unityjit'
Mono config path = 'C:/Program Files/Unity/Hub/Editor/2020.3.17f1/Editor/Data/MonoBleedingEdge/etc'
Using monoOptions --debugger-agent=transport=dt_socket,embedding=1,server=y,suspend=n,address=127.0.0.1:56364
Begin MonoManager ReloadAssembly
Registering precompiled unity dll's ...
Register platform support module: C:/Program Files/Unity/Hub/Editor/2020.3.17f1/Editor/Data/PlaybackEngines/WebGLSupport/UnityEditor.WebGL.Extensions.dll
Register platform support module: C:/Program Files/Unity/Hub/Editor/2020.3.17f1/Editor/Data/PlaybackEngines/WindowsStandaloneSupport/UnityEditor.WindowsStandalone.Extensions.dll
Registered in 0.002513 seconds.
Native extension for WindowsStandalone target not found
Native extension for WebGL target not found
Refreshing native plugins compatible for Editor in 78.50 ms, found 5 plugins.
Preloading 1 native plugins for Editor in 0.09 ms.
Mono: successfully reloaded assembly
- Completed reload, in  1.097 seconds
Domain Reload Profiling:
	ReloadAssembly (1097ms)
		BeginReloadAssembly (48ms)
			ExecutionOrderSort (0ms)
			DisableScriptedObjects (0ms)
			BackupInstance (0ms)
			ReleaseScriptingObjects (0ms)
			CreateAndSetChildDomain (1ms)
		EndReloadAssembly (396ms)
			LoadAssemblies (45ms)
			RebuildTransferFunctionScriptingTraits (0ms)
			SetupTypeCache (126ms)
			ReleaseScriptCaches (0ms)
			RebuildScriptCaches (26ms)
			SetupLoadedEditorAssemblies (179ms)
				LogAssemblyErrors (0ms)
				InitializePlatformSupportModulesInManaged (5ms)
				SetLoadedEditorAssemblies (0ms)
				RefreshPlugins (79ms)
				BeforeProcessingInitializeOnLoad (8ms)
				ProcessInitializeOnLoadAttributes (64ms)
				ProcessInitializeOnLoadMethodAttributes (24ms)
				AfterProcessingInitializeOnLoad (0ms)
				EditorAssembliesLoaded (0ms)
			ExecutionOrderSort2 (0ms)
			AwakeInstancesAfterBackupRestoration (0ms)
Platform modules already initialized, skipping
Registering precompiled user dll's ...
Registered in 0.006410 seconds.
Begin MonoManager ReloadAssembly
Symbol file data-000001F706D114F0 doesn't match image C:\Users\SammySeal\Documents\GitHub\VR_assignment_3\Alice1\Library\ScriptAssemblies\Unity.VSCode.Editor.dll
Symbol file LoadedFromMemory is not a mono symbol file
Symbol file data-000001F6DBFB66B0 doesn't match image C:\Users\SammySeal\Documents\GitHub\VR_assignment_3\Alice1\Library\ScriptAssemblies\Unity.RenderPipelines.Universal.Shaders.dll
Symbol file LoadedFromMemory is not a mono symbol file
Symbol file data-000001F707533020 doesn't match image C:\Users\SammySeal\Documents\GitHub\VR_assignment_3\Alice1\Library\ScriptAssemblies\Unity.TextMeshPro.Editor.dll
Symbol file LoadedFromMemory is not a mono symbol file
Symbol file data-000001F70B492250 doesn't match image C:\Users\SammySeal\Documents\GitHub\VR_assignment_3\Alice1\Library\ScriptAssemblies\UnityEditor.TestRunner.dll
Symbol file LoadedFromMemory is not a mono symbol file
Symbol file data-000001F706C09460 doesn't match image C:\Users\SammySeal\Documents\GitHub\VR_assignment_3\Alice1\Library\ScriptAssemblies\Unity.Searcher.Editor.dll
Symbol file LoadedFromMemory is not a mono symbol file
Symbol file data-000001F70C78A440 doesn't match image C:\Users\SammySeal\Documents\GitHub\VR_assignment_3\Alice1\Library\ScriptAssemblies\Unity.ShaderGraph.Utilities.dll
Symbol file LoadedFromMemory is not a mono symbol file
Symbol file data-000001F70B327E40 doesn't match image C:\Users\SammySeal\Documents\GitHub\VR_assignment_3\Alice1\Library\ScriptAssemblies\Unity.ProBuilder.dll
Symbol file LoadedFromMemory is not a mono symbol file
Symbol file data-000001F707628D30 doesn't match image C:\Users\SammySeal\Documents\GitHub\VR_assignment_3\Alice1\Library\ScriptAssemblies\UnityEditor.UI.dll
Symbol file LoadedFromMemory is not a mono symbol file
Symbol file data-000001F707439020 doesn't match image C:\Users\SammySeal\Documents\GitHub\VR_assignment_3\Alice1\Library\ScriptAssemblies\Unity.Rider.Editor.dll
Symbol file LoadedFromMemory is not a mono symbol file
Symbol file data-000001F70C78B040 doesn't match image C:\Users\SammySeal\Documents\GitHub\VR_assignment_3\Alice1\Library\ScriptAssemblies\Unity.RenderPipelines.Core.ShaderLibrary.dll
Symbol file LoadedFromMemory is not a mono symbol file
Symbol file data-000001F70C6AD020 doesn't match image C:\Users\SammySeal\Documents\GitHub\VR_assignment_3\Alice1\Library\ScriptAssemblies\UnityEngine.UI.dll
Symbol file LoadedFromMemory is not a mono symbol file
Symbol file data-000001F70B4CC040 doesn't match image C:\Users\SammySeal\Documents\GitHub\VR_assignment_3\Alice1\Library\ScriptAssemblies\Unity.ProBuilder.Poly2Tri.dll
Symbol file LoadedFromMemory is not a mono symbol file
Symbol file data-000001F706F410D0 doesn't match image C:\Users\SammySeal\Documents\GitHub\VR_assignment_3\Alice1\Library\ScriptAssemblies\Unity.ShaderGraph.Editor.dll
Symbol file LoadedFromMemory is not a mono symbol file
Symbol file data-000001F706C09460 doesn't match image C:\Users\SammySeal\Documents\GitHub\VR_assignment_3\Alice1\Library\ScriptAssemblies\Unity.Settings.Editor.dll
Symbol file LoadedFromMemory is not a mono symbol file
Symbol file data-000001F70C78B040 doesn't match image C:\Users\SammySeal\Documents\GitHub\VR_assignment_3\Alice1\Library\ScriptAssemblies\Unity.RenderPipeline.Universal.ShaderLibrary.dll
Symbol file LoadedFromMemory is not a mono symbol file
Symbol file data-000001F70C9BFA20 doesn't match image C:\Users\SammySeal\Documents\GitHub\VR_assignment_3\Alice1\Library\ScriptAssemblies\Unity.CollabProxy.Editor.dll
Symbol file LoadedFromMemory is not a mono symbol file
Symbol file data-000001F70C1BE100 doesn't match image C:\Users\SammySeal\Documents\GitHub\VR_assignment_3\Alice1\Library\ScriptAssemblies\Unity.Mathematics.Editor.dll
Symbol file LoadedFromMemory is not a mono symbol file
Symbol file data-000001F706C9A050 doesn't match image C:\Users\SammySeal\Documents\GitHub\VR_assignment_3\Alice1\Library\ScriptAssemblies\Unity.RenderPipelines.Universal.Runtime.dll
Symbol file LoadedFromMemory is not a mono symbol file
Symbol file data-000001F70CB00500 doesn't match image C:\Users\SammySeal\Documents\GitHub\VR_assignment_3\Alice1\Library\ScriptAssemblies\Unity.ProBuilder.AddOns.Editor.dll
Symbol file LoadedFromMemory is not a mono symbol file
Symbol file data-000001F706D026B0 doesn't match image C:\Users\SammySeal\Documents\GitHub\VR_assignment_3\Alice1\Library\ScriptAssemblies\Unity.VisualStudio.Editor.dll
Symbol file LoadedFromMemory is not a mono symbol file
Symbol file data-000001F70B327E40 doesn't match image C:\Users\SammySeal\Documents\GitHub\VR_assignment_3\Alice1\Library\ScriptAssemblies\UnityEngine.TestRunner.dll
Symbol file LoadedFromMemory is not a mono symbol file
Symbol file data-000001F70B33A050 doesn't match image C:\Users\SammySeal\Documents\GitHub\VR_assignment_3\Alice1\Library\ScriptAssemblies\Unity.Timeline.dll
Symbol file LoadedFromMemory is not a mono symbol file
Symbol file data-000001F70B8D2020 doesn't match image C:\Users\SammySeal\Documents\GitHub\VR_assignment_3\Alice1\Library\ScriptAssemblies\Unity.TextMeshPro.dll
Symbol file LoadedFromMemory is not a mono symbol file
Symbol file data-000001F70C17BC60 doesn't match image C:\Users\SammySeal\Documents\GitHub\VR_assignment_3\Alice1\Library\ScriptAssemblies\Unity.ProBuilder.Csg.dll
Symbol file LoadedFromMemory is not a mono symbol file
Symbol file data-000001F70BD15430 doesn't match image C:\Users\SammySeal\Documents\GitHub\VR_assignment_3\Alice1\Library\ScriptAssemblies\Unity.RenderPipelines.Core.Runtime.dll
Symbol file LoadedFromMemory is not a mono symbol file
Symbol file data-000001F70BA01020 doesn't match image C:\Users\SammySeal\Documents\GitHub\VR_assignment_3\Alice1\Library\ScriptAssemblies\Unity.ProBuilder.Editor.dll
Symbol file LoadedFromMemory is not a mono symbol file
Symbol file data-000001F70BA01020 doesn't match image C:\Users\SammySeal\Documents\GitHub\VR_assignment_3\Alice1\Library\ScriptAssemblies\Unity.PlasticSCM.Editor.dll
Symbol file LoadedFromMemory is not a mono symbol file
Symbol file data-000001F706E2C410 doesn't match image C:\Users\SammySeal\Documents\GitHub\VR_assignment_3\Alice1\Library\ScriptAssemblies\Unity.Mathematics.dll
Symbol file LoadedFromMemory is not a mono symbol file
Symbol file data-000001F7072381A0 doesn't match image C:\Users\SammySeal\Documents\GitHub\VR_assignment_3\Alice1\Library\ScriptAssemblies\Unity.ProBuilder.KdTree.dll
Symbol file LoadedFromMemory is not a mono symbol file
Symbol file data-000001F706D129E0 doesn't match image C:\Users\SammySeal\Documents\GitHub\VR_assignment_3\Alice1\Library\ScriptAssemblies\Unity.TerrainTools.dll
Symbol file LoadedFromMemory is not a mono symbol file
Symbol file data-000001F707439020 doesn't match image C:\Users\SammySeal\Documents\GitHub\VR_assignment_3\Alice1\Library\ScriptAssemblies\Unity.Services.Core.Editor.dll
Symbol file LoadedFromMemory is not a mono symbol file
Symbol file data-000001F70BFD7010 doesn't match image C:\Users\SammySeal\Documents\GitHub\VR_assignment_3\Alice1\Library\ScriptAssemblies\Unity.RenderPipelines.Universal.Editor.dll
Symbol file LoadedFromMemory is not a mono symbol file
Symbol file data-000001F70CB06040 doesn't match image C:\Users\SammySeal\Documents\GitHub\VR_assignment_3\Alice1\Library\ScriptAssemblies\Unity.ProBuilder.AssetIdRemapUtility.dll
Symbol file LoadedFromMemory is not a mono symbol file
Symbol file data-000001F706CFF020 doesn't match image C:\Users\SammySeal\Documents\GitHub\VR_assignment_3\Alice1\Library\ScriptAssemblies\Unity.ProBuilder.Stl.dll
Symbol file LoadedFromMemory is not a mono symbol file
Symbol file data-000001F70BD15430 doesn't match image C:\Users\SammySeal\Documents\GitHub\VR_assignment_3\Alice1\Library\ScriptAssemblies\Unity.TerrainTools.Editor.dll
Symbol file LoadedFromMemory is not a mono symbol file
Symbol file data-000001F70C78B040 doesn't match image C:\Users\SammySeal\Documents\GitHub\VR_assignment_3\Alice1\Library\ScriptAssemblies\Unity.RenderPipelines.ShaderGraph.ShaderGraphLibrary.dll
Symbol file LoadedFromMemory is not a mono symbol file
Symbol file data-000001F70BA01020 doesn't match image C:\Users\SammySeal\Documents\GitHub\VR_assignment_3\Alice1\Library\ScriptAssemblies\Unity.Timeline.Editor.dll
Symbol file LoadedFromMemory is not a mono symbol file
Symbol file data-000001F70BA01020 doesn't match image C:\Users\SammySeal\Documents\GitHub\VR_assignment_3\Alice1\Library\ScriptAssemblies\Unity.RenderPipelines.Core.Editor.dll
Symbol file LoadedFromMemory is not a mono symbol file
Native extension for WindowsStandalone target not found
Native extension for WebGL target not found
Refreshing native plugins compatible for Editor in 78.13 ms, found 5 plugins.
Preloading 1 native plugins for Editor in 0.08 ms.
[XR] OculusXRPlugin: registering subsystems
[XR] Unable to register display lifecyle provider: [1]
[XR] Oculus Input lifecycle provider registered.
[XR] Unable to register input lifecyle provider: [1]
System.Reflection.TargetInvocationException: Exception has been thrown by the target of an invocation. ---> System.NullReferenceException: Object reference not set to an instance of an object
  at Unity.XR.Oculus.OculusLoader.AssetPathToAbsolutePath (System.String assetPath) [0x0004e] in <134c598d18764dfab47f79c1921cc757>:0 
  at Unity.XR.Oculus.OculusLoader.EditorLoadOVRPlugin () [0x0007b] in <134c598d18764dfab47f79c1921cc757>:0 
  at (wrapper managed-to-native) System.Reflection.MonoMethod.InternalInvoke(System.Reflection.MonoMethod,object,object[],System.Exception&)
  at System.Reflection.MonoMethod.Invoke (System.Object obj, System.Reflection.BindingFlags invokeAttr, System.Reflection.Binder binder, System.Object[] parameters, System.Globalization.CultureInfo culture) [0x00032] in <695d1cc93cca45069c528c15c9fdd749>:0 
   --- End of inner exception stack trace ---
  at System.Reflection.MonoMethod.Invoke (System.Object obj, System.Reflection.BindingFlags invokeAttr, System.Reflection.Binder binder, System.Object[] parameters, System.Globalization.CultureInfo culture) [0x00048] in <695d1cc93cca45069c528c15c9fdd749>:0 
  at System.Reflection.MethodBase.Invoke (System.Object obj, System.Object[] parameters) [0x00000] in <695d1cc93cca45069c528c15c9fdd749>:0 
  at UnityEditor.EditorAssemblies.ProcessInitializeOnLoadMethodAttributes () [0x00047] in <d0e4b8c1204147f3935b6e9c8b8565ad>:0 
UnityEngine.StackTraceUtility:ExtractStackTrace ()
UnityEngine.DebugLogHandler:LogFormat (UnityEngine.LogType,UnityEngine.Object,string,object[])
UnityEngine.Logger:Log (UnityEngine.LogType,object)
UnityEngine.Debug:LogError (object)
UnityEditor.EditorAssemblies:ProcessInitializeOnLoadMethodAttributes ()

Mono: successfully reloaded assembly
- Completed reload, in  1.507 seconds
Domain Reload Profiling:
	ReloadAssembly (1507ms)
		BeginReloadAssembly (130ms)
			ExecutionOrderSort (0ms)
			DisableScriptedObjects (7ms)
			BackupInstance (0ms)
			ReleaseScriptingObjects (0ms)
			CreateAndSetChildDomain (18ms)
		EndReloadAssembly (1318ms)
			LoadAssemblies (94ms)
			RebuildTransferFunctionScriptingTraits (0ms)
			SetupTypeCache (308ms)
			ReleaseScriptCaches (1ms)
			RebuildScriptCaches (59ms)
			SetupLoadedEditorAssemblies (740ms)
				LogAssemblyErrors (0ms)
				InitializePlatformSupportModulesInManaged (4ms)
				SetLoadedEditorAssemblies (0ms)
				RefreshPlugins (78ms)
				BeforeProcessingInitializeOnLoad (95ms)
				ProcessInitializeOnLoadAttributes (530ms)
				ProcessInitializeOnLoadMethodAttributes (25ms)
				AfterProcessingInitializeOnLoad (7ms)
				EditorAssembliesLoaded (0ms)
			ExecutionOrderSort2 (0ms)
			AwakeInstancesAfterBackupRestoration (4ms)
Platform modules already initialized, skipping
========================================================================
Worker process is ready to serve import requests
Launched and connected shader compiler UnityShaderCompiler.exe after 0.06 seconds
Refreshing native plugins compatible for Editor in 1.43 ms, found 5 plugins.
Preloading 1 native plugins for Editor in 0.13 ms.
Unloading 4114 Unused Serialized files (Serialized files now loaded: 0)
System memory in use before: 208.4 MB.
System memory in use after: 208.4 MB.

Unloading 38 unused Assets to reduce memory usage. Loaded Objects now: 4584.
Total: 4.301800 ms (FindLiveObjects: 0.483500 ms CreateObjectMapping: 0.108700 ms MarkObjects: 3.476600 ms  DeleteObjects: 0.232000 ms)

AssetImportParameters requested are different than current active one (requested -> active):
  custom:framework-win-MediaFoundation: 216162199b28c13a410421893ffa2e32 -> 
  custom:video-decoder-ogg-theora: a1e56fd34408186e4bbccfd4996cb3dc -> 
  custom:container-muxer-webm: aa71ff27fc2769a1b78a27578f13a17b -> 
  custom:container-demuxer-webm: 4f35f7cbe854078d1ac9338744f61a02 -> 
  custom:container-demuxer-ogg: 62fdf1f143b41e24485cea50d1cbac27 -> 
  custom:video-encoder-webm-vp8: eb34c28f22e8b96e1ab97ce403110664 -> 
  custom:video-decoder-webm-vp8: 9c59270c3fd7afecdb556c50c9e8de78 -> 
  custom:audio-decoder-ogg-vorbis: bf7c407c2cedff20999df2af8eb42d56 -> 
  custom:audio-encoder-webm-vorbis: bf7c407c2cedff20999df2af8eb42d56 -> 
========================================================================
Received Import Request.
  path: Assets/StarterAssets/Readme.asset
  artifactKey: Guid(4181bfe715a83e843b7538d750dc57cc) Importer(815301076,1909f56bfc062723c751e8b465ee728b)
Start importing Assets/StarterAssets/Readme.asset using Guid(4181bfe715a83e843b7538d750dc57cc) Importer(815301076,1909f56bfc062723c751e8b465ee728b)  -> (artifact id: '535b182a35794d59d4034f8fe2fcf575') in 0.034959 seconds 
  Import took 0.040798 seconds .

========================================================================
Received Import Request.
  Time since last request: 0.477346 seconds.
  path: Assets/Scenes/SampleScene.unity
  artifactKey: Guid(9fc0d4010bbf28b4594072e72b8655ab) Importer(815301076,1909f56bfc062723c751e8b465ee728b)
Start importing Assets/Scenes/SampleScene.unity using Guid(9fc0d4010bbf28b4594072e72b8655ab) Importer(815301076,1909f56bfc062723c751e8b465ee728b)  -> (artifact id: 'f69348ec6cdf44383034f8aa73b1a237') in 0.003357 seconds 
  Import took 0.009256 seconds .

========================================================================
Received Import Request.
  Time since last request: 20.751117 seconds.
  path: Assets/NanaeAdded/HillsRock
  artifactKey: Guid(1ec675bb52aa4674fb374cabdf557ab4) Importer(815301076,1909f56bfc062723c751e8b465ee728b)
Start importing Assets/NanaeAdded/HillsRock using Guid(1ec675bb52aa4674fb374cabdf557ab4) Importer(815301076,1909f56bfc062723c751e8b465ee728b)  -> (artifact id: 'ed6fa7ca5a90d6b6a3481d2119126337') in 0.002921 seconds 
  Import took 0.009258 seconds .

========================================================================
Received Import Request.
  Time since last request: 47.643568 seconds.
  path: Assets/NanaeAdded/Food
  artifactKey: Guid(5cf0aa22121ff334b925cad1cc2730cf) Importer(815301076,1909f56bfc062723c751e8b465ee728b)
Start importing Assets/NanaeAdded/Food using Guid(5cf0aa22121ff334b925cad1cc2730cf) Importer(815301076,1909f56bfc062723c751e8b465ee728b)  -> (artifact id: '841f95b2fe36f6133b0cb3eb25bd2745') in 0.003348 seconds 
  Import took 0.009468 seconds .

========================================================================
Received Import Request.
  Time since last request: 0.072297 seconds.
  path: Assets/NanaeAdded/Food/Hambuger.FBX
  artifactKey: Guid(f9e7ed08898d80148b9f645cd07c8b8e) Importer(815301076,1909f56bfc062723c751e8b465ee728b)
Start importing Assets/NanaeAdded/Food/Hambuger.FBX using Guid(f9e7ed08898d80148b9f645cd07c8b8e) Importer(815301076,1909f56bfc062723c751e8b465ee728b)  -> (artifact id: 'd2a4429740b37b0d8c40da5dec528a7d') in 0.198007 seconds 
  Import took 0.204479 seconds .

========================================================================
Received Import Request.
  Time since last request: 1.872177 seconds.
  path: Assets/NanaeAdded/Food/Materials
  artifactKey: Guid(19e2fcc626e8f3c48b472ed0a0749449) Importer(815301076,1909f56bfc062723c751e8b465ee728b)
Start importing Assets/NanaeAdded/Food/Materials using Guid(19e2fcc626e8f3c48b472ed0a0749449) Importer(815301076,1909f56bfc062723c751e8b465ee728b)  -> (artifact id: '5c48d9b4706a7bc88bdfbdfd8f7bdf85') in 0.002384 seconds 
  Import took 0.008524 seconds .

========================================================================
Received Import Request.
  Time since last request: 0.362939 seconds.
  path: Assets/NanaeAdded/Food/Materials/acorn.mat
  artifactKey: Guid(64ff37d311a4a1943965f5aee70acc7b) Importer(815301076,1909f56bfc062723c751e8b465ee728b)
Start importing Assets/NanaeAdded/Food/Materials/acorn.mat using Guid(64ff37d311a4a1943965f5aee70acc7b) Importer(815301076,1909f56bfc062723c751e8b465ee728b)  -> (artifact id: 'd7bc1c518a33f3fe97802aeeb6c9545f') in 0.088156 seconds 
  Import took 0.094147 seconds .

========================================================================
Received Import Request.
  Time since last request: 0.000233 seconds.
  path: Assets/NanaeAdded/Food/Materials/hambuger.mat
  artifactKey: Guid(16f6c29b4ffaa4f48b6d9bf437a7b1b0) Importer(815301076,1909f56bfc062723c751e8b465ee728b)
Start importing Assets/NanaeAdded/Food/Materials/hambuger.mat using Guid(16f6c29b4ffaa4f48b6d9bf437a7b1b0) Importer(815301076,1909f56bfc062723c751e8b465ee728b)  -> (artifact id: '23373870c3a06ade4d38f6c6c76506ce') in 0.011304 seconds 
  Import took 0.017032 seconds .

========================================================================
Received Import Request.
  Time since last request: 0.000222 seconds.
  path: Assets/NanaeAdded/Food/Materials/banana.mat
  artifactKey: Guid(a52bd370b45d5914fa4865ee4c9648f4) Importer(815301076,1909f56bfc062723c751e8b465ee728b)
Start importing Assets/NanaeAdded/Food/Materials/banana.mat using Guid(a52bd370b45d5914fa4865ee4c9648f4) Importer(815301076,1909f56bfc062723c751e8b465ee728b)  -> (artifact id: '5732d3d3d94606577a360daba30ad221') in 0.009742 seconds 
  Import took 0.015246 seconds .

========================================================================
Received Import Request.
  Time since last request: 0.000200 seconds.
  path: Assets/NanaeAdded/Food/Materials/apple.mat
  artifactKey: Guid(3991cc4f6da65944bbf74decaf5aa4ee) Importer(815301076,1909f56bfc062723c751e8b465ee728b)
Start importing Assets/NanaeAdded/Food/Materials/apple.mat using Guid(3991cc4f6da65944bbf74decaf5aa4ee) Importer(815301076,1909f56bfc062723c751e8b465ee728b)  -> (artifact id: '9e326ab03e86d5d9d7639b2f3ccad177') in 0.009635 seconds 
  Import took 0.015476 seconds .

========================================================================
Received Prepare
Registering precompiled user dll's ...
Registered in 0.007596 seconds.
Begin MonoManager ReloadAssembly
Symbol file data-000001F70B4A1850 doesn't match image C:\Users\SammySeal\Documents\GitHub\VR_assignment_3\Alice1\Library\ScriptAssemblies\Unity.VSCode.Editor.dll
Symbol file LoadedFromMemory is not a mono symbol file
Symbol file data-000001F716C0A5C0 doesn't match image C:\Users\SammySeal\Documents\GitHub\VR_assignment_3\Alice1\Library\ScriptAssemblies\Unity.RenderPipelines.Universal.Shaders.dll
Symbol file LoadedFromMemory is not a mono symbol file
Symbol file data-000001F707089980 doesn't match image C:\Users\SammySeal\Documents\GitHub\VR_assignment_3\Alice1\Library\ScriptAssemblies\Unity.TextMeshPro.Editor.dll
Symbol file LoadedFromMemory is not a mono symbol file
Symbol file data-000001F70D4F3010 doesn't match image C:\Users\SammySeal\Documents\GitHub\VR_assignment_3\Alice1\Library\ScriptAssemblies\UnityEditor.TestRunner.dll
Symbol file LoadedFromMemory is not a mono symbol file
Symbol file data-000001F70739A010 doesn't match image C:\Users\SammySeal\Documents\GitHub\VR_assignment_3\Alice1\Library\ScriptAssemblies\Unity.Searcher.Editor.dll
Symbol file LoadedFromMemory is not a mono symbol file
Symbol file data-000001F718344B10 doesn't match image C:\Users\SammySeal\Documents\GitHub\VR_assignment_3\Alice1\Library\ScriptAssemblies\Unity.ShaderGraph.Utilities.dll
Symbol file LoadedFromMemory is not a mono symbol file
Symbol file data-000001F70D539020 doesn't match image C:\Users\SammySeal\Documents\GitHub\VR_assignment_3\Alice1\Library\ScriptAssemblies\Unity.ProBuilder.dll
Symbol file LoadedFromMemory is not a mono symbol file
Symbol file data-000001F706D026B0 doesn't match image C:\Users\SammySeal\Documents\GitHub\VR_assignment_3\Alice1\Library\ScriptAssemblies\UnityEditor.UI.dll
Symbol file LoadedFromMemory is not a mono symbol file
Symbol file data-000001F7107C6020 doesn't match image C:\Users\SammySeal\Documents\GitHub\VR_assignment_3\Alice1\Library\ScriptAssemblies\Unity.Rider.Editor.dll
Symbol file LoadedFromMemory is not a mono symbol file
Symbol file data-000001F70BF1D070 doesn't match image C:\Users\SammySeal\Documents\GitHub\VR_assignment_3\Alice1\Library\ScriptAssemblies\Unity.RenderPipelines.Core.ShaderLibrary.dll
Symbol file LoadedFromMemory is not a mono symbol file
Symbol file data-000001F707533020 doesn't match image C:\Users\SammySeal\Documents\GitHub\VR_assignment_3\Alice1\Library\ScriptAssemblies\UnityEngine.UI.dll
Symbol file LoadedFromMemory is not a mono symbol file
Symbol file data-000001F70C7CD010 doesn't match image C:\Users\SammySeal\Documents\GitHub\VR_assignment_3\Alice1\Library\ScriptAssemblies\Unity.ProBuilder.Poly2Tri.dll
Symbol file LoadedFromMemory is not a mono symbol file
Symbol file data-000001F70B268010 doesn't match image C:\Users\SammySeal\Documents\GitHub\VR_assignment_3\Alice1\Library\ScriptAssemblies\Unity.ShaderGraph.Editor.dll
Symbol file LoadedFromMemory is not a mono symbol file
Symbol file data-000001F70739A010 doesn't match image C:\Users\SammySeal\Documents\GitHub\VR_assignment_3\Alice1\Library\ScriptAssemblies\Unity.Settings.Editor.dll
Symbol file LoadedFromMemory is not a mono symbol file
Symbol file data-000001F716C09FF0 doesn't match image C:\Users\SammySeal\Documents\GitHub\VR_assignment_3\Alice1\Library\ScriptAssemblies\Unity.RenderPipeline.Universal.ShaderLibrary.dll
Symbol file LoadedFromMemory is not a mono symbol file
Symbol file data-000001F70C87F020 doesn't match image C:\Users\SammySeal\Documents\GitHub\VR_assignment_3\Alice1\Library\ScriptAssemblies\Unity.CollabProxy.Editor.dll
Symbol file LoadedFromMemory is not a mono symbol file
Symbol file data-000001F7187B30A0 doesn't match image C:\Users\SammySeal\Documents\GitHub\VR_assignment_3\Alice1\Library\ScriptAssemblies\Unity.Mathematics.Editor.dll
Symbol file LoadedFromMemory is not a mono symbol file
Symbol file data-000001F718C5E030 doesn't match image C:\Users\SammySeal\Documents\GitHub\VR_assignment_3\Alice1\Library\ScriptAssemblies\Unity.RenderPipelines.Universal.Runtime.dll
Symbol file LoadedFromMemory is not a mono symbol file
Symbol file data-000001F718499800 doesn't match image C:\Users\SammySeal\Documents\GitHub\VR_assignment_3\Alice1\Library\ScriptAssemblies\Unity.ProBuilder.AddOns.Editor.dll
Symbol file LoadedFromMemory is not a mono symbol file
Symbol file data-000001F706D026B0 doesn't match image C:\Users\SammySeal\Documents\GitHub\VR_assignment_3\Alice1\Library\ScriptAssemblies\Unity.VisualStudio.Editor.dll
Symbol file LoadedFromMemory is not a mono symbol file
Symbol file data-000001F70C87F020 doesn't match image C:\Users\SammySeal\Documents\GitHub\VR_assignment_3\Alice1\Library\ScriptAssemblies\UnityEngine.TestRunner.dll
Symbol file LoadedFromMemory is not a mono symbol file
Symbol file data-000001F70C87F020 doesn't match image C:\Users\SammySeal\Documents\GitHub\VR_assignment_3\Alice1\Library\ScriptAssemblies\Unity.Timeline.dll
Symbol file LoadedFromMemory is not a mono symbol file
Symbol file data-000001F70EDA4020 doesn't match image C:\Users\SammySeal\Documents\GitHub\VR_assignment_3\Alice1\Library\ScriptAssemblies\Unity.TextMeshPro.dll
Symbol file LoadedFromMemory is not a mono symbol file
Symbol file data-000001F707236390 doesn't match image C:\Users\SammySeal\Documents\GitHub\VR_assignment_3\Alice1\Library\ScriptAssemblies\Unity.ProBuilder.Csg.dll
Symbol file LoadedFromMemory is not a mono symbol file
Symbol file data-000001F70C9B5010 doesn't match image C:\Users\SammySeal\Documents\GitHub\VR_assignment_3\Alice1\Library\ScriptAssemblies\Unity.RenderPipelines.Core.Runtime.dll
Symbol file LoadedFromMemory is not a mono symbol file
Symbol file data-000001F70BAFD020 doesn't match image C:\Users\SammySeal\Documents\GitHub\VR_assignment_3\Alice1\Library\ScriptAssemblies\Unity.ProBuilder.Editor.dll
Symbol file LoadedFromMemory is not a mono symbol file
Symbol file data-000001F70BAFD020 doesn't match image C:\Users\SammySeal\Documents\GitHub\VR_assignment_3\Alice1\Library\ScriptAssemblies\Unity.PlasticSCM.Editor.dll
Symbol file LoadedFromMemory is not a mono symbol file
Symbol file data-000001F707481DD0 doesn't match image C:\Users\SammySeal\Documents\GitHub\VR_assignment_3\Alice1\Library\ScriptAssemblies\Unity.Mathematics.dll
Symbol file LoadedFromMemory is not a mono symbol file
Symbol file data-000001F707236390 doesn't match image C:\Users\SammySeal\Documents\GitHub\VR_assignment_3\Alice1\Library\ScriptAssemblies\Unity.ProBuilder.KdTree.dll
Symbol file LoadedFromMemory is not a mono symbol file
Symbol file data-000001F7116B7C30 doesn't match image C:\Users\SammySeal\Documents\GitHub\VR_assignment_3\Alice1\Library\ScriptAssemblies\Unity.TerrainTools.dll
Symbol file LoadedFromMemory is not a mono symbol file
Symbol file data-000001F707431010 doesn't match image C:\Users\SammySeal\Documents\GitHub\VR_assignment_3\Alice1\Library\ScriptAssemblies\Unity.Services.Core.Editor.dll
Symbol file LoadedFromMemory is not a mono symbol file
Symbol file data-000001F70C6AD020 doesn't match image C:\Users\SammySeal\Documents\GitHub\VR_assignment_3\Alice1\Library\ScriptAssemblies\Unity.RenderPipelines.Universal.Editor.dll
Symbol file LoadedFromMemory is not a mono symbol file
Symbol file data-000001F70B4A1850 doesn't match image C:\Users\SammySeal\Documents\GitHub\VR_assignment_3\Alice1\Library\ScriptAssemblies\Unity.ProBuilder.AssetIdRemapUtility.dll
Symbol file LoadedFromMemory is not a mono symbol file
Symbol file data-000001F70BEAD030 doesn't match image C:\Users\SammySeal\Documents\GitHub\VR_assignment_3\Alice1\Library\ScriptAssemblies\Unity.ProBuilder.Stl.dll
Symbol file LoadedFromMemory is not a mono symbol file
Symbol file data-000001F70D539020 doesn't match image C:\Users\SammySeal\Documents\GitHub\VR_assignment_3\Alice1\Library\ScriptAssemblies\Unity.TerrainTools.Editor.dll
Symbol file LoadedFromMemory is not a mono symbol file
Symbol file data-000001F70BF1D070 doesn't match image C:\Users\SammySeal\Documents\GitHub\VR_assignment_3\Alice1\Library\ScriptAssemblies\Unity.RenderPipelines.ShaderGraph.ShaderGraphLibrary.dll
Symbol file LoadedFromMemory is not a mono symbol file
Symbol file data-000001F70B536410 doesn't match image C:\Users\SammySeal\Documents\GitHub\VR_assignment_3\Alice1\Library\ScriptAssemblies\Unity.Timeline.Editor.dll
Symbol file LoadedFromMemory is not a mono symbol file
Symbol file data-000001F707533020 doesn't match image C:\Users\SammySeal\Documents\GitHub\VR_assignment_3\Alice1\Library\ScriptAssemblies\Unity.RenderPipelines.Core.Editor.dll
Symbol file LoadedFromMemory is not a mono symbol file
Native extension for WindowsStandalone target not found
Native extension for WebGL target not found
Refreshing native plugins compatible for Editor in 1.38 ms, found 5 plugins.
Preloading 1 native plugins for Editor in 0.12 ms.
System.Reflection.TargetInvocationException: Exception has been thrown by the target of an invocation. ---> System.NullReferenceException: Object reference not set to an instance of an object
  at Unity.XR.Oculus.OculusLoader.AssetPathToAbsolutePath (System.String assetPath) [0x0004e] in <134c598d18764dfab47f79c1921cc757>:0 
  at Unity.XR.Oculus.OculusLoader.EditorLoadOVRPlugin () [0x0007b] in <134c598d18764dfab47f79c1921cc757>:0 
  at (wrapper managed-to-native) System.Reflection.MonoMethod.InternalInvoke(System.Reflection.MonoMethod,object,object[],System.Exception&)
  at System.Reflection.MonoMethod.Invoke (System.Object obj, System.Reflection.BindingFlags invokeAttr, System.Reflection.Binder binder, System.Object[] parameters, System.Globalization.CultureInfo culture) [0x00032] in <695d1cc93cca45069c528c15c9fdd749>:0 
   --- End of inner exception stack trace ---
  at System.Reflection.MonoMethod.Invoke (System.Object obj, System.Reflection.BindingFlags invokeAttr, System.Reflection.Binder binder, System.Object[] parameters, System.Globalization.CultureInfo culture) [0x00048] in <695d1cc93cca45069c528c15c9fdd749>:0 
  at System.Reflection.MethodBase.Invoke (System.Object obj, System.Object[] parameters) [0x00000] in <695d1cc93cca45069c528c15c9fdd749>:0 
  at UnityEditor.EditorAssemblies.ProcessInitializeOnLoadMethodAttributes () [0x00047] in <d0e4b8c1204147f3935b6e9c8b8565ad>:0 
UnityEngine.StackTraceUtility:ExtractStackTrace ()
UnityEngine.DebugLogHandler:LogFormat (UnityEngine.LogType,UnityEngine.Object,string,object[])
UnityEngine.Logger:Log (UnityEngine.LogType,object)
UnityEngine.Debug:LogError (object)
UnityEditor.EditorAssemblies:ProcessInitializeOnLoadMethodAttributes ()

Mono: successfully reloaded assembly
- Completed reload, in  1.431 seconds
Domain Reload Profiling:
	ReloadAssembly (1431ms)
		BeginReloadAssembly (143ms)
			ExecutionOrderSort (0ms)
			DisableScriptedObjects (5ms)
			BackupInstance (0ms)
			ReleaseScriptingObjects (0ms)
			CreateAndSetChildDomain (46ms)
		EndReloadAssembly (1227ms)
			LoadAssemblies (89ms)
			RebuildTransferFunctionScriptingTraits (0ms)
			SetupTypeCache (305ms)
			ReleaseScriptCaches (2ms)
			RebuildScriptCaches (53ms)
			SetupLoadedEditorAssemblies (646ms)
				LogAssemblyErrors (0ms)
				InitializePlatformSupportModulesInManaged (5ms)
				SetLoadedEditorAssemblies (0ms)
				RefreshPlugins (2ms)
				BeforeProcessingInitializeOnLoad (79ms)
				ProcessInitializeOnLoadAttributes (535ms)
				ProcessInitializeOnLoadMethodAttributes (18ms)
				AfterProcessingInitializeOnLoad (8ms)
				EditorAssembliesLoaded (0ms)
			ExecutionOrderSort2 (0ms)
			AwakeInstancesAfterBackupRestoration (12ms)
Platform modules already initialized, skipping
Refreshing native plugins compatible for Editor in 1.12 ms, found 5 plugins.
Preloading 1 native plugins for Editor in 0.10 ms.
Unloading 3926 Unused Serialized files (Serialized files now loaded: 0)
System memory in use before: 200.0 MB.
System memory in use after: 200.0 MB.

Unloading 21 unused Assets to reduce memory usage. Loaded Objects now: 4670.
Total: 4.376700 ms (FindLiveObjects: 0.404500 ms CreateObjectMapping: 0.106200 ms MarkObjects: 3.630900 ms  DeleteObjects: 0.233700 ms)

AssetImportParameters requested are different than current active one (requested -> active):
  custom:framework-win-MediaFoundation: 216162199b28c13a410421893ffa2e32 -> 
  custom:video-decoder-ogg-theora: a1e56fd34408186e4bbccfd4996cb3dc -> 
  custom:container-muxer-webm: aa71ff27fc2769a1b78a27578f13a17b -> 
  custom:container-demuxer-webm: 4f35f7cbe854078d1ac9338744f61a02 -> 
  custom:container-demuxer-ogg: 62fdf1f143b41e24485cea50d1cbac27 -> 
  custom:video-encoder-webm-vp8: eb34c28f22e8b96e1ab97ce403110664 -> 
  custom:video-decoder-webm-vp8: 9c59270c3fd7afecdb556c50c9e8de78 -> 
  custom:audio-decoder-ogg-vorbis: bf7c407c2cedff20999df2af8eb42d56 -> 
  custom:audio-encoder-webm-vorbis: bf7c407c2cedff20999df2af8eb42d56 -> 
========================================================================
Received Import Request.
  Time since last request: 90.506946 seconds.
  path: Assets/NanaeAdded
  artifactKey: Guid(ce9351b14dc016b438c74f3cd66b0528) Importer(815301076,1909f56bfc062723c751e8b465ee728b)
Start importing Assets/NanaeAdded using Guid(ce9351b14dc016b438c74f3cd66b0528) Importer(815301076,1909f56bfc062723c751e8b465ee728b)  -> (artifact id: 'e9ce86dde594b17ea2e7a129b343914e') in 0.008887 seconds 
  Import took 0.015210 seconds .

========================================================================
Received Import Request.
  Time since last request: 0.003306 seconds.
  path: Assets/NanaeAdded
  artifactKey: Guid(ce9351b14dc016b438c74f3cd66b0528) Importer(815301076,1909f56bfc062723c751e8b465ee728b)
Start importing Assets/NanaeAdded using Guid(ce9351b14dc016b438c74f3cd66b0528) Importer(815301076,1909f56bfc062723c751e8b465ee728b)  -> (artifact id: 'e9ce86dde594b17ea2e7a129b343914e') in 0.002505 seconds 
  Import took 0.006854 seconds .

========================================================================
Received Import Request.
  Time since last request: 0.810085 seconds.
  path: Assets/NanaeAdded/Food
  artifactKey: Guid(5cf0aa22121ff334b925cad1cc2730cf) Importer(815301076,1909f56bfc062723c751e8b465ee728b)
Start importing Assets/NanaeAdded/Food using Guid(5cf0aa22121ff334b925cad1cc2730cf) Importer(815301076,1909f56bfc062723c751e8b465ee728b)  -> (artifact id: '36c0324d0d52bd81a9d9ae552a5267fa') in 0.002715 seconds 
  Import took 0.009970 seconds .

========================================================================
Received Import Request.
  Time since last request: 0.000693 seconds.
  path: Assets/NanaeAdded/Food
  artifactKey: Guid(5cf0aa22121ff334b925cad1cc2730cf) Importer(815301076,1909f56bfc062723c751e8b465ee728b)
Start importing Assets/NanaeAdded/Food using Guid(5cf0aa22121ff334b925cad1cc2730cf) Importer(815301076,1909f56bfc062723c751e8b465ee728b)  -> (artifact id: '36c0324d0d52bd81a9d9ae552a5267fa') in 0.002354 seconds 
  Import took 0.007372 seconds .

========================================================================
Received Import Request.
  Time since last request: 0.035017 seconds.
  path: Assets/NanaeAdded/Food/acorn.FBX
  artifactKey: Guid(54c6faa2dba6665438008d4e7c8ea7e5) Importer(815301076,1909f56bfc062723c751e8b465ee728b)
Start importing Assets/NanaeAdded/Food/acorn.FBX using Guid(54c6faa2dba6665438008d4e7c8ea7e5) Importer(815301076,1909f56bfc062723c751e8b465ee728b)  -> (artifact id: 'bb331581785b79c1252e85ba61c8b0ed') in 0.151990 seconds 
  Import took 0.158128 seconds .

========================================================================
Received Import Request.
  Time since last request: 0.000197 seconds.
  path: Assets/NanaeAdded/Food/banana.FBX
  artifactKey: Guid(3a9857ff38f5efa41ae3ff3ff643f2bd) Importer(815301076,1909f56bfc062723c751e8b465ee728b)
Start importing Assets/NanaeAdded/Food/banana.FBX using Guid(3a9857ff38f5efa41ae3ff3ff643f2bd) Importer(815301076,1909f56bfc062723c751e8b465ee728b)  -> (artifact id: '6dd2584e125b22d6798936866b0d041f') in 0.017618 seconds 
  Import took 0.023475 seconds .

========================================================================
Received Import Request.
  Time since last request: 0.000208 seconds.
  path: Assets/NanaeAdded/Food/apple.FBX
  artifactKey: Guid(8db774d63ffa4304fb8dddd6116ead54) Importer(815301076,1909f56bfc062723c751e8b465ee728b)
Start importing Assets/NanaeAdded/Food/apple.FBX using Guid(8db774d63ffa4304fb8dddd6116ead54) Importer(815301076,1909f56bfc062723c751e8b465ee728b)  -> (artifact id: 'e0cb9187249bc485f7f375e3e4808cfa') in 0.016306 seconds 
  Import took 0.021902 seconds .

========================================================================
Received Import Request.
  Time since last request: 0.000217 seconds.
  path: Assets/NanaeAdded/Food/pizza.FBX
  artifactKey: Guid(d3a88e33be12ed34b832c0be1f56a7a9) Importer(815301076,1909f56bfc062723c751e8b465ee728b)
Start importing Assets/NanaeAdded/Food/pizza.FBX using Guid(d3a88e33be12ed34b832c0be1f56a7a9) Importer(815301076,1909f56bfc062723c751e8b465ee728b)  -> (artifact id: '36f69506bc7c525b7ab6960a39fb217a') in 0.017567 seconds 
  Import took 0.023054 seconds .

========================================================================
Received Import Request.
  Time since last request: 0.000207 seconds.
  path: Assets/NanaeAdded/Food/mushroom.FBX
  artifactKey: Guid(b53fab1a8a71cf745ad1af6d16214489) Importer(815301076,1909f56bfc062723c751e8b465ee728b)
Start importing Assets/NanaeAdded/Food/mushroom.FBX using Guid(b53fab1a8a71cf745ad1af6d16214489) Importer(815301076,1909f56bfc062723c751e8b465ee728b)  -> (artifact id: 'b0bce4cbacae78265b33be513c493718') in 0.016879 seconds 
  Import took 0.022384 seconds .

========================================================================
Received Import Request.
  Time since last request: 0.000215 seconds.
  path: Assets/NanaeAdded/Food/candy.FBX
  artifactKey: Guid(7149044102d4ffe418bfc28480b28ad7) Importer(815301076,1909f56bfc062723c751e8b465ee728b)
Start importing Assets/NanaeAdded/Food/candy.FBX using Guid(7149044102d4ffe418bfc28480b28ad7) Importer(815301076,1909f56bfc062723c751e8b465ee728b)  -> (artifact id: '04d9d15a8a5e91a1d6f5509ff3281e88') in 0.016672 seconds 
  Import took 0.022284 seconds .

========================================================================
Received Import Request.
  Time since last request: 0.000258 seconds.
  path: Assets/NanaeAdded/Food/yogurt.FBX
  artifactKey: Guid(1afd1833d5edaf6419570fb98bed2533) Importer(815301076,1909f56bfc062723c751e8b465ee728b)
Start importing Assets/NanaeAdded/Food/yogurt.FBX using Guid(1afd1833d5edaf6419570fb98bed2533) Importer(815301076,1909f56bfc062723c751e8b465ee728b)  -> (artifact id: 'a7b919d1cf907e95b6e927f2325dab94') in 0.017711 seconds 
  Import took 0.023710 seconds .

========================================================================
Received Import Request.
  Time since last request: 0.000262 seconds.
  path: Assets/NanaeAdded/Food/pea.FBX
  artifactKey: Guid(ee17f19b050fb2f4f8322e87ecfced8e) Importer(815301076,1909f56bfc062723c751e8b465ee728b)
Start importing Assets/NanaeAdded/Food/pea.FBX using Guid(ee17f19b050fb2f4f8322e87ecfced8e) Importer(815301076,1909f56bfc062723c751e8b465ee728b)  -> (artifact id: 'a4e27e7ba27c6e5301605b6f4be4af8a') in 0.017347 seconds 
  Import took 0.023681 seconds .

========================================================================
Received Import Request.
  Time since last request: 0.000336 seconds.
  path: Assets/NanaeAdded/Food/onion.FBX
  artifactKey: Guid(dc898d7128c93c34b8a99b201a7532d0) Importer(815301076,1909f56bfc062723c751e8b465ee728b)
Start importing Assets/NanaeAdded/Food/onion.FBX using Guid(dc898d7128c93c34b8a99b201a7532d0) Importer(815301076,1909f56bfc062723c751e8b465ee728b)  -> (artifact id: 'dd328bb09713beb6d16efbbd447e8c5a') in 0.017878 seconds 
  Import took 0.023872 seconds .

========================================================================
Received Import Request.
  Time since last request: 0.000230 seconds.
  path: Assets/NanaeAdded/Food/grape.FBX
  artifactKey: Guid(7b5ec5c57af98c349b22ae545a4a9fcd) Importer(815301076,1909f56bfc062723c751e8b465ee728b)
Start importing Assets/NanaeAdded/Food/grape.FBX using Guid(7b5ec5c57af98c349b22ae545a4a9fcd) Importer(815301076,1909f56bfc062723c751e8b465ee728b)  -> (artifact id: 'aaa4150641efc5a4a5ca993efc12335c') in 0.017546 seconds 
  Import took 0.023160 seconds .

========================================================================
Received Import Request.
  Time since last request: 0.000239 seconds.
  path: Assets/NanaeAdded/Food/orange.FBX
  artifactKey: Guid(f889d6e3d71e9c54eaf07783b7e5348c) Importer(815301076,1909f56bfc062723c751e8b465ee728b)
Start importing Assets/NanaeAdded/Food/orange.FBX using Guid(f889d6e3d71e9c54eaf07783b7e5348c) Importer(815301076,1909f56bfc062723c751e8b465ee728b)  -> (artifact id: '428597a9d8806ffdad1d5fb20fed1b6c') in 0.017312 seconds 
  Import took 0.023148 seconds .

========================================================================
Received Import Request.
  Time since last request: 0.000208 seconds.
  path: Assets/NanaeAdded/Food/ham.FBX
  artifactKey: Guid(612f08e447938e2458702979247cb8cc) Importer(815301076,1909f56bfc062723c751e8b465ee728b)
Start importing Assets/NanaeAdded/Food/ham.FBX using Guid(612f08e447938e2458702979247cb8cc) Importer(815301076,1909f56bfc062723c751e8b465ee728b)  -> (artifact id: '258271f4d38ff7c9c908fcb62a844859') in 0.016445 seconds 
  Import took 0.022436 seconds .

========================================================================
Received Import Request.
  Time since last request: 0.000225 seconds.
  path: Assets/NanaeAdded/Food/icecream.FBX
  artifactKey: Guid(6da9d5cde97ad394e97f1227e5fbf342) Importer(815301076,1909f56bfc062723c751e8b465ee728b)
Start importing Assets/NanaeAdded/Food/icecream.FBX using Guid(6da9d5cde97ad394e97f1227e5fbf342) Importer(815301076,1909f56bfc062723c751e8b465ee728b)  -> (artifact id: '30b724d9b377c447ba9a8a79a29d10d9') in 0.019745 seconds 
  Import took 0.025873 seconds .

========================================================================
Received Import Request.
  Time since last request: 0.000243 seconds.
  path: Assets/NanaeAdded/Food/cake.FBX
  artifactKey: Guid(7bbb3a38742169a4abd045d20e527d9d) Importer(815301076,1909f56bfc062723c751e8b465ee728b)
Start importing Assets/NanaeAdded/Food/cake.FBX using Guid(7bbb3a38742169a4abd045d20e527d9d) Importer(815301076,1909f56bfc062723c751e8b465ee728b)  -> (artifact id: 'ab2958e2d9b6aa62ad1a9615581a5bff') in 0.016401 seconds 
  Import took 0.022295 seconds .

========================================================================
Received Import Request.
  Time since last request: 0.000226 seconds.
  path: Assets/NanaeAdded/Food/carrot.FBX
  artifactKey: Guid(3882ee1bc1bdf284b8872917c3979145) Importer(815301076,1909f56bfc062723c751e8b465ee728b)
Start importing Assets/NanaeAdded/Food/carrot.FBX using Guid(3882ee1bc1bdf284b8872917c3979145) Importer(815301076,1909f56bfc062723c751e8b465ee728b)  -> (artifact id: '483ee4b39421502166b9be26a434326c') in 0.017465 seconds 
  Import took 0.023963 seconds .

========================================================================
Received Import Request.
  Time since last request: 0.000199 seconds.
  path: Assets/NanaeAdded/Food/Hambuger.FBX
  artifactKey: Guid(f9e7ed08898d80148b9f645cd07c8b8e) Importer(815301076,1909f56bfc062723c751e8b465ee728b)
Start importing Assets/NanaeAdded/Food/Hambuger.FBX using Guid(f9e7ed08898d80148b9f645cd07c8b8e) Importer(815301076,1909f56bfc062723c751e8b465ee728b)  -> (artifact id: '00c728a9c2ecb0c74387ac4b4c3cc804') in 0.017315 seconds 
  Import took 0.023693 seconds .

========================================================================
Received Import Request.
  Time since last request: 0.000184 seconds.
  path: Assets/NanaeAdded/Food/watermelon.FBX
  artifactKey: Guid(d9b493bbd86ef3443a770a279d0426a9) Importer(815301076,1909f56bfc062723c751e8b465ee728b)
Start importing Assets/NanaeAdded/Food/watermelon.FBX using Guid(d9b493bbd86ef3443a770a279d0426a9) Importer(815301076,1909f56bfc062723c751e8b465ee728b)  -> (artifact id: '3e950e8e5aad6a7103c1d81f47dcb007') in 0.016307 seconds 
  Import took 0.022241 seconds .

========================================================================
Received Import Request.
  Time since last request: 0.000220 seconds.
  path: Assets/NanaeAdded/Food/egg.FBX
  artifactKey: Guid(214315961896cb246a09ddccf67044d7) Importer(815301076,1909f56bfc062723c751e8b465ee728b)
Start importing Assets/NanaeAdded/Food/egg.FBX using Guid(214315961896cb246a09ddccf67044d7) Importer(815301076,1909f56bfc062723c751e8b465ee728b)  -> (artifact id: '2c9aa16b4a3cd30ac63b9611de8ce5cf') in 0.017332 seconds 
  Import took 0.023308 seconds .

========================================================================
Received Import Request.
  Time since last request: 0.000262 seconds.
  path: Assets/NanaeAdded/Food/kiwi.FBX
  artifactKey: Guid(944f91bda976fe544ac41f090012e16c) Importer(815301076,1909f56bfc062723c751e8b465ee728b)
Start importing Assets/NanaeAdded/Food/kiwi.FBX using Guid(944f91bda976fe544ac41f090012e16c) Importer(815301076,1909f56bfc062723c751e8b465ee728b)  -> (artifact id: 'c874f40deba624c11bf8f6855e02b591') in 0.017941 seconds 
  Import took 0.025070 seconds .

========================================================================
Received Import Request.
  Time since last request: 0.000189 seconds.
  path: Assets/NanaeAdded/Food/cherry.FBX
  artifactKey: Guid(93b3b0626c40d3445a72c4ceab70561b) Importer(815301076,1909f56bfc062723c751e8b465ee728b)
Start importing Assets/NanaeAdded/Food/cherry.FBX using Guid(93b3b0626c40d3445a72c4ceab70561b) Importer(815301076,1909f56bfc062723c751e8b465ee728b)  -> (artifact id: 'd3f612aca0c877ad5c758e6681d67ace') in 0.018995 seconds 
  Import took 0.024862 seconds .

========================================================================
Received Import Request.
  Time since last request: 0.000259 seconds.
  path: Assets/NanaeAdded/Food/pumpkin.FBX
  artifactKey: Guid(e0104657a83d1374b8e7cda818970954) Importer(815301076,1909f56bfc062723c751e8b465ee728b)
Start importing Assets/NanaeAdded/Food/pumpkin.FBX using Guid(e0104657a83d1374b8e7cda818970954) Importer(815301076,1909f56bfc062723c751e8b465ee728b)  -> (artifact id: 'ac0640cd7b07fa3ab16d88428bb346db') in 0.018190 seconds 
  Import took 0.024303 seconds .

========================================================================
Received Import Request.
  Time since last request: 0.000212 seconds.
  path: Assets/NanaeAdded/Food/tomato.FBX
  artifactKey: Guid(292237ffd3dc1444c828be3c90e1d862) Importer(815301076,1909f56bfc062723c751e8b465ee728b)
Start importing Assets/NanaeAdded/Food/tomato.FBX using Guid(292237ffd3dc1444c828be3c90e1d862) Importer(815301076,1909f56bfc062723c751e8b465ee728b)  -> (artifact id: '777a00f570852530be36abf78221f759') in 0.018037 seconds 
  Import took 0.023599 seconds .

========================================================================
Received Import Request.
  Time since last request: 0.000229 seconds.
  path: Assets/NanaeAdded/Food/waffle.FBX
  artifactKey: Guid(5a5788db97aee9d4fa6e7b9c436e11f2) Importer(815301076,1909f56bfc062723c751e8b465ee728b)
Start importing Assets/NanaeAdded/Food/waffle.FBX using Guid(5a5788db97aee9d4fa6e7b9c436e11f2) Importer(815301076,1909f56bfc062723c751e8b465ee728b)  -> (artifact id: '9e6cd671ead8f7f89aa84aee3f808aaf') in 0.017419 seconds 
  Import took 0.023139 seconds .

========================================================================
Received Import Request.
  Time since last request: 0.000241 seconds.
  path: Assets/NanaeAdded/Food/yam.FBX
  artifactKey: Guid(8ae8faf07ac912643bcf8a162a6d03ae) Importer(815301076,1909f56bfc062723c751e8b465ee728b)
Start importing Assets/NanaeAdded/Food/yam.FBX using Guid(8ae8faf07ac912643bcf8a162a6d03ae) Importer(815301076,1909f56bfc062723c751e8b465ee728b)  -> (artifact id: '6fa0139f7c5896f0449f4f3eee09a645') in 0.017308 seconds 
  Import took 0.022975 seconds .

========================================================================
Received Import Request.
  Time since last request: 0.000223 seconds.
  path: Assets/NanaeAdded/Food/garlic.FBX
  artifactKey: Guid(643b9bf033a68bd4fb7df391ed53589a) Importer(815301076,1909f56bfc062723c751e8b465ee728b)
Start importing Assets/NanaeAdded/Food/garlic.FBX using Guid(643b9bf033a68bd4fb7df391ed53589a) Importer(815301076,1909f56bfc062723c751e8b465ee728b)  -> (artifact id: '2bfb8fad5e19b3cbe21c7f3e970dc45d') in 0.019370 seconds 
  Import took 0.024761 seconds .

========================================================================
Received Import Request.
  Time since last request: 0.000191 seconds.
  path: Assets/NanaeAdded/Food/lemon.FBX
  artifactKey: Guid(c7babd0d9f849c9449d1c29e86f6245f) Importer(815301076,1909f56bfc062723c751e8b465ee728b)
Start importing Assets/NanaeAdded/Food/lemon.FBX using Guid(c7babd0d9f849c9449d1c29e86f6245f) Importer(815301076,1909f56bfc062723c751e8b465ee728b)  -> (artifact id: '5ed5624bb0dfba3b65f2976c380c4c52') in 0.018901 seconds 
  Import took 0.024623 seconds .

========================================================================
Received Import Request.
  Time since last request: 25.850421 seconds.
  path: Assets/Scenes/1HoleScene.unity
  artifactKey: Guid(1fa1c7d093f5434408b7570b9d19ae68) Importer(815301076,1909f56bfc062723c751e8b465ee728b)
Start importing Assets/Scenes/1HoleScene.unity using Guid(1fa1c7d093f5434408b7570b9d19ae68) Importer(815301076,1909f56bfc062723c751e8b465ee728b)  -> (artifact id: '2998a0b76f27d86adfba81bfbd9b2229') in 0.003580 seconds 
  Import took 0.009638 seconds .

========================================================================
Received Import Request.
  Time since last request: 39.279679 seconds.
  path: Assets/Samples/Terrain Tools/0.1.0-preview/Terrain Assets/TerrainBrushes/terrainstamp_volcano01.brush
  artifactKey: Guid(e5a2f11e9d7a4da4caf17b3e59800215) Importer(815301076,1909f56bfc062723c751e8b465ee728b)
Start importing Assets/Samples/Terrain Tools/0.1.0-preview/Terrain Assets/TerrainBrushes/terrainstamp_volcano01.brush using Guid(e5a2f11e9d7a4da4caf17b3e59800215) Importer(815301076,1909f56bfc062723c751e8b465ee728b)  -> (artifact id: '5c4afe532741b85cbe2a41945d74c4b2') in 0.030977 seconds 
  Import took 0.037222 seconds .

========================================================================
Received Import Request.
  Time since last request: 0.033634 seconds.
  path: Assets/Samples/Terrain Tools/0.1.0-preview/Terrain Assets/TerrainBrushes/terrainstamp_volcano01.brush
  artifactKey: Guid(e5a2f11e9d7a4da4caf17b3e59800215) Importer(815301076,1909f56bfc062723c751e8b465ee728b)
Start importing Assets/Samples/Terrain Tools/0.1.0-preview/Terrain Assets/TerrainBrushes/terrainstamp_volcano01.brush using Guid(e5a2f11e9d7a4da4caf17b3e59800215) Importer(815301076,1909f56bfc062723c751e8b465ee728b)  -> (artifact id: '5c4afe532741b85cbe2a41945d74c4b2') in 0.015893 seconds 
  Import took 0.022121 seconds .

AssetImportWorkerClient::OnTransportError - code=2 error=End of file
