Using pre-set license
Built from '2020.3/staging' branch; Version is '2020.3.17f1 (a4537701e4ab) revision 10769271'; Using compiler version '192528614'; Build Type 'Release'
OS: 'Windows 10 Pro; OS build 19042.1348; Version 2009; 64bit' Language: 'en' Physical Memory: 16315 MB
BatchMode: 1, IsHumanControllingUs: 0, StartBugReporterOnCrash: 0, Is64bit: 1, IsPro: 0

COMMAND LINE ARGUMENTS:
C:\Program Files\Unity\Hub\Editor\2020.3.17f1\Editor\Unity.exe
-adb2
-batchMode
-noUpm
-name
AssetImportWorker0
-projectPath
D:/Study/Y2S1/midterm/ARVR/Unity/Alice1.2/Alice1
-logFile
Logs/AssetImportWorker0.log
-srvPort
63704
Successfully changed project path to: D:/Study/Y2S1/midterm/ARVR/Unity/Alice1.2/Alice1
D:/Study/Y2S1/midterm/ARVR/Unity/Alice1.2/Alice1
Using Asset Import Pipeline V2.
Refreshing native plugins compatible for Editor in 62.94 ms, found 2 plugins.
Preloading 0 native plugins for Editor in 0.00 ms.
Initialize engine version: 2020.3.17f1 (a4537701e4ab)
[Subsystems] Discovering subsystems at path C:/Program Files/Unity/Hub/Editor/2020.3.17f1/Editor/Data/Resources/UnitySubsystems
[Subsystems] Discovering subsystems at path D:/Study/Y2S1/midterm/ARVR/Unity/Alice1.2/Alice1/Assets
GfxDevice: creating device client; threaded=0
Direct3D:
    Version:  Direct3D 11.0 [level 11.1]
    Renderer: NVIDIA GeForce GTX 1650 (ID=0x1f82)
    Vendor:   
    VRAM:     3962 MB
    Driver:   27.21.14.5671
Initialize mono
Mono path[0] = 'C:/Program Files/Unity/Hub/Editor/2020.3.17f1/Editor/Data/Managed'
Mono path[1] = 'C:/Program Files/Unity/Hub/Editor/2020.3.17f1/Editor/Data/MonoBleedingEdge/lib/mono/unityjit'
Mono config path = 'C:/Program Files/Unity/Hub/Editor/2020.3.17f1/Editor/Data/MonoBleedingEdge/etc'
Using monoOptions --debugger-agent=transport=dt_socket,embedding=1,server=y,suspend=n,address=127.0.0.1:56252
Begin MonoManager ReloadAssembly
Registering precompiled unity dll's ...
Register platform support module: C:/Program Files/Unity/Hub/Editor/2020.3.17f1/Editor/Data/PlaybackEngines/WebGLSupport/UnityEditor.WebGL.Extensions.dll
Register platform support module: C:/Program Files/Unity/Hub/Editor/2020.3.17f1/Editor/Data/PlaybackEngines/WindowsStandaloneSupport/UnityEditor.WindowsStandalone.Extensions.dll
Registered in 0.002501 seconds.
Native extension for WindowsStandalone target not found
Native extension for WebGL target not found
Refreshing native plugins compatible for Editor in 66.01 ms, found 2 plugins.
Preloading 0 native plugins for Editor in 0.00 ms.
Mono: successfully reloaded assembly
- Completed reload, in  1.062 seconds
Domain Reload Profiling:
	ReloadAssembly (1063ms)
		BeginReloadAssembly (46ms)
			ExecutionOrderSort (0ms)
			DisableScriptedObjects (0ms)
			BackupInstance (0ms)
			ReleaseScriptingObjects (0ms)
			CreateAndSetChildDomain (1ms)
		EndReloadAssembly (372ms)
			LoadAssemblies (44ms)
			RebuildTransferFunctionScriptingTraits (0ms)
			SetupTypeCache (122ms)
			ReleaseScriptCaches (0ms)
			RebuildScriptCaches (25ms)
			SetupLoadedEditorAssemblies (166ms)
				LogAssemblyErrors (0ms)
				InitializePlatformSupportModulesInManaged (4ms)
				SetLoadedEditorAssemblies (0ms)
				RefreshPlugins (66ms)
				BeforeProcessingInitializeOnLoad (8ms)
				ProcessInitializeOnLoadAttributes (64ms)
				ProcessInitializeOnLoadMethodAttributes (23ms)
				AfterProcessingInitializeOnLoad (0ms)
				EditorAssembliesLoaded (0ms)
			ExecutionOrderSort2 (0ms)
			AwakeInstancesAfterBackupRestoration (0ms)
Platform modules already initialized, skipping
Registering precompiled user dll's ...
Registered in 0.003118 seconds.
Begin MonoManager ReloadAssembly
Native extension for WindowsStandalone target not found
Native extension for WebGL target not found
Refreshing native plugins compatible for Editor in 68.55 ms, found 2 plugins.
Preloading 0 native plugins for Editor in 0.00 ms.
Mono: successfully reloaded assembly
- Completed reload, in  1.407 seconds
Domain Reload Profiling:
	ReloadAssembly (1408ms)
		BeginReloadAssembly (145ms)
			ExecutionOrderSort (0ms)
			DisableScriptedObjects (4ms)
			BackupInstance (0ms)
			ReleaseScriptingObjects (0ms)
			CreateAndSetChildDomain (18ms)
		EndReloadAssembly (1201ms)
			LoadAssemblies (83ms)
			RebuildTransferFunctionScriptingTraits (0ms)
			SetupTypeCache (306ms)
			ReleaseScriptCaches (1ms)
			RebuildScriptCaches (67ms)
			SetupLoadedEditorAssemblies (623ms)
				LogAssemblyErrors (0ms)
				InitializePlatformSupportModulesInManaged (4ms)
				SetLoadedEditorAssemblies (0ms)
				RefreshPlugins (69ms)
				BeforeProcessingInitializeOnLoad (85ms)
				ProcessInitializeOnLoadAttributes (447ms)
				ProcessInitializeOnLoadMethodAttributes (8ms)
				AfterProcessingInitializeOnLoad (9ms)
				EditorAssembliesLoaded (0ms)
			ExecutionOrderSort2 (0ms)
			AwakeInstancesAfterBackupRestoration (7ms)
Platform modules already initialized, skipping
========================================================================
Worker process is ready to serve import requests
Launched and connected shader compiler UnityShaderCompiler.exe after 0.06 seconds
Refreshing native plugins compatible for Editor in 1.24 ms, found 2 plugins.
Preloading 0 native plugins for Editor in 0.00 ms.
Unloading 3388 Unused Serialized files (Serialized files now loaded: 0)
System memory in use before: 208.0 MB.
System memory in use after: 208.1 MB.

Unloading 32 unused Assets to reduce memory usage. Loaded Objects now: 3867.
Total: 3.693900 ms (FindLiveObjects: 0.414600 ms CreateObjectMapping: 0.089700 ms MarkObjects: 2.998200 ms  DeleteObjects: 0.190600 ms)

AssetImportParameters requested are different than current active one (requested -> active):
  custom:framework-win-MediaFoundation: 216162199b28c13a410421893ffa2e32 -> 
  custom:video-decoder-ogg-theora: a1e56fd34408186e4bbccfd4996cb3dc -> 
  custom:container-muxer-webm: aa71ff27fc2769a1b78a27578f13a17b -> 
  custom:container-demuxer-webm: 4f35f7cbe854078d1ac9338744f61a02 -> 
  custom:container-demuxer-ogg: 62fdf1f143b41e24485cea50d1cbac27 -> 
  custom:video-encoder-webm-vp8: eb34c28f22e8b96e1ab97ce403110664 -> 
  custom:video-decoder-webm-vp8: 9c59270c3fd7afecdb556c50c9e8de78 -> 
  custom:audio-decoder-ogg-vorbis: bf7c407c2cedff20999df2af8eb42d56 -> 
  custom:audio-encoder-webm-vorbis: bf7c407c2cedff20999df2af8eb42d56 -> 
========================================================================
Received Import Request.
  path: Assets/Vein/UniversalRenderPipelineAsset_Renderer.asset
  artifactKey: Guid(f24d9fce4e102ce4d98e76d57c65b6d6) Importer(815301076,1909f56bfc062723c751e8b465ee728b)
Start importing Assets/Vein/UniversalRenderPipelineAsset_Renderer.asset using Guid(f24d9fce4e102ce4d98e76d57c65b6d6) Importer(815301076,1909f56bfc062723c751e8b465ee728b)  -> (artifact id: '1b25abe449d762dfd5af52f34bfeab84') in 0.034757 seconds 
  Import took 0.054875 seconds .

========================================================================
Received Import Request.
  Time since last request: 0.000264 seconds.
  path: Assets/Vein/UniversalRenderPipelineAsset.asset
  artifactKey: Guid(54fb04a57d91ab24091353f285265856) Importer(815301076,1909f56bfc062723c751e8b465ee728b)
Start importing Assets/Vein/UniversalRenderPipelineAsset.asset using Guid(54fb04a57d91ab24091353f285265856) Importer(815301076,1909f56bfc062723c751e8b465ee728b)  -> (artifact id: '67e08bca3afa6dfe9b91221aa6d4a755') in 0.006841 seconds 
  Import took 0.027176 seconds .

========================================================================
Received Prepare
Registering precompiled user dll's ...
Registered in 0.003577 seconds.
Begin MonoManager ReloadAssembly
Native extension for WindowsStandalone target not found
Native extension for WebGL target not found
Refreshing native plugins compatible for Editor in 0.92 ms, found 2 plugins.
Preloading 0 native plugins for Editor in 0.00 ms.
Mono: successfully reloaded assembly
- Completed reload, in  1.198 seconds
Domain Reload Profiling:
	ReloadAssembly (1198ms)
		BeginReloadAssembly (118ms)
			ExecutionOrderSort (0ms)
			DisableScriptedObjects (3ms)
			BackupInstance (0ms)
			ReleaseScriptingObjects (0ms)
			CreateAndSetChildDomain (38ms)
		EndReloadAssembly (1009ms)
			LoadAssemblies (88ms)
			RebuildTransferFunctionScriptingTraits (0ms)
			SetupTypeCache (281ms)
			ReleaseScriptCaches (2ms)
			RebuildScriptCaches (40ms)
			SetupLoadedEditorAssemblies (505ms)
				LogAssemblyErrors (0ms)
				InitializePlatformSupportModulesInManaged (4ms)
				SetLoadedEditorAssemblies (0ms)
				RefreshPlugins (1ms)
				BeforeProcessingInitializeOnLoad (60ms)
				ProcessInitializeOnLoadAttributes (425ms)
				ProcessInitializeOnLoadMethodAttributes (7ms)
				AfterProcessingInitializeOnLoad (7ms)
				EditorAssembliesLoaded (0ms)
			ExecutionOrderSort2 (0ms)
			AwakeInstancesAfterBackupRestoration (8ms)
Platform modules already initialized, skipping
Refreshing native plugins compatible for Editor in 0.81 ms, found 2 plugins.
Preloading 0 native plugins for Editor in 0.00 ms.
Unloading 3219 Unused Serialized files (Serialized files now loaded: 0)
System memory in use before: 194.8 MB.
System memory in use after: 194.9 MB.

Unloading 17 unused Assets to reduce memory usage. Loaded Objects now: 3871.
Total: 3.362000 ms (FindLiveObjects: 0.330400 ms CreateObjectMapping: 0.098300 ms MarkObjects: 2.762900 ms  DeleteObjects: 0.169400 ms)

AssetImportParameters requested are different than current active one (requested -> active):
  custom:framework-win-MediaFoundation: 216162199b28c13a410421893ffa2e32 -> 
  custom:video-decoder-ogg-theora: a1e56fd34408186e4bbccfd4996cb3dc -> 
  custom:container-muxer-webm: aa71ff27fc2769a1b78a27578f13a17b -> 
  custom:container-demuxer-webm: 4f35f7cbe854078d1ac9338744f61a02 -> 
  custom:container-demuxer-ogg: 62fdf1f143b41e24485cea50d1cbac27 -> 
  custom:video-encoder-webm-vp8: eb34c28f22e8b96e1ab97ce403110664 -> 
  custom:video-decoder-webm-vp8: 9c59270c3fd7afecdb556c50c9e8de78 -> 
  custom:audio-decoder-ogg-vorbis: bf7c407c2cedff20999df2af8eb42d56 -> 
  custom:audio-encoder-webm-vorbis: bf7c407c2cedff20999df2af8eb42d56 -> 
========================================================================
Received Import Request.
  Time since last request: 8.625253 seconds.
  path: Assets/NanaeAdded/RPG Food & Drinks Pack/Assets
  artifactKey: Guid(62c2b3301f9cecf45bb82e7933403b88) Importer(815301076,1909f56bfc062723c751e8b465ee728b)
Start importing Assets/NanaeAdded/RPG Food & Drinks Pack/Assets using Guid(62c2b3301f9cecf45bb82e7933403b88) Importer(815301076,1909f56bfc062723c751e8b465ee728b)  -> (artifact id: 'd049786a69d5222ef000d176f9a7b27e') in 0.008816 seconds 
  Import took 0.048080 seconds .

========================================================================
Received Import Request.
  Time since last request: 1.623923 seconds.
  path: Assets/NanaeAdded/RPG Food & Drinks Pack/Assets/Prefabs
  artifactKey: Guid(ae437f37fb44b8f44a518eba8d68cd8f) Importer(815301076,1909f56bfc062723c751e8b465ee728b)
Start importing Assets/NanaeAdded/RPG Food & Drinks Pack/Assets/Prefabs using Guid(ae437f37fb44b8f44a518eba8d68cd8f) Importer(815301076,1909f56bfc062723c751e8b465ee728b)  -> (artifact id: '2e45237e7a874985bdbcbd4f1ae129c7') in 0.004757 seconds 
  Import took 0.012927 seconds .

========================================================================
Received Import Request.
  Time since last request: 0.047348 seconds.
  path: Assets/NanaeAdded/RPG Food & Drinks Pack/Assets/Prefabs/Beer.prefab
  artifactKey: Guid(adc1f0e5c2a025b488cad3fb21d4f3b6) Importer(815301076,1909f56bfc062723c751e8b465ee728b)
Start importing Assets/NanaeAdded/RPG Food & Drinks Pack/Assets/Prefabs/Beer.prefab using Guid(adc1f0e5c2a025b488cad3fb21d4f3b6) Importer(815301076,1909f56bfc062723c751e8b465ee728b)  -> (artifact id: '9c74af5016cd87f7959b22647fb8e39d') in 0.183067 seconds 
  Import took 0.188690 seconds .

========================================================================
Received Import Request.
  Time since last request: 0.000198 seconds.
  path: Assets/NanaeAdded/RPG Food & Drinks Pack/Assets/Prefabs/Cheese.prefab
  artifactKey: Guid(9e67197f1a146e245876cb153e7385fd) Importer(815301076,1909f56bfc062723c751e8b465ee728b)
Start importing Assets/NanaeAdded/RPG Food & Drinks Pack/Assets/Prefabs/Cheese.prefab using Guid(9e67197f1a146e245876cb153e7385fd) Importer(815301076,1909f56bfc062723c751e8b465ee728b)  -> (artifact id: 'fc76dd1a4b1623a73422ad4e118de2c0') in 0.013467 seconds 
  Import took 0.027952 seconds .

========================================================================
Received Import Request.
  Time since last request: 0.000207 seconds.
  path: Assets/NanaeAdded/RPG Food & Drinks Pack/Assets/Prefabs/WineBottle.prefab
  artifactKey: Guid(4d53eec46a23f5e49bce705206cfccb8) Importer(815301076,1909f56bfc062723c751e8b465ee728b)
Start importing Assets/NanaeAdded/RPG Food & Drinks Pack/Assets/Prefabs/WineBottle.prefab using Guid(4d53eec46a23f5e49bce705206cfccb8) Importer(815301076,1909f56bfc062723c751e8b465ee728b)  -> (artifact id: '8df9e266adace4291bd6472253d0bf2d') in 0.042977 seconds 
  Import took 0.061403 seconds .

========================================================================
Received Import Request.
  Time since last request: 0.000196 seconds.
  path: Assets/NanaeAdded/RPG Food & Drinks Pack/Assets/Prefabs/Pie.prefab
  artifactKey: Guid(a7ad2ea77ce8b7046997418d2425deb3) Importer(815301076,1909f56bfc062723c751e8b465ee728b)
Start importing Assets/NanaeAdded/RPG Food & Drinks Pack/Assets/Prefabs/Pie.prefab using Guid(a7ad2ea77ce8b7046997418d2425deb3) Importer(815301076,1909f56bfc062723c751e8b465ee728b)  -> (artifact id: 'a7a99db85c71055f6a38dca70509d0b3') in 0.013222 seconds 
  Import took 0.030458 seconds .

========================================================================
Received Import Request.
  Time since last request: 0.000220 seconds.
  path: Assets/NanaeAdded/RPG Food & Drinks Pack/Assets/Prefabs/PotionBig.prefab
  artifactKey: Guid(f16e0d712129f7b4abba89bfd58e985b) Importer(815301076,1909f56bfc062723c751e8b465ee728b)
Start importing Assets/NanaeAdded/RPG Food & Drinks Pack/Assets/Prefabs/PotionBig.prefab using Guid(f16e0d712129f7b4abba89bfd58e985b) Importer(815301076,1909f56bfc062723c751e8b465ee728b)  -> (artifact id: '964198aa0ba86dcf0eabb1a7d29e410c') in 0.012533 seconds 
  Import took 0.035959 seconds .

========================================================================
Received Import Request.
  Time since last request: 0.000209 seconds.
  path: Assets/NanaeAdded/RPG Food & Drinks Pack/Assets/Prefabs/Bread.prefab
  artifactKey: Guid(e6002bc2297e85f4d9fc76b8248feb5a) Importer(815301076,1909f56bfc062723c751e8b465ee728b)
Start importing Assets/NanaeAdded/RPG Food & Drinks Pack/Assets/Prefabs/Bread.prefab using Guid(e6002bc2297e85f4d9fc76b8248feb5a) Importer(815301076,1909f56bfc062723c751e8b465ee728b)  -> (artifact id: 'a2a5b6e9eff86b1fde480b2d33cb01d3') in 0.012190 seconds 
  Import took 0.017439 seconds .

========================================================================
Received Import Request.
  Time since last request: 0.000207 seconds.
  path: Assets/NanaeAdded/RPG Food & Drinks Pack/Assets/Prefabs/Fish.prefab
  artifactKey: Guid(1cc7cbbec1f220841a9ed6c3046dddfb) Importer(815301076,1909f56bfc062723c751e8b465ee728b)
Start importing Assets/NanaeAdded/RPG Food & Drinks Pack/Assets/Prefabs/Fish.prefab using Guid(1cc7cbbec1f220841a9ed6c3046dddfb) Importer(815301076,1909f56bfc062723c751e8b465ee728b)  -> (artifact id: '842e307b59863fbaaa14af47fa21cc3b') in 0.015244 seconds 
  Import took 0.036408 seconds .

========================================================================
Received Import Request.
  Time since last request: 0.000223 seconds.
  path: Assets/NanaeAdded/RPG Food & Drinks Pack/Assets/Prefabs/PotionSmall.prefab
  artifactKey: Guid(bf1067ac4cce904429196bd5902ef4c2) Importer(815301076,1909f56bfc062723c751e8b465ee728b)
Start importing Assets/NanaeAdded/RPG Food & Drinks Pack/Assets/Prefabs/PotionSmall.prefab using Guid(bf1067ac4cce904429196bd5902ef4c2) Importer(815301076,1909f56bfc062723c751e8b465ee728b)  -> (artifact id: 'e11753ba0eda5c8868d0ae16a27340d8') in 0.012551 seconds 
  Import took 0.036633 seconds .

========================================================================
Received Import Request.
  Time since last request: 0.000208 seconds.
  path: Assets/NanaeAdded/RPG Food & Drinks Pack/Assets/Prefabs/Ribs.prefab
  artifactKey: Guid(47da0668706b5f54483e2e89a36e774e) Importer(815301076,1909f56bfc062723c751e8b465ee728b)
Start importing Assets/NanaeAdded/RPG Food & Drinks Pack/Assets/Prefabs/Ribs.prefab using Guid(47da0668706b5f54483e2e89a36e774e) Importer(815301076,1909f56bfc062723c751e8b465ee728b)  -> (artifact id: '53a66d3a1af976d710bc65e269aee5d5') in 0.012231 seconds 
  Import took 0.045065 seconds .

========================================================================
Received Import Request.
  Time since last request: 0.000183 seconds.
  path: Assets/NanaeAdded/RPG Food & Drinks Pack/Assets/Prefabs/WineJug.prefab
  artifactKey: Guid(111549fa332d30b4d93ee7a79fca0218) Importer(815301076,1909f56bfc062723c751e8b465ee728b)
Start importing Assets/NanaeAdded/RPG Food & Drinks Pack/Assets/Prefabs/WineJug.prefab using Guid(111549fa332d30b4d93ee7a79fca0218) Importer(815301076,1909f56bfc062723c751e8b465ee728b)  -> (artifact id: 'bf69a71cb06729a70cef6ab426fee534') in 0.013059 seconds 
  Import took 0.028580 seconds .

========================================================================
Received Import Request.
  Time since last request: 0.000225 seconds.
  path: Assets/NanaeAdded/RPG Food & Drinks Pack/Assets/Prefabs/Stew.prefab
  artifactKey: Guid(fcb2c2b33094cf54591f330bc73def25) Importer(815301076,1909f56bfc062723c751e8b465ee728b)
Start importing Assets/NanaeAdded/RPG Food & Drinks Pack/Assets/Prefabs/Stew.prefab using Guid(fcb2c2b33094cf54591f330bc73def25) Importer(815301076,1909f56bfc062723c751e8b465ee728b)  -> (artifact id: 'cb3d2af821b39839e81e71939253bdee') in 0.012775 seconds 
  Import took 0.031300 seconds .

========================================================================
Received Import Request.
  Time since last request: 0.000204 seconds.
  path: Assets/NanaeAdded/RPG Food & Drinks Pack/Assets/Prefabs/Watermelon.prefab
  artifactKey: Guid(67d272003e829744b87737100e2371ca) Importer(815301076,1909f56bfc062723c751e8b465ee728b)
Start importing Assets/NanaeAdded/RPG Food & Drinks Pack/Assets/Prefabs/Watermelon.prefab using Guid(67d272003e829744b87737100e2371ca) Importer(815301076,1909f56bfc062723c751e8b465ee728b)  -> (artifact id: '9b0bde224cfa61a4b231439d6beff42b') in 0.014054 seconds 
  Import took 0.025801 seconds .

========================================================================
Received Import Request.
  Time since last request: 0.000197 seconds.
  path: Assets/NanaeAdded/RPG Food & Drinks Pack/Assets/Prefabs/Cake.prefab
  artifactKey: Guid(3c4c5d66cf736c149bcf5c93ea5603fa) Importer(815301076,1909f56bfc062723c751e8b465ee728b)
Start importing Assets/NanaeAdded/RPG Food & Drinks Pack/Assets/Prefabs/Cake.prefab using Guid(3c4c5d66cf736c149bcf5c93ea5603fa) Importer(815301076,1909f56bfc062723c751e8b465ee728b)  -> (artifact id: '01bc0662c5e3c2d2d23a51ca7ab63d56') in 0.012995 seconds 
  Import took 0.017770 seconds .

========================================================================
Received Import Request.
  Time since last request: 0.000263 seconds.
  path: Assets/NanaeAdded/RPG Food & Drinks Pack/Assets/Prefabs/Ham.prefab
  artifactKey: Guid(b5633769281ca0940b368cbed17b7ec0) Importer(815301076,1909f56bfc062723c751e8b465ee728b)
Start importing Assets/NanaeAdded/RPG Food & Drinks Pack/Assets/Prefabs/Ham.prefab using Guid(b5633769281ca0940b368cbed17b7ec0) Importer(815301076,1909f56bfc062723c751e8b465ee728b)  -> (artifact id: '982bddb1726bc8d77d4c062dc0c30b3d') in 0.013186 seconds 
  Import took 0.030133 seconds .

========================================================================
Received Import Request.
  Time since last request: 0.000225 seconds.
  path: Assets/NanaeAdded/RPG Food & Drinks Pack/Assets/Prefabs/Steak.prefab
  artifactKey: Guid(dfca154787e1ae143bb61db3e936f56c) Importer(815301076,1909f56bfc062723c751e8b465ee728b)
Start importing Assets/NanaeAdded/RPG Food & Drinks Pack/Assets/Prefabs/Steak.prefab using Guid(dfca154787e1ae143bb61db3e936f56c) Importer(815301076,1909f56bfc062723c751e8b465ee728b)  -> (artifact id: '45fe1d9d560750f4f24ef92113440b85') in 0.012337 seconds 
  Import took 0.017382 seconds .

========================================================================
Received Import Request.
  Time since last request: 12.819002 seconds.
  path: Assets/NanaeAdded/RPG Food & Drinks Pack
  artifactKey: Guid(6449113b33a57604b935042a1fdc763d) Importer(815301076,1909f56bfc062723c751e8b465ee728b)
Start importing Assets/NanaeAdded/RPG Food & Drinks Pack using Guid(6449113b33a57604b935042a1fdc763d) Importer(815301076,1909f56bfc062723c751e8b465ee728b)  -> (artifact id: 'e89954b3f8f2609c8ab26ae01159bff6') in 0.005142 seconds 
  Import took 0.020107 seconds .

========================================================================
Received Prepare
Registering precompiled user dll's ...
Registered in 0.003459 seconds.
Begin MonoManager ReloadAssembly
Native extension for WindowsStandalone target not found
Native extension for WebGL target not found
Refreshing native plugins compatible for Editor in 1.52 ms, found 2 plugins.
Preloading 0 native plugins for Editor in 0.00 ms.
Mono: successfully reloaded assembly
- Completed reload, in  1.360 seconds
Domain Reload Profiling:
	ReloadAssembly (1360ms)
		BeginReloadAssembly (140ms)
			ExecutionOrderSort (0ms)
			DisableScriptedObjects (6ms)
			BackupInstance (0ms)
			ReleaseScriptingObjects (0ms)
			CreateAndSetChildDomain (48ms)
		EndReloadAssembly (1156ms)
			LoadAssemblies (86ms)
			RebuildTransferFunctionScriptingTraits (0ms)
			SetupTypeCache (311ms)
			ReleaseScriptCaches (1ms)
			RebuildScriptCaches (41ms)
			SetupLoadedEditorAssemblies (576ms)
				LogAssemblyErrors (0ms)
				InitializePlatformSupportModulesInManaged (6ms)
				SetLoadedEditorAssemblies (1ms)
				RefreshPlugins (2ms)
				BeforeProcessingInitializeOnLoad (73ms)
				ProcessInitializeOnLoadAttributes (478ms)
				ProcessInitializeOnLoadMethodAttributes (8ms)
				AfterProcessingInitializeOnLoad (8ms)
				EditorAssembliesLoaded (0ms)
			ExecutionOrderSort2 (0ms)
			AwakeInstancesAfterBackupRestoration (14ms)
Platform modules already initialized, skipping
Refreshing native plugins compatible for Editor in 0.85 ms, found 2 plugins.
Preloading 0 native plugins for Editor in 0.00 ms.
Unloading 3215 Unused Serialized files (Serialized files now loaded: 0)
System memory in use before: 200.1 MB.
System memory in use after: 200.2 MB.

Unloading 19 unused Assets to reduce memory usage. Loaded Objects now: 3916.
Total: 3.626500 ms (FindLiveObjects: 0.435900 ms CreateObjectMapping: 0.096700 ms MarkObjects: 2.913100 ms  DeleteObjects: 0.179000 ms)

AssetImportParameters requested are different than current active one (requested -> active):
  custom:framework-win-MediaFoundation: 216162199b28c13a410421893ffa2e32 -> 
  custom:video-decoder-ogg-theora: a1e56fd34408186e4bbccfd4996cb3dc -> 
  custom:container-muxer-webm: aa71ff27fc2769a1b78a27578f13a17b -> 
  custom:container-demuxer-webm: 4f35f7cbe854078d1ac9338744f61a02 -> 
  custom:container-demuxer-ogg: 62fdf1f143b41e24485cea50d1cbac27 -> 
  custom:video-encoder-webm-vp8: eb34c28f22e8b96e1ab97ce403110664 -> 
  custom:video-decoder-webm-vp8: 9c59270c3fd7afecdb556c50c9e8de78 -> 
  custom:audio-decoder-ogg-vorbis: bf7c407c2cedff20999df2af8eb42d56 -> 
  custom:audio-encoder-webm-vorbis: bf7c407c2cedff20999df2af8eb42d56 -> 
========================================================================
Received Import Request.
  Time since last request: 285.996643 seconds.
  path: Assets/_TerrainAutoUpgrade/layer_Grass_flowerse32965c36f070e45.terrainlayer
  artifactKey: Guid(428606d43230fbd4383560cf3d0c6da2) Importer(815301076,1909f56bfc062723c751e8b465ee728b)
Start importing Assets/_TerrainAutoUpgrade/layer_Grass_flowerse32965c36f070e45.terrainlayer using Guid(428606d43230fbd4383560cf3d0c6da2) Importer(815301076,1909f56bfc062723c751e8b465ee728b)  -> (artifact id: '6409c714cfb9c3bcdd5848537812dd17') in 0.065596 seconds 
  Import took 0.081711 seconds .

========================================================================
Received Import Request.
  Time since last request: 0.000212 seconds.
  path: Assets/_TerrainAutoUpgrade/layer_GrassUV01GrassUV01_Nd668f1e20ece139b.terrainlayer
  artifactKey: Guid(bdbe868d51b32ec40aafe0a50e11668e) Importer(815301076,1909f56bfc062723c751e8b465ee728b)
Start importing Assets/_TerrainAutoUpgrade/layer_GrassUV01GrassUV01_Nd668f1e20ece139b.terrainlayer using Guid(bdbe868d51b32ec40aafe0a50e11668e) Importer(815301076,1909f56bfc062723c751e8b465ee728b)  -> (artifact id: 'b0261f25c7a8d59db47dd4319b940084') in 0.926366 seconds 
  Import took 0.948391 seconds .

========================================================================
Received Import Request.
  Time since last request: 0.000202 seconds.
  path: Assets/_TerrainAutoUpgrade/layer_Stonecc0f254a2c535401.terrainlayer
  artifactKey: Guid(95296e86566e72548b7fedaf0a8a35ed) Importer(815301076,1909f56bfc062723c751e8b465ee728b)
Start importing Assets/_TerrainAutoUpgrade/layer_Stonecc0f254a2c535401.terrainlayer using Guid(95296e86566e72548b7fedaf0a8a35ed) Importer(815301076,1909f56bfc062723c751e8b465ee728b)  -> (artifact id: 'b7449aa51ddcca36bb5bd802e755788a') in 0.020516 seconds 
  Import took 0.030217 seconds .

========================================================================
Received Import Request.
  Time since last request: 0.000255 seconds.
  path: Assets/_TerrainAutoUpgrade/layer_Grasse32965c36f070e45.terrainlayer
  artifactKey: Guid(1d1890169ec4eb145a852d5eb10fdf1d) Importer(815301076,1909f56bfc062723c751e8b465ee728b)
Start importing Assets/_TerrainAutoUpgrade/layer_Grasse32965c36f070e45.terrainlayer using Guid(1d1890169ec4eb145a852d5eb10fdf1d) Importer(815301076,1909f56bfc062723c751e8b465ee728b)  -> (artifact id: '4b0cb8367d81b561021274f643658f04') in 0.024418 seconds 
  Import took 0.037559 seconds .

========================================================================
Received Import Request.
  Time since last request: 0.000226 seconds.
  path: Assets/_TerrainAutoUpgrade/layer_MRLGenericGrass_DiffuseMRLGenericGrass_Normal3d3aba195e4d26ee.terrainlayer
  artifactKey: Guid(fd291088e52c77349b0e10a9229a1a48) Importer(815301076,1909f56bfc062723c751e8b465ee728b)
Start importing Assets/_TerrainAutoUpgrade/layer_MRLGenericGrass_DiffuseMRLGenericGrass_Normal3d3aba195e4d26ee.terrainlayer using Guid(fd291088e52c77349b0e10a9229a1a48) Importer(815301076,1909f56bfc062723c751e8b465ee728b)  -> (artifact id: 'e70372446f3c0f663448d1c2f6c7e1a5') in 0.213773 seconds 
  Import took 0.233303 seconds .

========================================================================
Received Import Request.
  Time since last request: 0.000225 seconds.
  path: Assets/_TerrainAutoUpgrade/layer_Grounde32965c36f070e45.terrainlayer
  artifactKey: Guid(dcced8c60b91bb442809b085adf5dd86) Importer(815301076,1909f56bfc062723c751e8b465ee728b)
Start importing Assets/_TerrainAutoUpgrade/layer_Grounde32965c36f070e45.terrainlayer using Guid(dcced8c60b91bb442809b085adf5dd86) Importer(815301076,1909f56bfc062723c751e8b465ee728b)  -> (artifact id: 'a298f5371c742f99274140682a9ff7a3') in 0.011293 seconds 
  Import took 0.016327 seconds .

========================================================================
Received Import Request.
  Time since last request: 0.000332 seconds.
  path: Assets/_TerrainAutoUpgrade/layer_MRLFGenericRockGrass_DiffuseMRLFGenericRockGrass_Normal3d3aba195e4d26ee.terrainlayer
  artifactKey: Guid(d212b200a2eb43e4bb8f999edf0bdf27) Importer(815301076,1909f56bfc062723c751e8b465ee728b)
Start importing Assets/_TerrainAutoUpgrade/layer_MRLFGenericRockGrass_DiffuseMRLFGenericRockGrass_Normal3d3aba195e4d26ee.terrainlayer using Guid(d212b200a2eb43e4bb8f999edf0bdf27) Importer(815301076,1909f56bfc062723c751e8b465ee728b)  -> (artifact id: '5dc3d4b809e965852342628fecde6bf3') in 0.232396 seconds 
  Import took 0.249221 seconds .

========================================================================
Received Import Request.
  Time since last request: 0.000226 seconds.
  path: Assets/_TerrainAutoUpgrade/layer_GroundCracked01GroundCracked01_N793646612c42751.terrainlayer
  artifactKey: Guid(14e1eef8abc2dfc43a63fe1e14645f22) Importer(815301076,1909f56bfc062723c751e8b465ee728b)
Start importing Assets/_TerrainAutoUpgrade/layer_GroundCracked01GroundCracked01_N793646612c42751.terrainlayer using Guid(14e1eef8abc2dfc43a63fe1e14645f22) Importer(815301076,1909f56bfc062723c751e8b465ee728b)  -> (artifact id: 'ec8cff2541467969b9954ae097091982') in 0.131644 seconds 
  Import took 0.136425 seconds .

========================================================================
Received Import Request.
  Time since last request: 0.000174 seconds.
  path: Assets/_TerrainAutoUpgrade/layer_Stone_rotatedcc0f254a2c535401.terrainlayer
  artifactKey: Guid(e25d74cbf9865d148a9db1f04ae7feb0) Importer(815301076,1909f56bfc062723c751e8b465ee728b)
Start importing Assets/_TerrainAutoUpgrade/layer_Stone_rotatedcc0f254a2c535401.terrainlayer using Guid(e25d74cbf9865d148a9db1f04ae7feb0) Importer(815301076,1909f56bfc062723c751e8b465ee728b)  -> (artifact id: '30aed8a5e7b235b35cb17196cae7cc25') in 0.023532 seconds 
  Import took 0.028541 seconds .

========================================================================
Received Import Request.
  Time since last request: 0.000207 seconds.
  path: Assets/_TerrainAutoUpgrade/layer_MRLFGenericRockGrass_DiffuseMRLFGenericRockGrass_Normal312cdf1c675cb011.terrainlayer
  artifactKey: Guid(6f822f574846a44449b1a4f42387ef95) Importer(815301076,1909f56bfc062723c751e8b465ee728b)
Start importing Assets/_TerrainAutoUpgrade/layer_MRLFGenericRockGrass_DiffuseMRLFGenericRockGrass_Normal312cdf1c675cb011.terrainlayer using Guid(6f822f574846a44449b1a4f42387ef95) Importer(815301076,1909f56bfc062723c751e8b465ee728b)  -> (artifact id: 'bd340419aaaa4bf5f07266be5ee01403') in 0.030628 seconds 
  Import took 0.055957 seconds .

========================================================================
Received Import Request.
  Time since last request: 0.000228 seconds.
  path: Assets/_TerrainAutoUpgrade/layer_GroundDryLeaves01GroundDryLeaves01_N793646612c42751.terrainlayer
  artifactKey: Guid(f027e6075e1eaef4180a8ddbab78f036) Importer(815301076,1909f56bfc062723c751e8b465ee728b)
Start importing Assets/_TerrainAutoUpgrade/layer_GroundDryLeaves01GroundDryLeaves01_N793646612c42751.terrainlayer using Guid(f027e6075e1eaef4180a8ddbab78f036) Importer(815301076,1909f56bfc062723c751e8b465ee728b)  -> (artifact id: '24d7555db043ec9e19b19a6b9b5913ae') in 0.354297 seconds 
  Import took 0.386773 seconds .

========================================================================
Received Import Request.
  Time since last request: 0.000244 seconds.
  path: Assets/_TerrainAutoUpgrade/layer_MRLFGenericRockGrass_AlbedoBMRLFGenericRockGrass_NormalB3d3aba195e4d26ee.terrainlayer
  artifactKey: Guid(4df126dd9471b274387905c23f2d6b16) Importer(815301076,1909f56bfc062723c751e8b465ee728b)
Start importing Assets/_TerrainAutoUpgrade/layer_MRLFGenericRockGrass_AlbedoBMRLFGenericRockGrass_NormalB3d3aba195e4d26ee.terrainlayer using Guid(4df126dd9471b274387905c23f2d6b16) Importer(815301076,1909f56bfc062723c751e8b465ee728b)  -> (artifact id: '78a78356fce0f63e043c635c716e54a4') in 0.211855 seconds 
  Import took 0.218612 seconds .

========================================================================
Received Import Request.
  Time since last request: 0.000215 seconds.
  path: Assets/_TerrainAutoUpgrade/layer_Road_grasscc0f254a2c535401.terrainlayer
  artifactKey: Guid(5627cb14a117017498846b922e9e0e62) Importer(815301076,1909f56bfc062723c751e8b465ee728b)
Start importing Assets/_TerrainAutoUpgrade/layer_Road_grasscc0f254a2c535401.terrainlayer using Guid(5627cb14a117017498846b922e9e0e62) Importer(815301076,1909f56bfc062723c751e8b465ee728b)  -> (artifact id: 'a748465340117dcdf3bd0664f81999a1') in 0.022716 seconds 
  Import took 0.035831 seconds .

========================================================================
Received Import Request.
  Time since last request: 0.000198 seconds.
  path: Assets/_TerrainAutoUpgrade/layer_Roadcc0f254a2c535401.terrainlayer
  artifactKey: Guid(15a3f79e3b2c8e34583540bed792722c) Importer(815301076,1909f56bfc062723c751e8b465ee728b)
Start importing Assets/_TerrainAutoUpgrade/layer_Roadcc0f254a2c535401.terrainlayer using Guid(15a3f79e3b2c8e34583540bed792722c) Importer(815301076,1909f56bfc062723c751e8b465ee728b)  -> (artifact id: 'ee5cacc6d5a39fb9e5a60fd559978e84') in 0.024728 seconds 
  Import took 0.035582 seconds .

========================================================================
Received Import Request.
  Time since last request: 0.000213 seconds.
  path: Assets/Terrain/Terrain_0_0_68058227-de82-463d-ba68-9998937e72e0.asset
  artifactKey: Guid(1afcf97cf19099c4bb19c470c7be4c75) Importer(815301076,1909f56bfc062723c751e8b465ee728b)
Start importing Assets/Terrain/Terrain_0_0_68058227-de82-463d-ba68-9998937e72e0.asset using Guid(1afcf97cf19099c4bb19c470c7be4c75) Importer(815301076,1909f56bfc062723c751e8b465ee728b) The tree Mushroom1 must use the Nature/Soft Occlusion shader. Otherwise billboarding/lighting will not work correctly.

The tree Flower1 must use the Nature/Soft Occlusion shader. Otherwise billboarding/lighting will not work correctly.

The tree Flower2 must use the Nature/Soft Occlusion shader. Otherwise billboarding/lighting will not work correctly.

The tree Grass1 must use the Nature/Soft Occlusion shader. Otherwise billboarding/lighting will not work correctly.

 -> (artifact id: '0749efaa3c4ed28b02c4709e1c0667ae') in 0.047285 seconds 
  Import took 0.062158 seconds .

========================================================================
Received Import Request.
  Time since last request: 0.000246 seconds.
  path: Assets/_TerrainAutoUpgrade/layer_GrassUV02GrassUV02_N3d1cca0d6d0e9938.terrainlayer
  artifactKey: Guid(0f9c652f36119674bb0d1b16d6e1a7b4) Importer(815301076,1909f56bfc062723c751e8b465ee728b)
Start importing Assets/_TerrainAutoUpgrade/layer_GrassUV02GrassUV02_N3d1cca0d6d0e9938.terrainlayer using Guid(0f9c652f36119674bb0d1b16d6e1a7b4) Importer(815301076,1909f56bfc062723c751e8b465ee728b)  -> (artifact id: 'b2ece86ab6c567e18a75a959a153c453') in 0.911755 seconds 
  Import took 0.942315 seconds .

========================================================================
Received Import Request.
  Time since last request: 0.000198 seconds.
  path: Assets/_TerrainAutoUpgrade/layer_GroundStones01GroundStones01_N2023054508611406.terrainlayer
  artifactKey: Guid(9bd0b826a91f15a459d69cf372d5eefb) Importer(815301076,1909f56bfc062723c751e8b465ee728b)
Start importing Assets/_TerrainAutoUpgrade/layer_GroundStones01GroundStones01_N2023054508611406.terrainlayer using Guid(9bd0b826a91f15a459d69cf372d5eefb) Importer(815301076,1909f56bfc062723c751e8b465ee728b)  -> (artifact id: '6b6204aaf9546df9fa41b727b462aa6c') in 0.366163 seconds 
  Import took 0.389151 seconds .

========================================================================
Received Import Request.
  Time since last request: 0.000256 seconds.
  path: Assets/_TerrainAutoUpgrade/layer_Ground_stonee32965c36f070e45.terrainlayer
  artifactKey: Guid(801e8804ee668a54cbd7c202084f6981) Importer(815301076,1909f56bfc062723c751e8b465ee728b)
Start importing Assets/_TerrainAutoUpgrade/layer_Ground_stonee32965c36f070e45.terrainlayer using Guid(801e8804ee668a54cbd7c202084f6981) Importer(815301076,1909f56bfc062723c751e8b465ee728b)  -> (artifact id: 'e7ae7aee20815d7ef20e0384c6f39872') in 0.028639 seconds 
  Import took 0.033485 seconds .

========================================================================
Received Import Request.
  Time since last request: 0.000220 seconds.
  path: Assets/_TerrainAutoUpgrade/layer_MRLFGenericRockGrass_DiffuseMRLFGenericRockGrass_Normal4a04ae78e003058e.terrainlayer
  artifactKey: Guid(5fda1c6305478a440b12f9fa9d258937) Importer(815301076,1909f56bfc062723c751e8b465ee728b)
Start importing Assets/_TerrainAutoUpgrade/layer_MRLFGenericRockGrass_DiffuseMRLFGenericRockGrass_Normal4a04ae78e003058e.terrainlayer using Guid(5fda1c6305478a440b12f9fa9d258937) Importer(815301076,1909f56bfc062723c751e8b465ee728b)  -> (artifact id: '9d92d4613d3d7cff0315158ebfa95b98') in 0.030707 seconds 
  Import took 0.041662 seconds .

========================================================================
Received Import Request.
  Time since last request: 0.067745 seconds.
  path: Assets/NanaeAdded/Food/acorn.FBX
  artifactKey: Guid(54c6faa2dba6665438008d4e7c8ea7e5) Importer(815301076,1909f56bfc062723c751e8b465ee728b)
Start importing Assets/NanaeAdded/Food/acorn.FBX using Guid(54c6faa2dba6665438008d4e7c8ea7e5) Importer(815301076,1909f56bfc062723c751e8b465ee728b)  -> (artifact id: '9fab261b6e6d17ffb2f384e5a7cd8f43') in 0.186963 seconds 
  Import took 0.192696 seconds .

========================================================================
Received Import Request.
  Time since last request: 0.000213 seconds.
  path: Assets/NanaeAdded/Food/banana.FBX
  artifactKey: Guid(3a9857ff38f5efa41ae3ff3ff643f2bd) Importer(815301076,1909f56bfc062723c751e8b465ee728b)
Start importing Assets/NanaeAdded/Food/banana.FBX using Guid(3a9857ff38f5efa41ae3ff3ff643f2bd) Importer(815301076,1909f56bfc062723c751e8b465ee728b)  -> (artifact id: 'e4e24fe05c9be973c7158a69bcf02078') in 0.038297 seconds 
  Import took 0.050560 seconds .

========================================================================
Received Import Request.
  Time since last request: 0.000236 seconds.
  path: Assets/NanaeAdded/Food/apple.FBX
  artifactKey: Guid(8db774d63ffa4304fb8dddd6116ead54) Importer(815301076,1909f56bfc062723c751e8b465ee728b)
Start importing Assets/NanaeAdded/Food/apple.FBX using Guid(8db774d63ffa4304fb8dddd6116ead54) Importer(815301076,1909f56bfc062723c751e8b465ee728b)  -> (artifact id: '056a566ae997dc53eaf46dea01b95d10') in 0.041406 seconds 
  Import took 0.062749 seconds .

========================================================================
Received Import Request.
  Time since last request: 0.000260 seconds.
  path: Assets/NanaeAdded/Food/pizza.FBX
  artifactKey: Guid(d3a88e33be12ed34b832c0be1f56a7a9) Importer(815301076,1909f56bfc062723c751e8b465ee728b)
Start importing Assets/NanaeAdded/Food/pizza.FBX using Guid(d3a88e33be12ed34b832c0be1f56a7a9) Importer(815301076,1909f56bfc062723c751e8b465ee728b)  -> (artifact id: '8b9eace564304b6d6f766ec38cd92e6f') in 0.034097 seconds 
  Import took 0.038956 seconds .

========================================================================
Received Import Request.
  Time since last request: 0.000226 seconds.
  path: Assets/NanaeAdded/Food/mushroom.FBX
  artifactKey: Guid(b53fab1a8a71cf745ad1af6d16214489) Importer(815301076,1909f56bfc062723c751e8b465ee728b)
Start importing Assets/NanaeAdded/Food/mushroom.FBX using Guid(b53fab1a8a71cf745ad1af6d16214489) Importer(815301076,1909f56bfc062723c751e8b465ee728b)  -> (artifact id: 'c1f03d70a6e3bd5fb26fded0b9a63db8') in 0.039675 seconds 
  Import took 0.056493 seconds .

========================================================================
Received Import Request.
  Time since last request: 0.000237 seconds.
  path: Assets/NanaeAdded/Food/candy.FBX
  artifactKey: Guid(7149044102d4ffe418bfc28480b28ad7) Importer(815301076,1909f56bfc062723c751e8b465ee728b)
Start importing Assets/NanaeAdded/Food/candy.FBX using Guid(7149044102d4ffe418bfc28480b28ad7) Importer(815301076,1909f56bfc062723c751e8b465ee728b)  -> (artifact id: 'f79548ef13835cd07bec9ce9cfc0d023') in 0.035993 seconds 
  Import took 0.050979 seconds .

========================================================================
Received Import Request.
  Time since last request: 0.000245 seconds.
  path: Assets/NanaeAdded/Food/yogurt.FBX
  artifactKey: Guid(1afd1833d5edaf6419570fb98bed2533) Importer(815301076,1909f56bfc062723c751e8b465ee728b)
Start importing Assets/NanaeAdded/Food/yogurt.FBX using Guid(1afd1833d5edaf6419570fb98bed2533) Importer(815301076,1909f56bfc062723c751e8b465ee728b)  -> (artifact id: 'b4b3248c475a78dd05eebefd66836298') in 0.038017 seconds 
  Import took 0.042987 seconds .

========================================================================
Received Import Request.
  Time since last request: 0.000231 seconds.
  path: Assets/NanaeAdded/Food/pea.FBX
  artifactKey: Guid(ee17f19b050fb2f4f8322e87ecfced8e) Importer(815301076,1909f56bfc062723c751e8b465ee728b)
Start importing Assets/NanaeAdded/Food/pea.FBX using Guid(ee17f19b050fb2f4f8322e87ecfced8e) Importer(815301076,1909f56bfc062723c751e8b465ee728b)  -> (artifact id: 'b419d622463baefa7ead6825ed6af711') in 0.042019 seconds 
  Import took 0.047507 seconds .

========================================================================
Received Import Request.
  Time since last request: 0.000195 seconds.
  path: Assets/NanaeAdded/Food/onion.FBX
  artifactKey: Guid(dc898d7128c93c34b8a99b201a7532d0) Importer(815301076,1909f56bfc062723c751e8b465ee728b)
Start importing Assets/NanaeAdded/Food/onion.FBX using Guid(dc898d7128c93c34b8a99b201a7532d0) Importer(815301076,1909f56bfc062723c751e8b465ee728b)  -> (artifact id: '45acdcbc47e54d819bd93353b45e2099') in 0.036685 seconds 
  Import took 0.059323 seconds .

========================================================================
Received Import Request.
  Time since last request: 0.000209 seconds.
  path: Assets/NanaeAdded/Food/grape.FBX
  artifactKey: Guid(7b5ec5c57af98c349b22ae545a4a9fcd) Importer(815301076,1909f56bfc062723c751e8b465ee728b)
Start importing Assets/NanaeAdded/Food/grape.FBX using Guid(7b5ec5c57af98c349b22ae545a4a9fcd) Importer(815301076,1909f56bfc062723c751e8b465ee728b)  -> (artifact id: 'a03d22acff82791fcdf405eeccca37bc') in 0.041013 seconds 
  Import took 0.046092 seconds .

========================================================================
Received Import Request.
  Time since last request: 0.000216 seconds.
  path: Assets/NanaeAdded/Food/orange.FBX
  artifactKey: Guid(f889d6e3d71e9c54eaf07783b7e5348c) Importer(815301076,1909f56bfc062723c751e8b465ee728b)
Start importing Assets/NanaeAdded/Food/orange.FBX using Guid(f889d6e3d71e9c54eaf07783b7e5348c) Importer(815301076,1909f56bfc062723c751e8b465ee728b)  -> (artifact id: 'fdbfe89e974ee0e97a67a6a8c3e56b23') in 0.035916 seconds 
  Import took 0.051370 seconds .

========================================================================
Received Import Request.
  Time since last request: 0.000227 seconds.
  path: Assets/NanaeAdded/Food/ham.FBX
  artifactKey: Guid(612f08e447938e2458702979247cb8cc) Importer(815301076,1909f56bfc062723c751e8b465ee728b)
Start importing Assets/NanaeAdded/Food/ham.FBX using Guid(612f08e447938e2458702979247cb8cc) Importer(815301076,1909f56bfc062723c751e8b465ee728b)  -> (artifact id: '1ce3ce5f44b303de8e834ee3a6826a58') in 0.036648 seconds 
  Import took 0.054924 seconds .

========================================================================
Received Import Request.
  Time since last request: 0.000221 seconds.
  path: Assets/NanaeAdded/Food/icecream.FBX
  artifactKey: Guid(6da9d5cde97ad394e97f1227e5fbf342) Importer(815301076,1909f56bfc062723c751e8b465ee728b)
Start importing Assets/NanaeAdded/Food/icecream.FBX using Guid(6da9d5cde97ad394e97f1227e5fbf342) Importer(815301076,1909f56bfc062723c751e8b465ee728b)  -> (artifact id: '528818e584e36b5176e9fa016606137e') in 0.034727 seconds 
  Import took 0.069315 seconds .

========================================================================
Received Import Request.
  Time since last request: 0.000253 seconds.
  path: Assets/NanaeAdded/Food/cake.FBX
  artifactKey: Guid(7bbb3a38742169a4abd045d20e527d9d) Importer(815301076,1909f56bfc062723c751e8b465ee728b)
Start importing Assets/NanaeAdded/Food/cake.FBX using Guid(7bbb3a38742169a4abd045d20e527d9d) Importer(815301076,1909f56bfc062723c751e8b465ee728b)  -> (artifact id: '48866a7f832f45541d6526662d883604') in 0.038436 seconds 
  Import took 0.043934 seconds .

========================================================================
Received Import Request.
  Time since last request: 0.000224 seconds.
  path: Assets/NanaeAdded/Food/carrot.FBX
  artifactKey: Guid(3882ee1bc1bdf284b8872917c3979145) Importer(815301076,1909f56bfc062723c751e8b465ee728b)
Start importing Assets/NanaeAdded/Food/carrot.FBX using Guid(3882ee1bc1bdf284b8872917c3979145) Importer(815301076,1909f56bfc062723c751e8b465ee728b)  -> (artifact id: '27e46f46e7c2204441feb53eb207a48b') in 0.054187 seconds 
  Import took 0.063998 seconds .

========================================================================
Received Import Request.
  Time since last request: 0.000234 seconds.
  path: Assets/NanaeAdded/Food/Hambuger.FBX
  artifactKey: Guid(f9e7ed08898d80148b9f645cd07c8b8e) Importer(815301076,1909f56bfc062723c751e8b465ee728b)
Start importing Assets/NanaeAdded/Food/Hambuger.FBX using Guid(f9e7ed08898d80148b9f645cd07c8b8e) Importer(815301076,1909f56bfc062723c751e8b465ee728b)  -> (artifact id: '8376b308f3b3edc8533758a98f30eaa6') in 0.041183 seconds 
  Import took 0.059800 seconds .

========================================================================
Received Import Request.
  Time since last request: 0.000250 seconds.
  path: Assets/NanaeAdded/Food/watermelon.FBX
  artifactKey: Guid(d9b493bbd86ef3443a770a279d0426a9) Importer(815301076,1909f56bfc062723c751e8b465ee728b)
Start importing Assets/NanaeAdded/Food/watermelon.FBX using Guid(d9b493bbd86ef3443a770a279d0426a9) Importer(815301076,1909f56bfc062723c751e8b465ee728b)  -> (artifact id: '48974d23867cdb614db8ba7a88232ece') in 0.045462 seconds 
  Import took 0.050063 seconds .

========================================================================
Received Import Request.
  Time since last request: 0.000238 seconds.
  path: Assets/NanaeAdded/Food/egg.FBX
  artifactKey: Guid(214315961896cb246a09ddccf67044d7) Importer(815301076,1909f56bfc062723c751e8b465ee728b)
Start importing Assets/NanaeAdded/Food/egg.FBX using Guid(214315961896cb246a09ddccf67044d7) Importer(815301076,1909f56bfc062723c751e8b465ee728b)  -> (artifact id: '9facccf940dc5c1f6d7df0325d060fff') in 0.026866 seconds 
  Import took 0.032074 seconds .

========================================================================
Received Import Request.
  Time since last request: 0.000228 seconds.
  path: Assets/NanaeAdded/Food/kiwi.FBX
  artifactKey: Guid(944f91bda976fe544ac41f090012e16c) Importer(815301076,1909f56bfc062723c751e8b465ee728b)
Start importing Assets/NanaeAdded/Food/kiwi.FBX using Guid(944f91bda976fe544ac41f090012e16c) Importer(815301076,1909f56bfc062723c751e8b465ee728b)  -> (artifact id: 'b49e27d09e3c2101ddc011d3ac2e3491') in 0.053517 seconds 
  Import took 0.058728 seconds .

========================================================================
Received Import Request.
  Time since last request: 0.000241 seconds.
  path: Assets/NanaeAdded/Food/cherry.FBX
  artifactKey: Guid(93b3b0626c40d3445a72c4ceab70561b) Importer(815301076,1909f56bfc062723c751e8b465ee728b)
Start importing Assets/NanaeAdded/Food/cherry.FBX using Guid(93b3b0626c40d3445a72c4ceab70561b) Importer(815301076,1909f56bfc062723c751e8b465ee728b)  -> (artifact id: 'dcc30076714f54f146025b4964faf3ff') in 0.036989 seconds 
  Import took 0.051172 seconds .

========================================================================
Received Import Request.
  Time since last request: 0.000227 seconds.
  path: Assets/NanaeAdded/Food/pumpkin.FBX
  artifactKey: Guid(e0104657a83d1374b8e7cda818970954) Importer(815301076,1909f56bfc062723c751e8b465ee728b)
Start importing Assets/NanaeAdded/Food/pumpkin.FBX using Guid(e0104657a83d1374b8e7cda818970954) Importer(815301076,1909f56bfc062723c751e8b465ee728b)  -> (artifact id: '3233c5fb58852f6afa2c4229b443d835') in 0.035581 seconds 
  Import took 0.058909 seconds .

========================================================================
Received Import Request.
  Time since last request: 0.000232 seconds.
  path: Assets/NanaeAdded/Food/tomato.FBX
  artifactKey: Guid(292237ffd3dc1444c828be3c90e1d862) Importer(815301076,1909f56bfc062723c751e8b465ee728b)
Start importing Assets/NanaeAdded/Food/tomato.FBX using Guid(292237ffd3dc1444c828be3c90e1d862) Importer(815301076,1909f56bfc062723c751e8b465ee728b)  -> (artifact id: '99f8d289897217b398b7098a37af576f') in 0.042360 seconds 
  Import took 0.046878 seconds .

========================================================================
Received Import Request.
  Time since last request: 0.000206 seconds.
  path: Assets/NanaeAdded/Food/waffle.FBX
  artifactKey: Guid(5a5788db97aee9d4fa6e7b9c436e11f2) Importer(815301076,1909f56bfc062723c751e8b465ee728b)
Start importing Assets/NanaeAdded/Food/waffle.FBX using Guid(5a5788db97aee9d4fa6e7b9c436e11f2) Importer(815301076,1909f56bfc062723c751e8b465ee728b)  -> (artifact id: 'da57c18695c0e6b5ab4830d6cd88e8e1') in 0.027458 seconds 
  Import took 0.038715 seconds .

========================================================================
Received Import Request.
  Time since last request: 0.000189 seconds.
  path: Assets/NanaeAdded/Food/yam.FBX
  artifactKey: Guid(8ae8faf07ac912643bcf8a162a6d03ae) Importer(815301076,1909f56bfc062723c751e8b465ee728b)
Start importing Assets/NanaeAdded/Food/yam.FBX using Guid(8ae8faf07ac912643bcf8a162a6d03ae) Importer(815301076,1909f56bfc062723c751e8b465ee728b)  -> (artifact id: '64040d1440bcba4682488163db5aa3fe') in 0.035345 seconds 
  Import took 0.040291 seconds .

========================================================================
Received Import Request.
  Time since last request: 0.000235 seconds.
  path: Assets/NanaeAdded/Food/garlic.FBX
  artifactKey: Guid(643b9bf033a68bd4fb7df391ed53589a) Importer(815301076,1909f56bfc062723c751e8b465ee728b)
Start importing Assets/NanaeAdded/Food/garlic.FBX using Guid(643b9bf033a68bd4fb7df391ed53589a) Importer(815301076,1909f56bfc062723c751e8b465ee728b)  -> (artifact id: 'e9c93cb5875d34b4161ba5c61fd3e778') in 0.039919 seconds 
  Import took 0.045198 seconds .

========================================================================
Received Import Request.
  Time since last request: 0.000192 seconds.
  path: Assets/NanaeAdded/Food/lemon.FBX
  artifactKey: Guid(c7babd0d9f849c9449d1c29e86f6245f) Importer(815301076,1909f56bfc062723c751e8b465ee728b)
Start importing Assets/NanaeAdded/Food/lemon.FBX using Guid(c7babd0d9f849c9449d1c29e86f6245f) Importer(815301076,1909f56bfc062723c751e8b465ee728b)  -> (artifact id: '138fc9c090d4c3886870da1a9401ec3e') in 0.040013 seconds 
  Import took 0.055435 seconds .

AssetImportWorkerClient::OnTransportError - code=2 error=End of file
