Using pre-set license
Built from '2020.3/staging' branch; Version is '2020.3.17f1 (a4537701e4ab) revision 10769271'; Using compiler version '192528614'; Build Type 'Release'
OS: 'Windows 10 Pro; OS build 19042.1348; Version 2009; 64bit' Language: 'en' Physical Memory: 16315 MB
BatchMode: 1, IsHumanControllingUs: 0, StartBugReporterOnCrash: 0, Is64bit: 1, IsPro: 0

COMMAND LINE ARGUMENTS:
C:\Program Files\Unity\Hub\Editor\2020.3.17f1\Editor\Unity.exe
-adb2
-batchMode
-noUpm
-name
AssetImportWorker0
-projectPath
D:/Study/Y2S1/midterm/ARVR/Unity/Assignment4(Amusement)/Alice1
-logFile
Logs/AssetImportWorker0.log
-srvPort
49296
Successfully changed project path to: D:/Study/Y2S1/midterm/ARVR/Unity/Assignment4(Amusement)/Alice1
D:/Study/Y2S1/midterm/ARVR/Unity/Assignment4(Amusement)/Alice1
Using Asset Import Pipeline V2.
Refreshing native plugins compatible for Editor in 45.90 ms, found 2 plugins.
Preloading 0 native plugins for Editor in 0.00 ms.
Initialize engine version: 2020.3.17f1 (a4537701e4ab)
[Subsystems] Discovering subsystems at path C:/Program Files/Unity/Hub/Editor/2020.3.17f1/Editor/Data/Resources/UnitySubsystems
[Subsystems] Discovering subsystems at path D:/Study/Y2S1/midterm/ARVR/Unity/Assignment4(Amusement)/Alice1/Assets
GfxDevice: creating device client; threaded=0
Direct3D:
    Version:  Direct3D 11.0 [level 11.1]
    Renderer: NVIDIA GeForce GTX 1650 (ID=0x1f82)
    Vendor:   
    VRAM:     3962 MB
    Driver:   27.21.14.5671
Initialize mono
Mono path[0] = 'C:/Program Files/Unity/Hub/Editor/2020.3.17f1/Editor/Data/Managed'
Mono path[1] = 'C:/Program Files/Unity/Hub/Editor/2020.3.17f1/Editor/Data/MonoBleedingEdge/lib/mono/unityjit'
Mono config path = 'C:/Program Files/Unity/Hub/Editor/2020.3.17f1/Editor/Data/MonoBleedingEdge/etc'
Using monoOptions --debugger-agent=transport=dt_socket,embedding=1,server=y,suspend=n,address=127.0.0.1:56248
Begin MonoManager ReloadAssembly
Registering precompiled unity dll's ...
Register platform support module: C:/Program Files/Unity/Hub/Editor/2020.3.17f1/Editor/Data/PlaybackEngines/WebGLSupport/UnityEditor.WebGL.Extensions.dll
Register platform support module: C:/Program Files/Unity/Hub/Editor/2020.3.17f1/Editor/Data/PlaybackEngines/WindowsStandaloneSupport/UnityEditor.WindowsStandalone.Extensions.dll
Registered in 0.002605 seconds.
Native extension for WindowsStandalone target not found
Native extension for WebGL target not found
Refreshing native plugins compatible for Editor in 45.61 ms, found 2 plugins.
Preloading 0 native plugins for Editor in 0.00 ms.
Mono: successfully reloaded assembly
- Completed reload, in  1.070 seconds
Domain Reload Profiling:
	ReloadAssembly (1070ms)
		BeginReloadAssembly (48ms)
			ExecutionOrderSort (0ms)
			DisableScriptedObjects (0ms)
			BackupInstance (0ms)
			ReleaseScriptingObjects (0ms)
			CreateAndSetChildDomain (1ms)
		EndReloadAssembly (367ms)
			LoadAssemblies (46ms)
			RebuildTransferFunctionScriptingTraits (0ms)
			SetupTypeCache (131ms)
			ReleaseScriptCaches (0ms)
			RebuildScriptCaches (26ms)
			SetupLoadedEditorAssemblies (150ms)
				LogAssemblyErrors (0ms)
				InitializePlatformSupportModulesInManaged (4ms)
				SetLoadedEditorAssemblies (0ms)
				RefreshPlugins (46ms)
				BeforeProcessingInitializeOnLoad (9ms)
				ProcessInitializeOnLoadAttributes (66ms)
				ProcessInitializeOnLoadMethodAttributes (24ms)
				AfterProcessingInitializeOnLoad (0ms)
				EditorAssembliesLoaded (0ms)
			ExecutionOrderSort2 (0ms)
			AwakeInstancesAfterBackupRestoration (0ms)
Platform modules already initialized, skipping
Registering precompiled user dll's ...
Registered in 0.003016 seconds.
Begin MonoManager ReloadAssembly
Native extension for WindowsStandalone target not found
Native extension for WebGL target not found
Refreshing native plugins compatible for Editor in 45.35 ms, found 2 plugins.
Preloading 0 native plugins for Editor in 0.00 ms.
Mono: successfully reloaded assembly
- Completed reload, in  1.196 seconds
Domain Reload Profiling:
	ReloadAssembly (1197ms)
		BeginReloadAssembly (129ms)
			ExecutionOrderSort (0ms)
			DisableScriptedObjects (4ms)
			BackupInstance (0ms)
			ReleaseScriptingObjects (0ms)
			CreateAndSetChildDomain (18ms)
		EndReloadAssembly (1010ms)
			LoadAssemblies (74ms)
			RebuildTransferFunctionScriptingTraits (0ms)
			SetupTypeCache (247ms)
			ReleaseScriptCaches (1ms)
			RebuildScriptCaches (42ms)
			SetupLoadedEditorAssemblies (544ms)
				LogAssemblyErrors (0ms)
				InitializePlatformSupportModulesInManaged (4ms)
				SetLoadedEditorAssemblies (0ms)
				RefreshPlugins (45ms)
				BeforeProcessingInitializeOnLoad (58ms)
				ProcessInitializeOnLoadAttributes (421ms)
				ProcessInitializeOnLoadMethodAttributes (7ms)
				AfterProcessingInitializeOnLoad (7ms)
				EditorAssembliesLoaded (0ms)
			ExecutionOrderSort2 (0ms)
			AwakeInstancesAfterBackupRestoration (5ms)
Platform modules already initialized, skipping
========================================================================
Worker process is ready to serve import requests
Launched and connected shader compiler UnityShaderCompiler.exe after 0.05 seconds
Refreshing native plugins compatible for Editor in 0.60 ms, found 2 plugins.
Preloading 0 native plugins for Editor in 0.00 ms.
Unloading 2081 Unused Serialized files (Serialized files now loaded: 0)
System memory in use before: 111.9 MB.
System memory in use after: 111.8 MB.

Unloading 31 unused Assets to reduce memory usage. Loaded Objects now: 2554.
Total: 3.357600 ms (FindLiveObjects: 0.244800 ms CreateObjectMapping: 0.051900 ms MarkObjects: 2.854000 ms  DeleteObjects: 0.205900 ms)

AssetImportParameters requested are different than current active one (requested -> active):
  custom:framework-win-MediaFoundation: 216162199b28c13a410421893ffa2e32 -> 
  custom:video-decoder-ogg-theora: a1e56fd34408186e4bbccfd4996cb3dc -> 
  custom:container-muxer-webm: aa71ff27fc2769a1b78a27578f13a17b -> 
  custom:container-demuxer-webm: 4f35f7cbe854078d1ac9338744f61a02 -> 
  custom:container-demuxer-ogg: 62fdf1f143b41e24485cea50d1cbac27 -> 
  custom:video-encoder-webm-vp8: eb34c28f22e8b96e1ab97ce403110664 -> 
  custom:video-decoder-webm-vp8: 9c59270c3fd7afecdb556c50c9e8de78 -> 
  custom:audio-decoder-ogg-vorbis: bf7c407c2cedff20999df2af8eb42d56 -> 
  custom:audio-encoder-webm-vorbis: bf7c407c2cedff20999df2af8eb42d56 -> 
========================================================================
Received Import Request.
  path: Assets/NanaeAdded/HillsRock/Rocky Hills Environment - Light Pack/Prefabs/RHEF_RockMediumA.prefab
  artifactKey: Guid(838aed2c0bd6e074383add6c6e347995) Importer(815301076,1909f56bfc062723c751e8b465ee728b)
Start importing Assets/NanaeAdded/HillsRock/Rocky Hills Environment - Light Pack/Prefabs/RHEF_RockMediumA.prefab using Guid(838aed2c0bd6e074383add6c6e347995) Importer(815301076,1909f56bfc062723c751e8b465ee728b)  -> (artifact id: '6a0886514995eab94218c72ba9822433') in 0.311583 seconds 
  Import took 0.315323 seconds .

========================================================================
Received Import Request.
  Time since last request: 0.000203 seconds.
  path: Assets/NanaeAdded/HillsRock/Rocky Hills Environment - Light Pack/Prefabs
  artifactKey: Guid(927db1f5977f7a04693e6965fd3463d6) Importer(815301076,1909f56bfc062723c751e8b465ee728b)
Start importing Assets/NanaeAdded/HillsRock/Rocky Hills Environment - Light Pack/Prefabs using Guid(927db1f5977f7a04693e6965fd3463d6) Importer(815301076,1909f56bfc062723c751e8b465ee728b)  -> (artifact id: '7f3888b68df3349a095f1acfd1318613') in 0.001402 seconds 
  Import took 0.004343 seconds .

========================================================================
Received Import Request.
  Time since last request: 0.000199 seconds.
  path: Assets/NanaeAdded/HillsRock/Rocky Hills Environment - Light Pack/Prefabs/RHEF_RockMediumC.prefab
  artifactKey: Guid(ff421997f346e314c82e73610f419ac1) Importer(815301076,1909f56bfc062723c751e8b465ee728b)
Start importing Assets/NanaeAdded/HillsRock/Rocky Hills Environment - Light Pack/Prefabs/RHEF_RockMediumC.prefab using Guid(ff421997f346e314c82e73610f419ac1) Importer(815301076,1909f56bfc062723c751e8b465ee728b)  -> (artifact id: 'be48dc4cc11e83d547e8a96b0c4fe052') in 0.163889 seconds 
  Import took 0.168021 seconds .

========================================================================
Received Import Request.
  Time since last request: 0.000387 seconds.
  path: Assets/NanaeAdded/HillsRock/Rocky Hills Environment - Light Pack/Prefabs/RHEF_SpruceTerrainB.prefab
  artifactKey: Guid(7afaeace60251cd4dae84b0f6e7e8804) Importer(815301076,1909f56bfc062723c751e8b465ee728b)
Start importing Assets/NanaeAdded/HillsRock/Rocky Hills Environment - Light Pack/Prefabs/RHEF_SpruceTerrainB.prefab using Guid(7afaeace60251cd4dae84b0f6e7e8804) Importer(815301076,1909f56bfc062723c751e8b465ee728b)  -> (artifact id: '77791d19600ae2aaecb67b59fb9017b0') in 0.015578 seconds 
  Import took 0.019561 seconds .

========================================================================
Received Import Request.
  Time since last request: 0.000269 seconds.
  path: Assets/NanaeAdded/HillsRock/Rocky Hills Environment - Light Pack/Prefabs/RHEF_RockMediumB.prefab
  artifactKey: Guid(46b49871773764447a894bbb1c459502) Importer(815301076,1909f56bfc062723c751e8b465ee728b)
Start importing Assets/NanaeAdded/HillsRock/Rocky Hills Environment - Light Pack/Prefabs/RHEF_RockMediumB.prefab using Guid(46b49871773764447a894bbb1c459502) Importer(815301076,1909f56bfc062723c751e8b465ee728b)  -> (artifact id: '0358650620c9e44a51d2cbcc9c205676') in 0.038266 seconds 
  Import took 0.042810 seconds .

========================================================================
Received Import Request.
  Time since last request: 0.000245 seconds.
  path: Assets/NanaeAdded/HillsRock/Rocky Hills Environment - Light Pack/Prefabs/RHEF_SpruceC.prefab
  artifactKey: Guid(2f54179bb3d458c4f8d350eba0f6856f) Importer(815301076,1909f56bfc062723c751e8b465ee728b)
Start importing Assets/NanaeAdded/HillsRock/Rocky Hills Environment - Light Pack/Prefabs/RHEF_SpruceC.prefab using Guid(2f54179bb3d458c4f8d350eba0f6856f) Importer(815301076,1909f56bfc062723c751e8b465ee728b)  -> (artifact id: '29b661fd1d2e8706571d5ed71024262d') in 0.632691 seconds 
  Import took 0.635806 seconds .

========================================================================
Received Import Request.
  Time since last request: 0.000227 seconds.
  path: Assets/NanaeAdded/HillsRock/Rocky Hills Environment - Light Pack/Prefabs/RHEF_SpruceA.prefab
  artifactKey: Guid(ddd082fb4672f6643be6891e17a84358) Importer(815301076,1909f56bfc062723c751e8b465ee728b)
Start importing Assets/NanaeAdded/HillsRock/Rocky Hills Environment - Light Pack/Prefabs/RHEF_SpruceA.prefab using Guid(ddd082fb4672f6643be6891e17a84358) Importer(815301076,1909f56bfc062723c751e8b465ee728b)  -> (artifact id: '8a71a596f22d08545d9b92e7288b229f') in 0.019063 seconds 
  Import took 0.023004 seconds .

========================================================================
Received Import Request.
  Time since last request: 0.000208 seconds.
  path: Assets/NanaeAdded/HillsRock/Rocky Hills Environment - Light Pack/Prefabs/RHEF_SpruceTerrainA.prefab
  artifactKey: Guid(156f975b5c133c846bd7dd4d6c726faf) Importer(815301076,1909f56bfc062723c751e8b465ee728b)
Start importing Assets/NanaeAdded/HillsRock/Rocky Hills Environment - Light Pack/Prefabs/RHEF_SpruceTerrainA.prefab using Guid(156f975b5c133c846bd7dd4d6c726faf) Importer(815301076,1909f56bfc062723c751e8b465ee728b)  -> (artifact id: '121cae38ab0437c326d7bce25cfe7cde') in 0.012528 seconds 
  Import took 0.015674 seconds .

========================================================================
Received Import Request.
  Time since last request: 0.000231 seconds.
  path: Assets/NanaeAdded/HillsRock/Rocky Hills Environment - Light Pack/Prefabs/RHEF_LowRockMedium.prefab
  artifactKey: Guid(0b77cb11615419c4ba1888ac53ce2718) Importer(815301076,1909f56bfc062723c751e8b465ee728b)
Start importing Assets/NanaeAdded/HillsRock/Rocky Hills Environment - Light Pack/Prefabs/RHEF_LowRockMedium.prefab using Guid(0b77cb11615419c4ba1888ac53ce2718) Importer(815301076,1909f56bfc062723c751e8b465ee728b)  -> (artifact id: 'bea8cab0303cdd5be9f095c6867d32ef') in 0.036863 seconds 
  Import took 0.041545 seconds .

========================================================================
Received Import Request.
  Time since last request: 0.000332 seconds.
  path: Assets/NanaeAdded/HillsRock/Rocky Hills Environment - Light Pack/Prefabs/RHEF_GenericCliffA.prefab
  artifactKey: Guid(b12c8b6046ef0604b96e60fe14b9c16e) Importer(815301076,1909f56bfc062723c751e8b465ee728b)
Start importing Assets/NanaeAdded/HillsRock/Rocky Hills Environment - Light Pack/Prefabs/RHEF_GenericCliffA.prefab using Guid(b12c8b6046ef0604b96e60fe14b9c16e) Importer(815301076,1909f56bfc062723c751e8b465ee728b)  -> (artifact id: '26b2ec982089f7512318dda8d8ee3abe') in 0.038747 seconds 
  Import took 0.043042 seconds .

========================================================================
Received Import Request.
  Time since last request: 0.000192 seconds.
  path: Assets/NanaeAdded/HillsRock/Rocky Hills Environment - Light Pack/Prefabs/RHEF_Cave.prefab
  artifactKey: Guid(e318266f60803d548a4b409b52b39d8d) Importer(815301076,1909f56bfc062723c751e8b465ee728b)
Start importing Assets/NanaeAdded/HillsRock/Rocky Hills Environment - Light Pack/Prefabs/RHEF_Cave.prefab using Guid(e318266f60803d548a4b409b52b39d8d) Importer(815301076,1909f56bfc062723c751e8b465ee728b)  -> (artifact id: '35d0f7e63ebb843134101d862e73f42f') in 0.077524 seconds 
  Import took 0.084584 seconds .

========================================================================
Received Import Request.
  Time since last request: 0.000209 seconds.
  path: Assets/NanaeAdded/HillsRock/Rocky Hills Environment - Light Pack
  artifactKey: Guid(40c5d07d468ab9442a87de45bd0447e6) Importer(815301076,1909f56bfc062723c751e8b465ee728b)
Start importing Assets/NanaeAdded/HillsRock/Rocky Hills Environment - Light Pack using Guid(40c5d07d468ab9442a87de45bd0447e6) Importer(815301076,1909f56bfc062723c751e8b465ee728b)  -> (artifact id: '0f952ce66ddddca44369e1ef2f3b1cc5') in 0.006267 seconds 
  Import took 0.010067 seconds .

========================================================================
Received Import Request.
  Time since last request: 0.000221 seconds.
  path: Assets/NanaeAdded/HillsRock/Rocky Hills Environment - Light Pack/Prefabs/RHEF_RockDetailsA.prefab
  artifactKey: Guid(5eb9966c8253a3649970e935258ad8d2) Importer(815301076,1909f56bfc062723c751e8b465ee728b)
Start importing Assets/NanaeAdded/HillsRock/Rocky Hills Environment - Light Pack/Prefabs/RHEF_RockDetailsA.prefab using Guid(5eb9966c8253a3649970e935258ad8d2) Importer(815301076,1909f56bfc062723c751e8b465ee728b)  -> (artifact id: '5e5f89e9ebc487cb1bd08f7c8701f54c') in 0.019245 seconds 
  Import took 0.023463 seconds .

========================================================================
Received Import Request.
  Time since last request: 0.000242 seconds.
  path: Assets/NanaeAdded/HillsRock/Rocky Hills Environment - Light Pack/Prefabs/RHEF_GenericCliffB.prefab
  artifactKey: Guid(7fbdfd6f6f8e7b8459e7ec638775fbcc) Importer(815301076,1909f56bfc062723c751e8b465ee728b)
Start importing Assets/NanaeAdded/HillsRock/Rocky Hills Environment - Light Pack/Prefabs/RHEF_GenericCliffB.prefab using Guid(7fbdfd6f6f8e7b8459e7ec638775fbcc) Importer(815301076,1909f56bfc062723c751e8b465ee728b)  -> (artifact id: 'a5546c2f738b693e9453fa40e0068680') in 0.040615 seconds 
  Import took 0.045874 seconds .

========================================================================
Received Import Request.
  Time since last request: 0.000281 seconds.
  path: Assets/NanaeAdded/HillsRock/Rocky Hills Environment - Light Pack/Prefabs/RHEF_SpruceB.prefab
  artifactKey: Guid(9691faf058659e249801df471fd460bf) Importer(815301076,1909f56bfc062723c751e8b465ee728b)
Start importing Assets/NanaeAdded/HillsRock/Rocky Hills Environment - Light Pack/Prefabs/RHEF_SpruceB.prefab using Guid(9691faf058659e249801df471fd460bf) Importer(815301076,1909f56bfc062723c751e8b465ee728b)  -> (artifact id: 'b50ce4e1b20a8934cd564bce1269024a') in 0.019359 seconds 
  Import took 0.023089 seconds .

========================================================================
Received Import Request.
  Time since last request: 0.000225 seconds.
  path: Assets/NanaeAdded/HillsRock/Rocky Hills Environment - Light Pack/Prefabs/RHEF_RockDetailsB.prefab
  artifactKey: Guid(db0765e6c54e2234d9644377794d9ce6) Importer(815301076,1909f56bfc062723c751e8b465ee728b)
Start importing Assets/NanaeAdded/HillsRock/Rocky Hills Environment - Light Pack/Prefabs/RHEF_RockDetailsB.prefab using Guid(db0765e6c54e2234d9644377794d9ce6) Importer(815301076,1909f56bfc062723c751e8b465ee728b)  -> (artifact id: 'a1b77113accd7e3924d14471b280ff11') in 0.017161 seconds 
  Import took 0.020566 seconds .

========================================================================
Received Import Request.
  Time since last request: 0.000226 seconds.
  path: Assets/NanaeAdded/HillsRock/Rocky Hills Environment - Light Pack/Prefabs/RHEF_SpruceTerrainC.prefab
  artifactKey: Guid(000fe5e39bc5b2b44b03d5e5d4f40d7c) Importer(815301076,1909f56bfc062723c751e8b465ee728b)
Start importing Assets/NanaeAdded/HillsRock/Rocky Hills Environment - Light Pack/Prefabs/RHEF_SpruceTerrainC.prefab using Guid(000fe5e39bc5b2b44b03d5e5d4f40d7c) Importer(815301076,1909f56bfc062723c751e8b465ee728b)  -> (artifact id: '4413644fa51c170a3c43de9fc435cce5') in 0.014670 seconds 
  Import took 0.018003 seconds .

========================================================================
Received Import Request.
  Time since last request: 0.004667 seconds.
  path: Assets/NanaeAdded/HillsRock/Rocky Hills Environment - Light Pack/Prefabs/RHEF_SpruceTerrainC.prefab
  artifactKey: Guid(000fe5e39bc5b2b44b03d5e5d4f40d7c) Importer(815301076,1909f56bfc062723c751e8b465ee728b)
Start importing Assets/NanaeAdded/HillsRock/Rocky Hills Environment - Light Pack/Prefabs/RHEF_SpruceTerrainC.prefab using Guid(000fe5e39bc5b2b44b03d5e5d4f40d7c) Importer(815301076,1909f56bfc062723c751e8b465ee728b)  -> (artifact id: '4413644fa51c170a3c43de9fc435cce5') in 0.009082 seconds 
  Import took 0.012924 seconds .

========================================================================
Received Import Request.
  Time since last request: 101.292736 seconds.
  path: Assets/NanaeAdded/HillsRock/Rocky Hills Environment - Light Pack/Prefabs/Prefabs Mobile
  artifactKey: Guid(75c2f606ce5685c4e9b64bedd4768fa2) Importer(815301076,1909f56bfc062723c751e8b465ee728b)
Start importing Assets/NanaeAdded/HillsRock/Rocky Hills Environment - Light Pack/Prefabs/Prefabs Mobile using Guid(75c2f606ce5685c4e9b64bedd4768fa2) Importer(815301076,1909f56bfc062723c751e8b465ee728b)  -> (artifact id: 'f9233d381461debcfb659a9577068516') in 0.006339 seconds 
  Import took 0.010162 seconds .

========================================================================
Received Import Request.
  Time since last request: 59.214081 seconds.
  path: Assets/_TerrainAutoUpgrade/layer_MRLFGenericRockGrass_AlbedoBMRLFGenericRockGrass_NormalB3d3aba195e4d26ee.terrainlayer
  artifactKey: Guid(4df126dd9471b274387905c23f2d6b16) Importer(815301076,1909f56bfc062723c751e8b465ee728b)
Start importing Assets/_TerrainAutoUpgrade/layer_MRLFGenericRockGrass_AlbedoBMRLFGenericRockGrass_NormalB3d3aba195e4d26ee.terrainlayer using Guid(4df126dd9471b274387905c23f2d6b16) Importer(815301076,1909f56bfc062723c751e8b465ee728b)  -> (artifact id: 'bee44f770282e29be9cebae8f8fd05b5') in 0.035155 seconds 
  Import took 0.039941 seconds .

========================================================================
Received Import Request.
  Time since last request: 0.000233 seconds.
  path: Assets/_TerrainAutoUpgrade/layer_MRLFGenericRockGrass_DiffuseMRLFGenericRockGrass_Normal3d3aba195e4d26ee.terrainlayer
  artifactKey: Guid(d212b200a2eb43e4bb8f999edf0bdf27) Importer(815301076,1909f56bfc062723c751e8b465ee728b)
Start importing Assets/_TerrainAutoUpgrade/layer_MRLFGenericRockGrass_DiffuseMRLFGenericRockGrass_Normal3d3aba195e4d26ee.terrainlayer using Guid(d212b200a2eb43e4bb8f999edf0bdf27) Importer(815301076,1909f56bfc062723c751e8b465ee728b)  -> (artifact id: '97ccd7da1ab5b5e466363bd3719a7cad') in 0.028835 seconds 
  Import took 0.033745 seconds .

========================================================================
Received Import Request.
  Time since last request: 0.000736 seconds.
  path: Assets/_TerrainAutoUpgrade/layer_MRLFGenericRockGrass_DiffuseMRLFGenericRockGrass_Normal3d3aba195e4d26ee.terrainlayer
  artifactKey: Guid(d212b200a2eb43e4bb8f999edf0bdf27) Importer(815301076,1909f56bfc062723c751e8b465ee728b)
Start importing Assets/_TerrainAutoUpgrade/layer_MRLFGenericRockGrass_DiffuseMRLFGenericRockGrass_Normal3d3aba195e4d26ee.terrainlayer using Guid(d212b200a2eb43e4bb8f999edf0bdf27) Importer(815301076,1909f56bfc062723c751e8b465ee728b)  -> (artifact id: '97ccd7da1ab5b5e466363bd3719a7cad') in 0.028536 seconds 
  Import took 0.033759 seconds .

========================================================================
Received Import Request.
  Time since last request: 0.278814 seconds.
  path: Assets/_TerrainAutoUpgrade/layer_MRLFGenericRockGrass_DiffuseMRLFGenericRockGrass_Normal4a04ae78e003058e.terrainlayer
  artifactKey: Guid(5fda1c6305478a440b12f9fa9d258937) Importer(815301076,1909f56bfc062723c751e8b465ee728b)
Start importing Assets/_TerrainAutoUpgrade/layer_MRLFGenericRockGrass_DiffuseMRLFGenericRockGrass_Normal4a04ae78e003058e.terrainlayer using Guid(5fda1c6305478a440b12f9fa9d258937) Importer(815301076,1909f56bfc062723c751e8b465ee728b)  -> (artifact id: '5a82fdfb1a138e254f6ad9dc1d0b17bb') in 0.027168 seconds 
  Import took 0.032023 seconds .

========================================================================
Received Import Request.
  Time since last request: 0.000208 seconds.
  path: Assets/_TerrainAutoUpgrade/layer_MRLFGenericRockGrass_DiffuseMRLFGenericRockGrass_Normal312cdf1c675cb011.terrainlayer
  artifactKey: Guid(6f822f574846a44449b1a4f42387ef95) Importer(815301076,1909f56bfc062723c751e8b465ee728b)
Start importing Assets/_TerrainAutoUpgrade/layer_MRLFGenericRockGrass_DiffuseMRLFGenericRockGrass_Normal312cdf1c675cb011.terrainlayer using Guid(6f822f574846a44449b1a4f42387ef95) Importer(815301076,1909f56bfc062723c751e8b465ee728b)  -> (artifact id: 'c2c7522c89ce97d9726f363d7fbc2140') in 0.029346 seconds 
  Import took 0.033928 seconds .

========================================================================
Received Import Request.
  Time since last request: 0.156333 seconds.
  path: Assets/_TerrainAutoUpgrade/layer_MRLGenericGrass_DiffuseMRLGenericGrass_Normal3d3aba195e4d26ee.terrainlayer
  artifactKey: Guid(fd291088e52c77349b0e10a9229a1a48) Importer(815301076,1909f56bfc062723c751e8b465ee728b)
Start importing Assets/_TerrainAutoUpgrade/layer_MRLGenericGrass_DiffuseMRLGenericGrass_Normal3d3aba195e4d26ee.terrainlayer using Guid(fd291088e52c77349b0e10a9229a1a48) Importer(815301076,1909f56bfc062723c751e8b465ee728b)  -> (artifact id: '443d3406761ac63c3fb31033d038b6ac') in 0.027459 seconds 
  Import took 0.032289 seconds .

========================================================================
Received Import Request.
  Time since last request: 0.930221 seconds.
  path: Assets/TerrainTexturesPackFree/TerrainTextures/GroundStones01.png
  artifactKey: Guid(17405fba9d20b47408239b3e82d60232) Importer(815301076,1909f56bfc062723c751e8b465ee728b)
Start importing Assets/TerrainTexturesPackFree/TerrainTextures/GroundStones01.png using Guid(17405fba9d20b47408239b3e82d60232) Importer(815301076,1909f56bfc062723c751e8b465ee728b)  -> (artifact id: '6360c6c3063b2815cb8e76869a31d829') in 0.068077 seconds 
  Import took 0.073027 seconds .

========================================================================
Received Import Request.
  Time since last request: 20.540688 seconds.
  path: Assets/Samples/Terrain Tools/0.1.0-preview/Terrain Assets/TerrainTextures/dirt_albedo.tif
  artifactKey: Guid(7f3df385222f5b1428f6a156037deb5e) Importer(815301076,1909f56bfc062723c751e8b465ee728b)
Start importing Assets/Samples/Terrain Tools/0.1.0-preview/Terrain Assets/TerrainTextures/dirt_albedo.tif using Guid(7f3df385222f5b1428f6a156037deb5e) Importer(815301076,1909f56bfc062723c751e8b465ee728b)  -> (artifact id: 'e02311d354d4cf86f8f2bf30733fd258') in 0.015118 seconds 
  Import took 0.018861 seconds .

========================================================================
Received Import Request.
  Time since last request: 0.001289 seconds.
  path: Assets/Samples/Terrain Tools/0.1.0-preview/Terrain Assets/TerrainTextures/dirt_albedo.tif
  artifactKey: Guid(7f3df385222f5b1428f6a156037deb5e) Importer(815301076,1909f56bfc062723c751e8b465ee728b)
Start importing Assets/Samples/Terrain Tools/0.1.0-preview/Terrain Assets/TerrainTextures/dirt_albedo.tif using Guid(7f3df385222f5b1428f6a156037deb5e) Importer(815301076,1909f56bfc062723c751e8b465ee728b)  -> (artifact id: 'e02311d354d4cf86f8f2bf30733fd258') in 0.009616 seconds 
  Import took 0.013235 seconds .

========================================================================
Received Import Request.
  Time since last request: 27.031953 seconds.
  path: Assets/TerrainTexturesPackFree/TerrainTextures/GroundCracked01.png
  artifactKey: Guid(a87cbf62329d56d4681d92302095915c) Importer(815301076,1909f56bfc062723c751e8b465ee728b)
Start importing Assets/TerrainTexturesPackFree/TerrainTextures/GroundCracked01.png using Guid(a87cbf62329d56d4681d92302095915c) Importer(815301076,1909f56bfc062723c751e8b465ee728b)  -> (artifact id: '387e0822e1d0ad5592e2bf6970ebd3cc') in 0.015975 seconds 
  Import took 0.019731 seconds .

========================================================================
Received Import Request.
  Time since last request: 0.001441 seconds.
  path: Assets/TerrainTexturesPackFree/TerrainTextures/GroundCracked01.png
  artifactKey: Guid(a87cbf62329d56d4681d92302095915c) Importer(815301076,1909f56bfc062723c751e8b465ee728b)
Start importing Assets/TerrainTexturesPackFree/TerrainTextures/GroundCracked01.png using Guid(a87cbf62329d56d4681d92302095915c) Importer(815301076,1909f56bfc062723c751e8b465ee728b)  -> (artifact id: '387e0822e1d0ad5592e2bf6970ebd3cc') in 0.014758 seconds 
  Import took 0.018182 seconds .

========================================================================
Received Import Request.
  Time since last request: 12.962640 seconds.
  path: Assets/NanaeAdded/Forest1/Glowing_Forest/Textures/Landscape/Ground.png
  artifactKey: Guid(35acb34319e7f224095467c974ffd213) Importer(815301076,1909f56bfc062723c751e8b465ee728b)
Start importing Assets/NanaeAdded/Forest1/Glowing_Forest/Textures/Landscape/Ground.png using Guid(35acb34319e7f224095467c974ffd213) Importer(815301076,1909f56bfc062723c751e8b465ee728b)  -> (artifact id: '7475a3b7a2e33152116705cee24a2cec') in 0.010713 seconds 
  Import took 0.014511 seconds .

========================================================================
Received Import Request.
  Time since last request: 0.001046 seconds.
  path: Assets/NanaeAdded/Forest1/Glowing_Forest/Textures/Landscape/Ground.png
  artifactKey: Guid(35acb34319e7f224095467c974ffd213) Importer(815301076,1909f56bfc062723c751e8b465ee728b)
Start importing Assets/NanaeAdded/Forest1/Glowing_Forest/Textures/Landscape/Ground.png using Guid(35acb34319e7f224095467c974ffd213) Importer(815301076,1909f56bfc062723c751e8b465ee728b)  -> (artifact id: '7475a3b7a2e33152116705cee24a2cec') in 0.009730 seconds 
  Import took 0.013322 seconds .

========================================================================
Received Import Request.
  Time since last request: 38.700821 seconds.
  path: Assets/NanaeAdded/HillsRock/Rocky Hills Environment - Light Pack/Models/MRL_RockMediumA.fbx
  artifactKey: Guid(ae7de41abed2347459848e315512382a) Importer(815301076,1909f56bfc062723c751e8b465ee728b)
Start importing Assets/NanaeAdded/HillsRock/Rocky Hills Environment - Light Pack/Models/MRL_RockMediumA.fbx using Guid(ae7de41abed2347459848e315512382a) Importer(815301076,1909f56bfc062723c751e8b465ee728b)  -> (artifact id: 'ae407f991a836f0e8c3bcad1686840a8') in 0.036196 seconds 
  Import took 0.039774 seconds .

========================================================================
Received Import Request.
  Time since last request: 0.000211 seconds.
  path: Assets/NanaeAdded/HillsRock/Rocky Hills Environment - Light Pack/Models/RHE_SpruceTerrainC.fbx
  artifactKey: Guid(dc2a10c2322590e43aeb3a3a88813257) Importer(815301076,1909f56bfc062723c751e8b465ee728b)
Start importing Assets/NanaeAdded/HillsRock/Rocky Hills Environment - Light Pack/Models/RHE_SpruceTerrainC.fbx using Guid(dc2a10c2322590e43aeb3a3a88813257) Importer(815301076,1909f56bfc062723c751e8b465ee728b)  -> (artifact id: '271d18e2ce5c678fd6e05474b6c2a660') in 0.018418 seconds 
  Import took 0.021295 seconds .

========================================================================
Received Import Request.
  Time since last request: 0.000242 seconds.
  path: Assets/NanaeAdded/HillsRock/Rocky Hills Environment - Light Pack/Models/RHEF_GenericCliffB.fbx
  artifactKey: Guid(f36c103ec749c4f4da290838375b2114) Importer(815301076,1909f56bfc062723c751e8b465ee728b)
Start importing Assets/NanaeAdded/HillsRock/Rocky Hills Environment - Light Pack/Models/RHEF_GenericCliffB.fbx using Guid(f36c103ec749c4f4da290838375b2114) Importer(815301076,1909f56bfc062723c751e8b465ee728b)  -> (artifact id: '4c5ae2c8042a3a100d81df2260a92185') in 0.013217 seconds 
  Import took 0.016735 seconds .

========================================================================
Received Import Request.
  Time since last request: 0.000219 seconds.
  path: Assets/NanaeAdded/HillsRock/Rocky Hills Environment - Light Pack/Models/RHEF_RockMediumC.fbx
  artifactKey: Guid(742263ad15a97bc49a4f7df707e63198) Importer(815301076,1909f56bfc062723c751e8b465ee728b)
Start importing Assets/NanaeAdded/HillsRock/Rocky Hills Environment - Light Pack/Models/RHEF_RockMediumC.fbx using Guid(742263ad15a97bc49a4f7df707e63198) Importer(815301076,1909f56bfc062723c751e8b465ee728b)  -> (artifact id: '660fec8fb7645dac0b51a687131182b0') in 0.014279 seconds 
  Import took 0.017248 seconds .

========================================================================
Received Import Request.
  Time since last request: 0.000217 seconds.
  path: Assets/NanaeAdded/HillsRock/Rocky Hills Environment - Light Pack/Models/RHEF_RockDetailsB.fbx
  artifactKey: Guid(a80bfbcbd0344194fb71fd467f73956c) Importer(815301076,1909f56bfc062723c751e8b465ee728b)
Start importing Assets/NanaeAdded/HillsRock/Rocky Hills Environment - Light Pack/Models/RHEF_RockDetailsB.fbx using Guid(a80bfbcbd0344194fb71fd467f73956c) Importer(815301076,1909f56bfc062723c751e8b465ee728b)  -> (artifact id: '13dbf74b4beaaa824578bb03400c4d39') in 0.012610 seconds 
  Import took 0.016295 seconds .

========================================================================
Received Import Request.
  Time since last request: 0.000199 seconds.
  path: Assets/NanaeAdded/HillsRock/Rocky Hills Environment - Light Pack/Models/RHEF_Cave.fbx
  artifactKey: Guid(1e2710767ccb62c4aac31face380078c) Importer(815301076,1909f56bfc062723c751e8b465ee728b)
Start importing Assets/NanaeAdded/HillsRock/Rocky Hills Environment - Light Pack/Models/RHEF_Cave.fbx using Guid(1e2710767ccb62c4aac31face380078c) Importer(815301076,1909f56bfc062723c751e8b465ee728b)  -> (artifact id: '3c9a402205ff0da630fa9b114adc9ae2') in 0.029270 seconds 
  Import took 0.032804 seconds .

========================================================================
Received Import Request.
  Time since last request: 0.000227 seconds.
  path: Assets/NanaeAdded/HillsRock/Rocky Hills Environment - Light Pack/Models/MRL_RockMediumB.fbx
  artifactKey: Guid(8ebbc78dc4948104ca53341d09c83f2b) Importer(815301076,1909f56bfc062723c751e8b465ee728b)
Start importing Assets/NanaeAdded/HillsRock/Rocky Hills Environment - Light Pack/Models/MRL_RockMediumB.fbx using Guid(8ebbc78dc4948104ca53341d09c83f2b) Importer(815301076,1909f56bfc062723c751e8b465ee728b)  -> (artifact id: 'b3bdf13a1f9fa2f9a217d973b279fa82') in 0.016137 seconds 
  Import took 0.018998 seconds .

========================================================================
Received Import Request.
  Time since last request: 0.000231 seconds.
  path: Assets/NanaeAdded/HillsRock/Rocky Hills Environment - Light Pack/Models/RHEF_LowRockMedium.fbx
  artifactKey: Guid(20c4a542f1252fb4e8fbf9612112c51e) Importer(815301076,1909f56bfc062723c751e8b465ee728b)
Start importing Assets/NanaeAdded/HillsRock/Rocky Hills Environment - Light Pack/Models/RHEF_LowRockMedium.fbx using Guid(20c4a542f1252fb4e8fbf9612112c51e) Importer(815301076,1909f56bfc062723c751e8b465ee728b)  -> (artifact id: '7d83a4e4c68978aabda91a30a27516ff') in 0.014260 seconds 
  Import took 0.017639 seconds .

========================================================================
Received Import Request.
  Time since last request: 0.000193 seconds.
  path: Assets/NanaeAdded/HillsRock/Rocky Hills Environment - Light Pack/Models/RHEF_GenericCliffA.fbx
  artifactKey: Guid(4b1331e472b28b24a8bdf1a111400ea0) Importer(815301076,1909f56bfc062723c751e8b465ee728b)
Start importing Assets/NanaeAdded/HillsRock/Rocky Hills Environment - Light Pack/Models/RHEF_GenericCliffA.fbx using Guid(4b1331e472b28b24a8bdf1a111400ea0) Importer(815301076,1909f56bfc062723c751e8b465ee728b)  -> (artifact id: '268fe30a1a381e638149df03d9ff7660') in 0.015011 seconds 
  Import took 0.018116 seconds .

========================================================================
Received Import Request.
  Time since last request: 0.000229 seconds.
  path: Assets/NanaeAdded/HillsRock/Rocky Hills Environment - Light Pack/Models/RHE_SpruceTerrainA.fbx
  artifactKey: Guid(27901aaed5f6e6047bde1faff7c2bba8) Importer(815301076,1909f56bfc062723c751e8b465ee728b)
Start importing Assets/NanaeAdded/HillsRock/Rocky Hills Environment - Light Pack/Models/RHE_SpruceTerrainA.fbx using Guid(27901aaed5f6e6047bde1faff7c2bba8) Importer(815301076,1909f56bfc062723c751e8b465ee728b)  -> (artifact id: '1e9262ef8f1c47d4faca300d7478a797') in 0.014833 seconds 
  Import took 0.018006 seconds .

========================================================================
Received Import Request.
  Time since last request: 0.000249 seconds.
  path: Assets/NanaeAdded/HillsRock/Rocky Hills Environment - Light Pack/Models/RHEF_RockDetailsA.fbx
  artifactKey: Guid(30a53a13b46d0e6479aabf8f87cad475) Importer(815301076,1909f56bfc062723c751e8b465ee728b)
Start importing Assets/NanaeAdded/HillsRock/Rocky Hills Environment - Light Pack/Models/RHEF_RockDetailsA.fbx using Guid(30a53a13b46d0e6479aabf8f87cad475) Importer(815301076,1909f56bfc062723c751e8b465ee728b)  -> (artifact id: '9f6494909db80668d34da6e4ed97d7c4') in 0.015708 seconds 
  Import took 0.018986 seconds .

========================================================================
Received Import Request.
  Time since last request: 0.000277 seconds.
  path: Assets/NanaeAdded/HillsRock/Rocky Hills Environment - Light Pack/Models/RHEF_SpruceA.fbx
  artifactKey: Guid(b6e127cb00c9dda40b7cac23fea4d82d) Importer(815301076,1909f56bfc062723c751e8b465ee728b)
Start importing Assets/NanaeAdded/HillsRock/Rocky Hills Environment - Light Pack/Models/RHEF_SpruceA.fbx using Guid(b6e127cb00c9dda40b7cac23fea4d82d) Importer(815301076,1909f56bfc062723c751e8b465ee728b)  -> (artifact id: '7b4b2da76909f9840344674db183add0') in 0.027934 seconds 
  Import took 0.031393 seconds .

========================================================================
Received Import Request.
  Time since last request: 0.000258 seconds.
  path: Assets/NanaeAdded/HillsRock/Rocky Hills Environment - Light Pack/Models/RHE_SpruceTerrainB.fbx
  artifactKey: Guid(c27f6194db0039e4dba99e2e69ceb120) Importer(815301076,1909f56bfc062723c751e8b465ee728b)
Start importing Assets/NanaeAdded/HillsRock/Rocky Hills Environment - Light Pack/Models/RHE_SpruceTerrainB.fbx using Guid(c27f6194db0039e4dba99e2e69ceb120) Importer(815301076,1909f56bfc062723c751e8b465ee728b)  -> (artifact id: '3028b3b4f48c4f7439745381389f23b4') in 0.014129 seconds 
  Import took 0.017660 seconds .

========================================================================
Received Import Request.
  Time since last request: 0.000241 seconds.
  path: Assets/NanaeAdded/HillsRock/Rocky Hills Environment - Light Pack/Models/RHEF_SpruceB.fbx
  artifactKey: Guid(59cbdc64f3ac49c4db5f5808cb9de3d1) Importer(815301076,1909f56bfc062723c751e8b465ee728b)
Start importing Assets/NanaeAdded/HillsRock/Rocky Hills Environment - Light Pack/Models/RHEF_SpruceB.fbx using Guid(59cbdc64f3ac49c4db5f5808cb9de3d1) Importer(815301076,1909f56bfc062723c751e8b465ee728b)  -> (artifact id: '0809a90e463de9690a8145fbbf317b91') in 0.023900 seconds 
  Import took 0.027017 seconds .

========================================================================
Received Import Request.
  Time since last request: 0.000227 seconds.
  path: Assets/NanaeAdded/HillsRock/Rocky Hills Environment - Light Pack/Models/RHE_SpruceTerrainB.fbx
  artifactKey: Guid(c27f6194db0039e4dba99e2e69ceb120) Importer(815301076,1909f56bfc062723c751e8b465ee728b)
Start importing Assets/NanaeAdded/HillsRock/Rocky Hills Environment - Light Pack/Models/RHE_SpruceTerrainB.fbx using Guid(c27f6194db0039e4dba99e2e69ceb120) Importer(815301076,1909f56bfc062723c751e8b465ee728b)  -> (artifact id: '3028b3b4f48c4f7439745381389f23b4') in 0.012956 seconds 
  Import took 0.016807 seconds .

========================================================================
Received Import Request.
  Time since last request: 0.000260 seconds.
  path: Assets/NanaeAdded/HillsRock/Rocky Hills Environment - Light Pack/Models/RHEF_SpruceC.fbx
  artifactKey: Guid(be178fcceb59af6439ebb3a2184b7819) Importer(815301076,1909f56bfc062723c751e8b465ee728b)
Start importing Assets/NanaeAdded/HillsRock/Rocky Hills Environment - Light Pack/Models/RHEF_SpruceC.fbx using Guid(be178fcceb59af6439ebb3a2184b7819) Importer(815301076,1909f56bfc062723c751e8b465ee728b)  -> (artifact id: '3ea0b26654b5103af627bbcb4e1a4306') in 0.028890 seconds 
  Import took 0.031968 seconds .

========================================================================
Received Import Request.
  Time since last request: 0.780693 seconds.
  path: Assets/NanaeAdded/HillsRock/Rocky Hills Environment - Light Pack/Normals/MRLFGenericRockGrass_Normal.png
  artifactKey: Guid(eb27eae67d189cb499cceefbbf8d8616) Importer(815301076,1909f56bfc062723c751e8b465ee728b)
Start importing Assets/NanaeAdded/HillsRock/Rocky Hills Environment - Light Pack/Normals/MRLFGenericRockGrass_Normal.png using Guid(eb27eae67d189cb499cceefbbf8d8616) Importer(815301076,1909f56bfc062723c751e8b465ee728b)  -> (artifact id: '19a5e414c1494097cf475044f5d8e682') in 0.028434 seconds 
  Import took 0.033338 seconds .

========================================================================
Received Import Request.
  Time since last request: 0.000187 seconds.
  path: Assets/NanaeAdded/HillsRock/Rocky Hills Environment - Light Pack/Normals/RHEFLowRockMedium_Normal.png
  artifactKey: Guid(13221ccc0fe5bdf4ab18a5400ca1dfdc) Importer(815301076,1909f56bfc062723c751e8b465ee728b)
Start importing Assets/NanaeAdded/HillsRock/Rocky Hills Environment - Light Pack/Normals/RHEFLowRockMedium_Normal.png using Guid(13221ccc0fe5bdf4ab18a5400ca1dfdc) Importer(815301076,1909f56bfc062723c751e8b465ee728b)  -> (artifact id: '87c09341f9b5db4494990d3a6b0001c5') in 0.029822 seconds 
  Import took 0.034243 seconds .

========================================================================
Received Import Request.
  Time since last request: 0.000209 seconds.
  path: Assets/NanaeAdded/HillsRock/Rocky Hills Environment - Light Pack/Normals/RHEFCave_NormalDetail.png
  artifactKey: Guid(01bb416b0bcb240478a4db8519684ef1) Importer(815301076,1909f56bfc062723c751e8b465ee728b)
Start importing Assets/NanaeAdded/HillsRock/Rocky Hills Environment - Light Pack/Normals/RHEFCave_NormalDetail.png using Guid(01bb416b0bcb240478a4db8519684ef1) Importer(815301076,1909f56bfc062723c751e8b465ee728b)  -> (artifact id: 'b8338f0c72a13c5b18cd954636364bc9') in 0.029041 seconds 
  Import took 0.033305 seconds .

========================================================================
Received Import Request.
  Time since last request: 0.000231 seconds.
  path: Assets/NanaeAdded/HillsRock/Rocky Hills Environment - Light Pack/Normals/RHEFGenericCliffA_Normal.png
  artifactKey: Guid(68eba6a4f88ab3f4faec4ae28645de7b) Importer(815301076,1909f56bfc062723c751e8b465ee728b)
Start importing Assets/NanaeAdded/HillsRock/Rocky Hills Environment - Light Pack/Normals/RHEFGenericCliffA_Normal.png using Guid(68eba6a4f88ab3f4faec4ae28645de7b) Importer(815301076,1909f56bfc062723c751e8b465ee728b)  -> (artifact id: '4a0530360d1d641bd9f405e318c8aa32') in 0.031895 seconds 
  Import took 0.036785 seconds .

========================================================================
Received Import Request.
  Time since last request: 0.000178 seconds.
  path: Assets/NanaeAdded/HillsRock/Rocky Hills Environment - Light Pack/Normals/RHEFRockDetails_Normal.png
  artifactKey: Guid(2a2c5e7f5082dd740aa37550eabc6727) Importer(815301076,1909f56bfc062723c751e8b465ee728b)
Start importing Assets/NanaeAdded/HillsRock/Rocky Hills Environment - Light Pack/Normals/RHEFRockDetails_Normal.png using Guid(2a2c5e7f5082dd740aa37550eabc6727) Importer(815301076,1909f56bfc062723c751e8b465ee728b)  -> (artifact id: '2625ec0ac94b798289a7fbf331b8ff47') in 0.012304 seconds 
  Import took 0.015581 seconds .

========================================================================
Received Import Request.
  Time since last request: 0.000246 seconds.
  path: Assets/NanaeAdded/HillsRock/Rocky Hills Environment - Light Pack/Normals/SpruceLeaves_Normal.png
  artifactKey: Guid(0e3cd288a3136794495e2330fcde9683) Importer(815301076,1909f56bfc062723c751e8b465ee728b)
Start importing Assets/NanaeAdded/HillsRock/Rocky Hills Environment - Light Pack/Normals/SpruceLeaves_Normal.png using Guid(0e3cd288a3136794495e2330fcde9683) Importer(815301076,1909f56bfc062723c751e8b465ee728b)  -> (artifact id: '812a92473e1961ebb2b19a31595f3534') in 0.011479 seconds 
  Import took 0.015397 seconds .

========================================================================
Received Import Request.
  Time since last request: 0.000185 seconds.
  path: Assets/NanaeAdded/HillsRock/Rocky Hills Environment - Light Pack/Normals/RHEFCave_Normal.png
  artifactKey: Guid(f12f2d3bf017ad44cb28b3c5535811a4) Importer(815301076,1909f56bfc062723c751e8b465ee728b)
Start importing Assets/NanaeAdded/HillsRock/Rocky Hills Environment - Light Pack/Normals/RHEFCave_Normal.png using Guid(f12f2d3bf017ad44cb28b3c5535811a4) Importer(815301076,1909f56bfc062723c751e8b465ee728b)  -> (artifact id: '042abf28057480dde9f569f9c8a37568') in 0.027651 seconds 
  Import took 0.032018 seconds .

========================================================================
Received Import Request.
  Time since last request: 0.000224 seconds.
  path: Assets/NanaeAdded/HillsRock/Rocky Hills Environment - Light Pack/Normals/RHEFRockMediumC_Normal2.png
  artifactKey: Guid(d8b8991f829aabd4b97e95b445eb9c99) Importer(815301076,1909f56bfc062723c751e8b465ee728b)
Start importing Assets/NanaeAdded/HillsRock/Rocky Hills Environment - Light Pack/Normals/RHEFRockMediumC_Normal2.png using Guid(d8b8991f829aabd4b97e95b445eb9c99) Importer(815301076,1909f56bfc062723c751e8b465ee728b)  -> (artifact id: '47b3d5d440cdc84aa54f001006cdd0a7') in 0.027650 seconds 
  Import took 0.032296 seconds .

========================================================================
Received Import Request.
  Time since last request: 0.000223 seconds.
  path: Assets/NanaeAdded/HillsRock/Rocky Hills Environment - Light Pack/Normals/MRLGenericGrass_Normal.png
  artifactKey: Guid(69ccd7b6580105545993617c741e294f) Importer(815301076,1909f56bfc062723c751e8b465ee728b)
Start importing Assets/NanaeAdded/HillsRock/Rocky Hills Environment - Light Pack/Normals/MRLGenericGrass_Normal.png using Guid(69ccd7b6580105545993617c741e294f) Importer(815301076,1909f56bfc062723c751e8b465ee728b)  -> (artifact id: '0cee390586b78eec5b294e51b9fde310') in 0.029503 seconds 
  Import took 0.034306 seconds .

========================================================================
Received Import Request.
  Time since last request: 0.000249 seconds.
  path: Assets/NanaeAdded/HillsRock/Rocky Hills Environment - Light Pack/Normals/RHEFGenericCliffB_Normal.png
  artifactKey: Guid(a16cabfe30a04b7428b1bfe307bc22bb) Importer(815301076,1909f56bfc062723c751e8b465ee728b)
Start importing Assets/NanaeAdded/HillsRock/Rocky Hills Environment - Light Pack/Normals/RHEFGenericCliffB_Normal.png using Guid(a16cabfe30a04b7428b1bfe307bc22bb) Importer(815301076,1909f56bfc062723c751e8b465ee728b)  -> (artifact id: '0549d989ab0198afe9af8f3e33e0ac94') in 0.029604 seconds 
  Import took 0.034153 seconds .

========================================================================
Received Import Request.
  Time since last request: 0.000216 seconds.
  path: Assets/NanaeAdded/HillsRock/Rocky Hills Environment - Light Pack/Normals/MRLFGenericRockGrass_NormalB.png
  artifactKey: Guid(ea165a9df53f5814a8ca48083f1c35a7) Importer(815301076,1909f56bfc062723c751e8b465ee728b)
Start importing Assets/NanaeAdded/HillsRock/Rocky Hills Environment - Light Pack/Normals/MRLFGenericRockGrass_NormalB.png using Guid(ea165a9df53f5814a8ca48083f1c35a7) Importer(815301076,1909f56bfc062723c751e8b465ee728b)  -> (artifact id: '0a01f5b3eca4fa15cc46879067839997') in 0.029623 seconds 
  Import took 0.034374 seconds .

========================================================================
Received Import Request.
  Time since last request: 0.000215 seconds.
  path: Assets/NanaeAdded/HillsRock/Rocky Hills Environment - Light Pack/Normals/MRLRockMediumA_Normal.png
  artifactKey: Guid(dd98c77845272a54fa7debabd9dd46bc) Importer(815301076,1909f56bfc062723c751e8b465ee728b)
Start importing Assets/NanaeAdded/HillsRock/Rocky Hills Environment - Light Pack/Normals/MRLRockMediumA_Normal.png using Guid(dd98c77845272a54fa7debabd9dd46bc) Importer(815301076,1909f56bfc062723c751e8b465ee728b)  -> (artifact id: '567fe4a67c4245aa094e15c146a9dc61') in 0.012581 seconds 
  Import took 0.015655 seconds .

========================================================================
Received Import Request.
  Time since last request: 0.000240 seconds.
  path: Assets/NanaeAdded/HillsRock/Rocky Hills Environment - Light Pack/Normals/RHEFCaveTop_Normal.png
  artifactKey: Guid(4fe420bef6a1ff74abb58f7ba0e64b80) Importer(815301076,1909f56bfc062723c751e8b465ee728b)
Start importing Assets/NanaeAdded/HillsRock/Rocky Hills Environment - Light Pack/Normals/RHEFCaveTop_Normal.png using Guid(4fe420bef6a1ff74abb58f7ba0e64b80) Importer(815301076,1909f56bfc062723c751e8b465ee728b)  -> (artifact id: 'ed0e2aa771eaca8b8c27c8d12bf89153') in 0.031744 seconds 
  Import took 0.036135 seconds .

========================================================================
Received Import Request.
  Time since last request: 0.000181 seconds.
  path: Assets/NanaeAdded/HillsRock/Rocky Hills Environment - Light Pack/Normals/RHEFLowRockMedium_Normal2.png
  artifactKey: Guid(6f6accb1438b18043a291d481576dd71) Importer(815301076,1909f56bfc062723c751e8b465ee728b)
Start importing Assets/NanaeAdded/HillsRock/Rocky Hills Environment - Light Pack/Normals/RHEFLowRockMedium_Normal2.png using Guid(6f6accb1438b18043a291d481576dd71) Importer(815301076,1909f56bfc062723c751e8b465ee728b)  -> (artifact id: '737f1a9a28efac5f37a4d6c227efb7cf') in 0.031761 seconds 
  Import took 0.036754 seconds .

========================================================================
Received Import Request.
  Time since last request: 0.000261 seconds.
  path: Assets/NanaeAdded/HillsRock/Rocky Hills Environment - Light Pack/Normals/MRLRockMediumB_Normal.png
  artifactKey: Guid(48c982ca184f98c439d8d7b7926af7e1) Importer(815301076,1909f56bfc062723c751e8b465ee728b)
Start importing Assets/NanaeAdded/HillsRock/Rocky Hills Environment - Light Pack/Normals/MRLRockMediumB_Normal.png using Guid(48c982ca184f98c439d8d7b7926af7e1) Importer(815301076,1909f56bfc062723c751e8b465ee728b)  -> (artifact id: '082235e0ff4a1e7065e8dccbd9320f5b') in 0.031535 seconds 
  Import took 0.036581 seconds .

========================================================================
Received Import Request.
  Time since last request: 0.000223 seconds.
  path: Assets/NanaeAdded/HillsRock/Rocky Hills Environment - Light Pack/Normals/RHEFGenericCliffB_Normal2.png
  artifactKey: Guid(d7e04875a80e35844a5fb5e26103f3f6) Importer(815301076,1909f56bfc062723c751e8b465ee728b)
Start importing Assets/NanaeAdded/HillsRock/Rocky Hills Environment - Light Pack/Normals/RHEFGenericCliffB_Normal2.png using Guid(d7e04875a80e35844a5fb5e26103f3f6) Importer(815301076,1909f56bfc062723c751e8b465ee728b)  -> (artifact id: 'c1aedb77aa1f2aa1bc75a24afcf48e51') in 0.032645 seconds 
  Import took 0.037065 seconds .

========================================================================
Received Import Request.
  Time since last request: 0.000221 seconds.
  path: Assets/NanaeAdded/HillsRock/Rocky Hills Environment - Light Pack/Normals/SpruceTrunk_Normal.png
  artifactKey: Guid(18935532cbe1ff8479d9b1166024c99f) Importer(815301076,1909f56bfc062723c751e8b465ee728b)
Start importing Assets/NanaeAdded/HillsRock/Rocky Hills Environment - Light Pack/Normals/SpruceTrunk_Normal.png using Guid(18935532cbe1ff8479d9b1166024c99f) Importer(815301076,1909f56bfc062723c751e8b465ee728b)  -> (artifact id: '1ff4e127ff323cfdbb4ebfcc174975d6') in 0.016022 seconds 
  Import took 0.019385 seconds .

========================================================================
Received Import Request.
  Time since last request: 0.000236 seconds.
  path: Assets/NanaeAdded/HillsRock/Rocky Hills Environment - Light Pack/Normals/RHEFGenericCliffA_Normal2.png
  artifactKey: Guid(791e9d77deabaa44abee254f19e0c742) Importer(815301076,1909f56bfc062723c751e8b465ee728b)
Start importing Assets/NanaeAdded/HillsRock/Rocky Hills Environment - Light Pack/Normals/RHEFGenericCliffA_Normal2.png using Guid(791e9d77deabaa44abee254f19e0c742) Importer(815301076,1909f56bfc062723c751e8b465ee728b)  -> (artifact id: '6852681ab94cd99f20cba6faf8150f62') in 0.031320 seconds 
  Import took 0.036360 seconds .

========================================================================
Received Import Request.
  Time since last request: 0.000209 seconds.
  path: Assets/NanaeAdded/HillsRock/Rocky Hills Environment - Light Pack/Normals/RHEFCaveTop_Normal2.png
  artifactKey: Guid(5e802fa9657004f4ab98b37803e75cda) Importer(815301076,1909f56bfc062723c751e8b465ee728b)
Start importing Assets/NanaeAdded/HillsRock/Rocky Hills Environment - Light Pack/Normals/RHEFCaveTop_Normal2.png using Guid(5e802fa9657004f4ab98b37803e75cda) Importer(815301076,1909f56bfc062723c751e8b465ee728b)  -> (artifact id: '34e166e75d9cd23645327676b37f371e') in 0.031315 seconds 
  Import took 0.035660 seconds .

========================================================================
Received Import Request.
  Time since last request: 0.000220 seconds.
  path: Assets/NanaeAdded/HillsRock/Rocky Hills Environment - Light Pack/Normals/MRLRockMediumA_Normal2.png
  artifactKey: Guid(0ec15205a46338042842fa8d7094c4f4) Importer(815301076,1909f56bfc062723c751e8b465ee728b)
Start importing Assets/NanaeAdded/HillsRock/Rocky Hills Environment - Light Pack/Normals/MRLRockMediumA_Normal2.png using Guid(0ec15205a46338042842fa8d7094c4f4) Importer(815301076,1909f56bfc062723c751e8b465ee728b)  -> (artifact id: 'c845c3e2c4f82c1287839436478a4e30') in 0.015026 seconds 
  Import took 0.018381 seconds .

========================================================================
Received Import Request.
  Time since last request: 0.000220 seconds.
  path: Assets/NanaeAdded/HillsRock/Rocky Hills Environment - Light Pack/Normals/RHEFRockMediumC_Normalx.png
  artifactKey: Guid(dc569a4d9a826524faafda1ea2bf4b8b) Importer(815301076,1909f56bfc062723c751e8b465ee728b)
Start importing Assets/NanaeAdded/HillsRock/Rocky Hills Environment - Light Pack/Normals/RHEFRockMediumC_Normalx.png using Guid(dc569a4d9a826524faafda1ea2bf4b8b) Importer(815301076,1909f56bfc062723c751e8b465ee728b)  -> (artifact id: '505ca1061c6aface47d14187541b5128') in 0.033096 seconds 
  Import took 0.037787 seconds .

========================================================================
Received Import Request.
  Time since last request: 0.000226 seconds.
  path: Assets/NanaeAdded/HillsRock/Rocky Hills Environment - Light Pack/Normals/MRLRockMediumA_Normal2.png
  artifactKey: Guid(0ec15205a46338042842fa8d7094c4f4) Importer(815301076,1909f56bfc062723c751e8b465ee728b)
Start importing Assets/NanaeAdded/HillsRock/Rocky Hills Environment - Light Pack/Normals/MRLRockMediumA_Normal2.png using Guid(0ec15205a46338042842fa8d7094c4f4) Importer(815301076,1909f56bfc062723c751e8b465ee728b)  -> (artifact id: 'c845c3e2c4f82c1287839436478a4e30') in 0.014333 seconds 
  Import took 0.017560 seconds .

========================================================================
Received Import Request.
  Time since last request: 230.407184 seconds.
  path: Assets/Terrain/Terrain_0_0_68058227-de82-463d-ba68-9998937e72e0.asset
  artifactKey: Guid(1afcf97cf19099c4bb19c470c7be4c75) Importer(815301076,1909f56bfc062723c751e8b465ee728b)
Start importing Assets/Terrain/Terrain_0_0_68058227-de82-463d-ba68-9998937e72e0.asset using Guid(1afcf97cf19099c4bb19c470c7be4c75) Importer(815301076,1909f56bfc062723c751e8b465ee728b) The tree Mushroom1 must use the Nature/Soft Occlusion shader. Otherwise billboarding/lighting will not work correctly.

The tree Flower1 must use the Nature/Soft Occlusion shader. Otherwise billboarding/lighting will not work correctly.

The tree Grass1 must use the Nature/Soft Occlusion shader. Otherwise billboarding/lighting will not work correctly.

 -> (artifact id: '4fb7a5df774eb67734e608fd2f9f8b09') in 0.018815 seconds 
  Import took 0.023048 seconds .

========================================================================
Received Import Request.
  Time since last request: 0.000207 seconds.
  path: Assets/Terrain/TerrainData_2a203e18-0e0f-4495-babf-271bb9e026f5.asset
  artifactKey: Guid(e79473c76df022240930b0b547d968fb) Importer(815301076,1909f56bfc062723c751e8b465ee728b)
Start importing Assets/Terrain/TerrainData_2a203e18-0e0f-4495-babf-271bb9e026f5.asset using Guid(e79473c76df022240930b0b547d968fb) Importer(815301076,1909f56bfc062723c751e8b465ee728b)  -> (artifact id: '4bdbb6829a06b73b16e83648c4b1efe0') in 0.016203 seconds 
  Import took 0.019351 seconds .

========================================================================
Received Import Request.
  Time since last request: 7.250982 seconds.
  path: Assets/NanaeAdded/Trees/Free_Trees/Meshes/Fir_Tree.fbx
  artifactKey: Guid(d7ad634caa1c049d49b730cc6d29c683) Importer(815301076,1909f56bfc062723c751e8b465ee728b)
Start importing Assets/NanaeAdded/Trees/Free_Trees/Meshes/Fir_Tree.fbx using Guid(d7ad634caa1c049d49b730cc6d29c683) Importer(815301076,1909f56bfc062723c751e8b465ee728b)  -> (artifact id: '0fa1bd3198f1a51d51ee90569db3cd27') in 0.018213 seconds 
  Import took 0.021669 seconds .

========================================================================
Received Import Request.
  Time since last request: 0.000198 seconds.
  path: Assets/NanaeAdded/Trees/Free_Trees/Meshes/Poplar_Tree.fbx
  artifactKey: Guid(186ad8f063dbf430da4d56ebc0cb14e0) Importer(815301076,1909f56bfc062723c751e8b465ee728b)
Start importing Assets/NanaeAdded/Trees/Free_Trees/Meshes/Poplar_Tree.fbx using Guid(186ad8f063dbf430da4d56ebc0cb14e0) Importer(815301076,1909f56bfc062723c751e8b465ee728b)  -> (artifact id: '4d04a4634d2bab04b54b45fd1549700c') in 0.014053 seconds 
  Import took 0.017231 seconds .

========================================================================
Received Import Request.
  Time since last request: 0.000215 seconds.
  path: Assets/NanaeAdded/Trees/Free_Trees/Meshes/Oak_Tree.fbx
  artifactKey: Guid(6d58037af810b4021ac921a71033e575) Importer(815301076,1909f56bfc062723c751e8b465ee728b)
Start importing Assets/NanaeAdded/Trees/Free_Trees/Meshes/Oak_Tree.fbx using Guid(6d58037af810b4021ac921a71033e575) Importer(815301076,1909f56bfc062723c751e8b465ee728b)  -> (artifact id: 'f860f7580e42fbd06a313a16f44daac2') in 0.016391 seconds 
  Import took 0.019570 seconds .

========================================================================
Received Import Request.
  Time since last request: 0.000209 seconds.
  path: Assets/NanaeAdded/Trees/Free_Trees/Meshes/Palm_Tree.fbx
  artifactKey: Guid(1e50ef3048667495d90210b70c070c6b) Importer(815301076,1909f56bfc062723c751e8b465ee728b)
Start importing Assets/NanaeAdded/Trees/Free_Trees/Meshes/Palm_Tree.fbx using Guid(1e50ef3048667495d90210b70c070c6b) Importer(815301076,1909f56bfc062723c751e8b465ee728b)  -> (artifact id: '2b6ba1365e7b8794671d5b3f038bfe68') in 0.015436 seconds 
  Import took 0.018953 seconds .

========================================================================
Received Import Request.
  Time since last request: 0.001156 seconds.
  path: Assets/NanaeAdded/Trees/Free_Trees/Meshes/Palm_Tree.fbx
  artifactKey: Guid(1e50ef3048667495d90210b70c070c6b) Importer(815301076,1909f56bfc062723c751e8b465ee728b)
Start importing Assets/NanaeAdded/Trees/Free_Trees/Meshes/Palm_Tree.fbx using Guid(1e50ef3048667495d90210b70c070c6b) Importer(815301076,1909f56bfc062723c751e8b465ee728b)  -> (artifact id: '2b6ba1365e7b8794671d5b3f038bfe68') in 0.013380 seconds 
  Import took 0.016527 seconds .

========================================================================
Received Prepare
Registering precompiled user dll's ...
Registered in 0.002999 seconds.
Begin MonoManager ReloadAssembly
Native extension for WindowsStandalone target not found
Native extension for WebGL target not found
Refreshing native plugins compatible for Editor in 0.63 ms, found 2 plugins.
Preloading 0 native plugins for Editor in 0.00 ms.
Mono: successfully reloaded assembly
- Completed reload, in  1.125 seconds
Domain Reload Profiling:
	ReloadAssembly (1125ms)
		BeginReloadAssembly (121ms)
			ExecutionOrderSort (0ms)
			DisableScriptedObjects (3ms)
			BackupInstance (0ms)
			ReleaseScriptingObjects (0ms)
			CreateAndSetChildDomain (36ms)
		EndReloadAssembly (942ms)
			LoadAssemblies (76ms)
			RebuildTransferFunctionScriptingTraits (0ms)
			SetupTypeCache (255ms)
			ReleaseScriptCaches (1ms)
			RebuildScriptCaches (37ms)
			SetupLoadedEditorAssemblies (488ms)
				LogAssemblyErrors (0ms)
				InitializePlatformSupportModulesInManaged (6ms)
				SetLoadedEditorAssemblies (0ms)
				RefreshPlugins (1ms)
				BeforeProcessingInitializeOnLoad (50ms)
				ProcessInitializeOnLoadAttributes (417ms)
				ProcessInitializeOnLoadMethodAttributes (7ms)
				AfterProcessingInitializeOnLoad (7ms)
				EditorAssembliesLoaded (0ms)
			ExecutionOrderSort2 (0ms)
			AwakeInstancesAfterBackupRestoration (6ms)
Platform modules already initialized, skipping
Refreshing native plugins compatible for Editor in 0.68 ms, found 2 plugins.
Preloading 0 native plugins for Editor in 0.00 ms.
Unloading 2014 Unused Serialized files (Serialized files now loaded: 0)
System memory in use before: 113.9 MB.
System memory in use after: 113.9 MB.

Unloading 17 unused Assets to reduce memory usage. Loaded Objects now: 2574.
Total: 3.149300 ms (FindLiveObjects: 0.251800 ms CreateObjectMapping: 0.050300 ms MarkObjects: 2.668800 ms  DeleteObjects: 0.177100 ms)

AssetImportParameters requested are different than current active one (requested -> active):
  custom:framework-win-MediaFoundation: 216162199b28c13a410421893ffa2e32 -> 
  custom:video-decoder-ogg-theora: a1e56fd34408186e4bbccfd4996cb3dc -> 
  custom:container-muxer-webm: aa71ff27fc2769a1b78a27578f13a17b -> 
  custom:container-demuxer-webm: 4f35f7cbe854078d1ac9338744f61a02 -> 
  custom:container-demuxer-ogg: 62fdf1f143b41e24485cea50d1cbac27 -> 
  custom:video-encoder-webm-vp8: eb34c28f22e8b96e1ab97ce403110664 -> 
  custom:video-decoder-webm-vp8: 9c59270c3fd7afecdb556c50c9e8de78 -> 
  custom:audio-decoder-ogg-vorbis: bf7c407c2cedff20999df2af8eb42d56 -> 
  custom:audio-encoder-webm-vorbis: bf7c407c2cedff20999df2af8eb42d56 -> 
========================================================================
Received Prepare
Registering precompiled user dll's ...
Registered in 0.003751 seconds.
Begin MonoManager ReloadAssembly
Native extension for WindowsStandalone target not found
Native extension for WebGL target not found
Refreshing native plugins compatible for Editor in 64.17 ms, found 2 plugins.
Preloading 0 native plugins for Editor in 0.00 ms.
Mono: successfully reloaded assembly
- Completed reload, in  1.425 seconds
Domain Reload Profiling:
	ReloadAssembly (1425ms)
		BeginReloadAssembly (114ms)
			ExecutionOrderSort (0ms)
			DisableScriptedObjects (4ms)
			BackupInstance (0ms)
			ReleaseScriptingObjects (0ms)
			CreateAndSetChildDomain (39ms)
		EndReloadAssembly (1250ms)
			LoadAssemblies (82ms)
			RebuildTransferFunctionScriptingTraits (0ms)
			SetupTypeCache (304ms)
			ReleaseScriptCaches (1ms)
			RebuildScriptCaches (39ms)
			SetupLoadedEditorAssemblies (616ms)
				LogAssemblyErrors (0ms)
				InitializePlatformSupportModulesInManaged (5ms)
				SetLoadedEditorAssemblies (0ms)
				RefreshPlugins (64ms)
				BeforeProcessingInitializeOnLoad (56ms)
				ProcessInitializeOnLoadAttributes (435ms)
				ProcessInitializeOnLoadMethodAttributes (15ms)
				AfterProcessingInitializeOnLoad (40ms)
				EditorAssembliesLoaded (1ms)
			ExecutionOrderSort2 (0ms)
			AwakeInstancesAfterBackupRestoration (70ms)
Platform modules already initialized, skipping
Shader 'Universal Render Pipeline/Nature/SpeedTree7': dependency 'BillboardShader' shader 'Universal Render Pipeline/Nature/SpeedTree7 Billboard' not found
Shader 'Universal Render Pipeline/Baked Lit': fallback shader 'Universal Render Pipeline/Unlit' not found
Shader 'Universal Render Pipeline/Simple Lit': fallback shader 'Hidden/Universal Render Pipeline/FallbackError' not found
Shader 'Universal Render Pipeline/Terrain/Lit': fallback shader 'Hidden/Universal Render Pipeline/FallbackError' not found
Shader 'Universal Render Pipeline/Terrain/Lit': dependency 'AddPassShader' shader 'Hidden/Universal Render Pipeline/Terrain/Lit (Add Pass)' not found
Shader 'Universal Render Pipeline/Terrain/Lit': dependency 'BaseMapShader' shader 'Hidden/Universal Render Pipeline/Terrain/Lit (Base Pass)' not found
Shader 'Universal Render Pipeline/Terrain/Lit': dependency 'BaseMapGenShader' shader 'Hidden/Universal Render Pipeline/Terrain/Lit (Basemap Gen)' not found
Shader 'Hidden/Universal Render Pipeline/Terrain/Lit (Add Pass)': fallback shader 'Hidden/Universal Render Pipeline/FallbackError' not found
Shader 'Hidden/Universal Render Pipeline/Terrain/Lit (Base Pass)': fallback shader 'Hidden/Universal Render Pipeline/FallbackError' not found
Refreshing native plugins compatible for Editor in 1.05 ms, found 2 plugins.
Preloading 0 native plugins for Editor in 0.00 ms.
Unloading 3270 Unused Serialized files (Serialized files now loaded: 0)
System memory in use before: 165.8 MB.
System memory in use after: 161.4 MB.

Unloading 72 unused Assets to reduce memory usage. Loaded Objects now: 3776.
Total: 5.894300 ms (FindLiveObjects: 0.351500 ms CreateObjectMapping: 0.098200 ms MarkObjects: 3.496700 ms  DeleteObjects: 1.946800 ms)

AssetImportParameters requested are different than current active one (requested -> active):
  custom:framework-win-MediaFoundation: 216162199b28c13a410421893ffa2e32 -> 
  custom:video-decoder-ogg-theora: a1e56fd34408186e4bbccfd4996cb3dc -> 
  custom:container-muxer-webm: aa71ff27fc2769a1b78a27578f13a17b -> 
  custom:container-demuxer-webm: 4f35f7cbe854078d1ac9338744f61a02 -> 
  custom:container-demuxer-ogg: 62fdf1f143b41e24485cea50d1cbac27 -> 
  custom:video-encoder-webm-vp8: eb34c28f22e8b96e1ab97ce403110664 -> 
  custom:video-decoder-webm-vp8: 9c59270c3fd7afecdb556c50c9e8de78 -> 
  custom:audio-decoder-ogg-vorbis: bf7c407c2cedff20999df2af8eb42d56 -> 
  custom:audio-encoder-webm-vorbis: bf7c407c2cedff20999df2af8eb42d56 -> 
========================================================================
Received Import Request.
  Time since last request: 832.057792 seconds.
  path: Assets/Vein
  artifactKey: Guid(42bce73e24e87e74a8bd2eb98aca2ade) Importer(815301076,1909f56bfc062723c751e8b465ee728b)
Start importing Assets/Vein using Guid(42bce73e24e87e74a8bd2eb98aca2ade) Importer(815301076,1909f56bfc062723c751e8b465ee728b)  -> (artifact id: '55d646d54825744ba15bd6b6782c7765') in 0.013530 seconds 
  Import took 0.019167 seconds .

========================================================================
Received Import Request.
  Time since last request: 16.893042 seconds.
  path: Assets/Vein/UniversalRenderPipelineAsset.asset
  artifactKey: Guid(54fb04a57d91ab24091353f285265856) Importer(815301076,1909f56bfc062723c751e8b465ee728b)
Start importing Assets/Vein/UniversalRenderPipelineAsset.asset using Guid(54fb04a57d91ab24091353f285265856) Importer(815301076,1909f56bfc062723c751e8b465ee728b)  -> (artifact id: 'a7df05ab396c706bb61f9dcf534f4c9b') in 0.055563 seconds 
  Import took 0.063184 seconds .

========================================================================
Received Import Request.
  Time since last request: 0.000309 seconds.
  path: Assets/Vein/UniversalRenderPipelineAsset_Renderer.asset
  artifactKey: Guid(f24d9fce4e102ce4d98e76d57c65b6d6) Importer(815301076,1909f56bfc062723c751e8b465ee728b)
Start importing Assets/Vein/UniversalRenderPipelineAsset_Renderer.asset using Guid(f24d9fce4e102ce4d98e76d57c65b6d6) Importer(815301076,1909f56bfc062723c751e8b465ee728b)  -> (artifact id: 'c1dc0fb95cb8b571156198501f73606a') in 0.034061 seconds 
  Import took 0.040786 seconds .

========================================================================
Received Import Request.
  Time since last request: 53.172187 seconds.
  path: Assets/NanaeAdded/Forest2/Environments/FBX/Mushroom1.FBX
  artifactKey: Guid(bdeb79af937bc3940958acedeb2e5c15) Importer(815301076,1909f56bfc062723c751e8b465ee728b)
Start importing Assets/NanaeAdded/Forest2/Environments/FBX/Mushroom1.FBX using Guid(bdeb79af937bc3940958acedeb2e5c15) Importer(815301076,1909f56bfc062723c751e8b465ee728b)  -> (artifact id: 'e0b2d502528719dce5d51bed7b6740e3') in 0.056112 seconds 
  Import took 0.061537 seconds .

========================================================================
Received Import Request.
  Time since last request: 0.000229 seconds.
  path: Assets/NanaeAdded/Forest2/Environments/FBX/Flower1.FBX
  artifactKey: Guid(d9b2cda8a1e050e478497f2213c37e99) Importer(815301076,1909f56bfc062723c751e8b465ee728b)
Start importing Assets/NanaeAdded/Forest2/Environments/FBX/Flower1.FBX using Guid(d9b2cda8a1e050e478497f2213c37e99) Importer(815301076,1909f56bfc062723c751e8b465ee728b)  -> (artifact id: 'fdd4ed062a3ef3608c0573e2c007f609') in 0.018594 seconds 
  Import took 0.025565 seconds .

========================================================================
Received Import Request.
  Time since last request: 0.000314 seconds.
  path: Assets/NanaeAdded/Forest2/Environments/FBX/Grass1.FBX
  artifactKey: Guid(f5c8b048970ac0b4595deee7550aea2f) Importer(815301076,1909f56bfc062723c751e8b465ee728b)
Start importing Assets/NanaeAdded/Forest2/Environments/FBX/Grass1.FBX using Guid(f5c8b048970ac0b4595deee7550aea2f) Importer(815301076,1909f56bfc062723c751e8b465ee728b)  -> (artifact id: 'd90aff3d9e26bcfca38ed7dbd17b37b4') in 0.020044 seconds 
  Import took 0.025583 seconds .

========================================================================
Received Import Request.
  Time since last request: 47.927326 seconds.
  path: Assets/NanaeAdded/Forest1/Glowing_Forest/Meshes
  artifactKey: Guid(4d22d6c88bc675442ab9a2a60d10f776) Importer(815301076,1909f56bfc062723c751e8b465ee728b)
Start importing Assets/NanaeAdded/Forest1/Glowing_Forest/Meshes using Guid(4d22d6c88bc675442ab9a2a60d10f776) Importer(815301076,1909f56bfc062723c751e8b465ee728b)  -> (artifact id: 'a4a75e3104168d20e3b73563c2b9b91f') in 0.007191 seconds 
  Import took 0.014769 seconds .

========================================================================
Received Import Request.
  Time since last request: 113.250340 seconds.
  path: Assets/NanaeAdded/Forest1/Glowing_Forest/Meshes/Birch.fbx
  artifactKey: Guid(a58d4029a00459e4d89ddb56b680be38) Importer(815301076,1909f56bfc062723c751e8b465ee728b)
Start importing Assets/NanaeAdded/Forest1/Glowing_Forest/Meshes/Birch.fbx using Guid(a58d4029a00459e4d89ddb56b680be38) Importer(815301076,1909f56bfc062723c751e8b465ee728b)  -> (artifact id: '7f846820adc6fd71fb5419688a6f3bb5') in 0.017630 seconds 
  Import took 0.022997 seconds .

========================================================================
Received Import Request.
  Time since last request: 0.000232 seconds.
  path: Assets/NanaeAdded/Forest1/Glowing_Forest/Meshes/Fir.fbx
  artifactKey: Guid(431d920f0b6f5e34f80cdc143fba0734) Importer(815301076,1909f56bfc062723c751e8b465ee728b)
Start importing Assets/NanaeAdded/Forest1/Glowing_Forest/Meshes/Fir.fbx using Guid(431d920f0b6f5e34f80cdc143fba0734) Importer(815301076,1909f56bfc062723c751e8b465ee728b)  -> (artifact id: 'f43f8d06433b09fbc3919c5061ada866') in 0.017695 seconds 
  Import took 0.024802 seconds .

========================================================================
Received Import Request.
  Time since last request: 0.000506 seconds.
  path: Assets/NanaeAdded/Forest1/Glowing_Forest/Meshes/Bridge.fbx
  artifactKey: Guid(0f5322cf156938a4ca1b757b9ab11f49) Importer(815301076,1909f56bfc062723c751e8b465ee728b)
Start importing Assets/NanaeAdded/Forest1/Glowing_Forest/Meshes/Bridge.fbx using Guid(0f5322cf156938a4ca1b757b9ab11f49) Importer(815301076,1909f56bfc062723c751e8b465ee728b)  -> (artifact id: 'cb2df69593f3aa94e79495fcb42aa2aa') in 0.015286 seconds 
  Import took 0.022612 seconds .

========================================================================
Received Import Request.
  Time since last request: 0.000335 seconds.
  path: Assets/NanaeAdded/Forest1/Glowing_Forest/Meshes/Stone02.fbx
  artifactKey: Guid(aebdb9b3c2da8e040a42ecc58f39456c) Importer(815301076,1909f56bfc062723c751e8b465ee728b)
Start importing Assets/NanaeAdded/Forest1/Glowing_Forest/Meshes/Stone02.fbx using Guid(aebdb9b3c2da8e040a42ecc58f39456c) Importer(815301076,1909f56bfc062723c751e8b465ee728b)  -> (artifact id: '9274f825be5be4c2936412a063d95213') in 0.026551 seconds 
  Import took 0.032446 seconds .

========================================================================
Received Import Request.
  Time since last request: 0.000298 seconds.
  path: Assets/NanaeAdded/Forest1/Glowing_Forest/Meshes/Mushrooms03.fbx
  artifactKey: Guid(d56e8ae00b0790b46a088b268110f038) Importer(815301076,1909f56bfc062723c751e8b465ee728b)
Start importing Assets/NanaeAdded/Forest1/Glowing_Forest/Meshes/Mushrooms03.fbx using Guid(d56e8ae00b0790b46a088b268110f038) Importer(815301076,1909f56bfc062723c751e8b465ee728b)  -> (artifact id: '2cba3859d74e73e6b48c4cf24ddcdee5') in 0.017605 seconds 
  Import took 0.023220 seconds .

========================================================================
Received Import Request.
  Time since last request: 0.000433 seconds.
  path: Assets/NanaeAdded/Forest1/Glowing_Forest/Meshes/Bush02.fbx
  artifactKey: Guid(99283469d080f464d8bf132684290947) Importer(815301076,1909f56bfc062723c751e8b465ee728b)
Start importing Assets/NanaeAdded/Forest1/Glowing_Forest/Meshes/Bush02.fbx using Guid(99283469d080f464d8bf132684290947) Importer(815301076,1909f56bfc062723c751e8b465ee728b)  -> (artifact id: '388c26564f6979c081b96766c8c4c675') in 0.015763 seconds 
  Import took 0.022853 seconds .

========================================================================
Received Import Request.
  Time since last request: 0.000237 seconds.
  path: Assets/NanaeAdded/Forest1/Glowing_Forest/Meshes/Water_plane.fbx
  artifactKey: Guid(a74ecf579ccdda64fb7e3d6ed0101440) Importer(815301076,1909f56bfc062723c751e8b465ee728b)
Start importing Assets/NanaeAdded/Forest1/Glowing_Forest/Meshes/Water_plane.fbx using Guid(a74ecf579ccdda64fb7e3d6ed0101440) Importer(815301076,1909f56bfc062723c751e8b465ee728b)  -> (artifact id: '16ebbc7f4b1d741d8e1db8c620696382') in 0.017908 seconds 
  Import took 0.023118 seconds .

========================================================================
Received Import Request.
  Time since last request: 0.000210 seconds.
  path: Assets/NanaeAdded/Forest1/Glowing_Forest/Meshes/Mushrooms01.fbx
  artifactKey: Guid(70adb64ae377d7e46aff0cde14f8abb1) Importer(815301076,1909f56bfc062723c751e8b465ee728b)
Start importing Assets/NanaeAdded/Forest1/Glowing_Forest/Meshes/Mushrooms01.fbx using Guid(70adb64ae377d7e46aff0cde14f8abb1) Importer(815301076,1909f56bfc062723c751e8b465ee728b)  -> (artifact id: '10f62213b1607c27d97cd0724f339034') in 0.020801 seconds 
  Import took 0.026307 seconds .

========================================================================
Received Import Request.
  Time since last request: 0.000198 seconds.
  path: Assets/NanaeAdded/Forest1/Glowing_Forest/Meshes/Mushrooms02.fbx
  artifactKey: Guid(db55ef31b71cd8640babb67c08383c8f) Importer(815301076,1909f56bfc062723c751e8b465ee728b)
Start importing Assets/NanaeAdded/Forest1/Glowing_Forest/Meshes/Mushrooms02.fbx using Guid(db55ef31b71cd8640babb67c08383c8f) Importer(815301076,1909f56bfc062723c751e8b465ee728b)  -> (artifact id: 'b67b806e83dcbc24931da7f75e6c24d0') in 0.020566 seconds 
  Import took 0.026000 seconds .

========================================================================
Received Import Request.
  Time since last request: 0.000215 seconds.
  path: Assets/NanaeAdded/Forest1/Glowing_Forest/Meshes/Fence.fbx
  artifactKey: Guid(5c759d0ad550736418a7e0602ca2156f) Importer(815301076,1909f56bfc062723c751e8b465ee728b)
Start importing Assets/NanaeAdded/Forest1/Glowing_Forest/Meshes/Fence.fbx using Guid(5c759d0ad550736418a7e0602ca2156f) Importer(815301076,1909f56bfc062723c751e8b465ee728b)  -> (artifact id: '13fa8c24d94253c086f56ad1ed118f12') in 0.018493 seconds 
  Import took 0.024671 seconds .

========================================================================
Received Import Request.
  Time since last request: 0.000250 seconds.
  path: Assets/NanaeAdded/Forest1/Glowing_Forest/Meshes/Streetlight.fbx
  artifactKey: Guid(5f0741416272b504489f004f3912e003) Importer(815301076,1909f56bfc062723c751e8b465ee728b)
Start importing Assets/NanaeAdded/Forest1/Glowing_Forest/Meshes/Streetlight.fbx using Guid(5f0741416272b504489f004f3912e003) Importer(815301076,1909f56bfc062723c751e8b465ee728b)  -> (artifact id: 'e0bc467eb8cf39bfda6576a9b5e18cd5') in 0.016216 seconds 
  Import took 0.021627 seconds .

========================================================================
Received Import Request.
  Time since last request: 0.000257 seconds.
  path: Assets/NanaeAdded/Forest1/Glowing_Forest/Meshes/Oak.fbx
  artifactKey: Guid(6eebcf1884e24384babc25d3234ec0b5) Importer(815301076,1909f56bfc062723c751e8b465ee728b)
Start importing Assets/NanaeAdded/Forest1/Glowing_Forest/Meshes/Oak.fbx using Guid(6eebcf1884e24384babc25d3234ec0b5) Importer(815301076,1909f56bfc062723c751e8b465ee728b)  -> (artifact id: '68ca3282336271bde3b584af6f1548c4') in 0.017536 seconds 
  Import took 0.024341 seconds .

========================================================================
Received Import Request.
  Time since last request: 0.000347 seconds.
  path: Assets/NanaeAdded/Forest1/Glowing_Forest/Meshes/Bush01.fbx
  artifactKey: Guid(89786baddf2d7ea43b337b7b94891289) Importer(815301076,1909f56bfc062723c751e8b465ee728b)
Start importing Assets/NanaeAdded/Forest1/Glowing_Forest/Meshes/Bush01.fbx using Guid(89786baddf2d7ea43b337b7b94891289) Importer(815301076,1909f56bfc062723c751e8b465ee728b)  -> (artifact id: 'f9db3feae29ff5584707859f046fec2a') in 0.018018 seconds 
  Import took 0.024857 seconds .

========================================================================
Received Import Request.
  Time since last request: 0.000195 seconds.
  path: Assets/NanaeAdded/Forest1/Glowing_Forest/Meshes/Stone01.fbx
  artifactKey: Guid(39cfdea2e9dff824483d972d2d253b9a) Importer(815301076,1909f56bfc062723c751e8b465ee728b)
Start importing Assets/NanaeAdded/Forest1/Glowing_Forest/Meshes/Stone01.fbx using Guid(39cfdea2e9dff824483d972d2d253b9a) Importer(815301076,1909f56bfc062723c751e8b465ee728b)  -> (artifact id: 'bf63930ec685dd85558fcc6d669046ec') in 0.017897 seconds 
  Import took 0.026271 seconds .

========================================================================
Received Import Request.
  Time since last request: 0.000259 seconds.
  path: Assets/NanaeAdded/Forest1/Glowing_Forest/Meshes/Stump.fbx
  artifactKey: Guid(364aeddfa00a98e41820d829d289215c) Importer(815301076,1909f56bfc062723c751e8b465ee728b)
Start importing Assets/NanaeAdded/Forest1/Glowing_Forest/Meshes/Stump.fbx using Guid(364aeddfa00a98e41820d829d289215c) Importer(815301076,1909f56bfc062723c751e8b465ee728b)  -> (artifact id: 'e64d8cc314824c7896eb044631aa4dad') in 0.020272 seconds 
  Import took 0.025777 seconds .

========================================================================
Received Import Request.
  Time since last request: 0.000343 seconds.
  path: Assets/NanaeAdded/Forest1/Glowing_Forest/Meshes/Streetlight_item.fbx
  artifactKey: Guid(fbd5279e40525d54d8e51d9edbafc80e) Importer(815301076,1909f56bfc062723c751e8b465ee728b)
Start importing Assets/NanaeAdded/Forest1/Glowing_Forest/Meshes/Streetlight_item.fbx using Guid(fbd5279e40525d54d8e51d9edbafc80e) Importer(815301076,1909f56bfc062723c751e8b465ee728b)  -> (artifact id: 'ad698292de422a9277449ee31a125bd4') in 0.017340 seconds 
  Import took 0.024445 seconds .

========================================================================
Received Import Request.
  Time since last request: 45.863842 seconds.
  path: Assets/NanaeAdded/Forest1/Glowing_Forest/Textures/Plants/Oak_branch_d.png
  artifactKey: Guid(b1f7d094462580e4b9518589f401669f) Importer(815301076,1909f56bfc062723c751e8b465ee728b)
Start importing Assets/NanaeAdded/Forest1/Glowing_Forest/Textures/Plants/Oak_branch_d.png using Guid(b1f7d094462580e4b9518589f401669f) Importer(815301076,1909f56bfc062723c751e8b465ee728b)  -> (artifact id: '66dcecc23c1b5cfb29c4ec058622dc9e') in 0.014718 seconds 
  Import took 0.020749 seconds .

========================================================================
Received Import Request.
  Time since last request: 0.002146 seconds.
  path: Assets/NanaeAdded/Forest1/Glowing_Forest/Textures/Plants/Oak_branch_d.png
  artifactKey: Guid(b1f7d094462580e4b9518589f401669f) Importer(815301076,1909f56bfc062723c751e8b465ee728b)
Start importing Assets/NanaeAdded/Forest1/Glowing_Forest/Textures/Plants/Oak_branch_d.png using Guid(b1f7d094462580e4b9518589f401669f) Importer(815301076,1909f56bfc062723c751e8b465ee728b)  -> (artifact id: '66dcecc23c1b5cfb29c4ec058622dc9e') in 0.011906 seconds 
  Import took 0.017531 seconds .

========================================================================
Received Import Request.
  Time since last request: 1.857082 seconds.
  path: Assets/NanaeAdded/Forest1/Glowing_Forest/Textures/Plants/Oak_bark_d.png
  artifactKey: Guid(afef7b2a1fb9b9a4097eaceb1ae1eb24) Importer(815301076,1909f56bfc062723c751e8b465ee728b)
Start importing Assets/NanaeAdded/Forest1/Glowing_Forest/Textures/Plants/Oak_bark_d.png using Guid(afef7b2a1fb9b9a4097eaceb1ae1eb24) Importer(815301076,1909f56bfc062723c751e8b465ee728b)  -> (artifact id: '1647620e4d9c15f0c822b081d7d7b865') in 0.012632 seconds 
  Import took 0.018294 seconds .

========================================================================
Received Import Request.
  Time since last request: 0.002997 seconds.
  path: Assets/NanaeAdded/Forest1/Glowing_Forest/Textures/Plants/Oak_bark_d.png
  artifactKey: Guid(afef7b2a1fb9b9a4097eaceb1ae1eb24) Importer(815301076,1909f56bfc062723c751e8b465ee728b)
Start importing Assets/NanaeAdded/Forest1/Glowing_Forest/Textures/Plants/Oak_bark_d.png using Guid(afef7b2a1fb9b9a4097eaceb1ae1eb24) Importer(815301076,1909f56bfc062723c751e8b465ee728b)  -> (artifact id: '1647620e4d9c15f0c822b081d7d7b865') in 0.009818 seconds 
  Import took 0.015106 seconds .

========================================================================
Received Prepare
Switching render pipeline 00000000000000000000000000000000 -> 54fb04a57d91ab24091353f285265856
Refreshing native plugins compatible for Editor in 2.83 ms, found 2 plugins.
Preloading 0 native plugins for Editor in 0.00 ms.
Unloading 118 Unused Serialized files (Serialized files now loaded: 0)
System memory in use before: 107.6 MB.
System memory in use after: 104.4 MB.

Unloading 51 unused Assets to reduce memory usage. Loaded Objects now: 3845.
Total: 6.459900 ms (FindLiveObjects: 0.416100 ms CreateObjectMapping: 0.086900 ms MarkObjects: 4.272800 ms  DeleteObjects: 1.682600 ms)

AssetImportParameters requested are different than current active one (requested -> active):
  custom:framework-win-MediaFoundation: 216162199b28c13a410421893ffa2e32 -> 
  custom:video-decoder-ogg-theora: a1e56fd34408186e4bbccfd4996cb3dc -> 
  custom:container-muxer-webm: aa71ff27fc2769a1b78a27578f13a17b -> 
  custom:container-demuxer-webm: 4f35f7cbe854078d1ac9338744f61a02 -> 
  custom:container-demuxer-ogg: 62fdf1f143b41e24485cea50d1cbac27 -> 
  custom:video-encoder-webm-vp8: eb34c28f22e8b96e1ab97ce403110664 -> 
  custom:video-decoder-webm-vp8: 9c59270c3fd7afecdb556c50c9e8de78 -> 
  custom:audio-decoder-ogg-vorbis: bf7c407c2cedff20999df2af8eb42d56 -> 
  custom:audio-encoder-webm-vorbis: bf7c407c2cedff20999df2af8eb42d56 -> 
========================================================================
Received Import Request.
  Time since last request: 176.874134 seconds.
  path: Assets/Tree10/bark11.png
  artifactKey: Guid(000be46c6d5b3b64c9498981844fd7da) Importer(815301076,1909f56bfc062723c751e8b465ee728b)
Start importing Assets/Tree10/bark11.png using Guid(000be46c6d5b3b64c9498981844fd7da) Importer(815301076,1909f56bfc062723c751e8b465ee728b)  -> (artifact id: '22b40d046796d8044c8971c29177c235') in 0.014830 seconds 
  Import took 0.020465 seconds .

========================================================================
Received Import Request.
  Time since last request: 0.000253 seconds.
  path: Assets/Tree10/Tree10_Bark.mat
  artifactKey: Guid(7c1bd2bec271270439c6e9a0e14da3aa) Importer(815301076,1909f56bfc062723c751e8b465ee728b)
Start importing Assets/Tree10/Tree10_Bark.mat using Guid(7c1bd2bec271270439c6e9a0e14da3aa) Importer(815301076,1909f56bfc062723c751e8b465ee728b)  -> (artifact id: 'd73ee955bdcdf89cd4f07f377607c1fa') in 0.226639 seconds 
  Import took 0.231493 seconds .

========================================================================
Received Import Request.
  Time since last request: 0.000220 seconds.
  path: Assets/Tree10/Tree10_Leaf.mat
  artifactKey: Guid(9610ed704a1e7894ea4bab3199640925) Importer(815301076,1909f56bfc062723c751e8b465ee728b)
Start importing Assets/Tree10/Tree10_Leaf.mat using Guid(9610ed704a1e7894ea4bab3199640925) Importer(815301076,1909f56bfc062723c751e8b465ee728b)  -> (artifact id: 'ce43efab265925681702cbeb16a6731b') in 0.075287 seconds 
  Import took 0.079879 seconds .

========================================================================
Received Import Request.
  Time since last request: 0.000207 seconds.
  path: Assets/Tree10/Tree10_1.prefab
  artifactKey: Guid(673a5daab7ec28d4c9e7c80ea6a793c1) Importer(815301076,1909f56bfc062723c751e8b465ee728b)
Start importing Assets/Tree10/Tree10_1.prefab using Guid(673a5daab7ec28d4c9e7c80ea6a793c1) Importer(815301076,1909f56bfc062723c751e8b465ee728b)  -> (artifact id: '5118276e2c00151aa67cb121ca41dc27') in 0.147391 seconds 
  Import took 0.152342 seconds .

========================================================================
Received Import Request.
  Time since last request: 0.000206 seconds.
  path: Assets/Tree10/bark11_N.png
  artifactKey: Guid(e7d243b998d04aa4ab8d8bd35dcbd9de) Importer(815301076,1909f56bfc062723c751e8b465ee728b)
Start importing Assets/Tree10/bark11_N.png using Guid(e7d243b998d04aa4ab8d8bd35dcbd9de) Importer(815301076,1909f56bfc062723c751e8b465ee728b)  -> (artifact id: 'c6d2be511a30c474cd1d2226344d98ba') in 0.009806 seconds 
  Import took 0.014712 seconds .

========================================================================
Received Import Request.
  Time since last request: 0.000240 seconds.
  path: Assets/Tree10/Tree10_4.prefab
  artifactKey: Guid(e403bfb859c346040858d48e9c0c7150) Importer(815301076,1909f56bfc062723c751e8b465ee728b)
Start importing Assets/Tree10/Tree10_4.prefab using Guid(e403bfb859c346040858d48e9c0c7150) Importer(815301076,1909f56bfc062723c751e8b465ee728b)  -> (artifact id: 'c502a5cf9dae8618c69e283e3aa21e65') in 0.026446 seconds 
  Import took 0.030969 seconds .

========================================================================
Received Import Request.
  Time since last request: 0.000226 seconds.
  path: Assets/Tree10/Tree10_2.prefab
  artifactKey: Guid(f6f9e2b8b6b2fdd4ca11c8edc03103b1) Importer(815301076,1909f56bfc062723c751e8b465ee728b)
Start importing Assets/Tree10/Tree10_2.prefab using Guid(f6f9e2b8b6b2fdd4ca11c8edc03103b1) Importer(815301076,1909f56bfc062723c751e8b465ee728b)  -> (artifact id: '1b0c13f1d97c2c24e1c44750ef310420') in 0.037768 seconds 
  Import took 0.044581 seconds .

========================================================================
Received Import Request.
  Time since last request: 0.000224 seconds.
  path: Assets/Tree10/Tree10_5.prefab
  artifactKey: Guid(107f12f79e197c44e94e1d306314702b) Importer(815301076,1909f56bfc062723c751e8b465ee728b)
Start importing Assets/Tree10/Tree10_5.prefab using Guid(107f12f79e197c44e94e1d306314702b) Importer(815301076,1909f56bfc062723c751e8b465ee728b)  -> (artifact id: '846c22c5e0c5828e6898cfc936f450bb') in 0.028494 seconds 
  Import took 0.033737 seconds .

========================================================================
Received Import Request.
  Time since last request: 0.000209 seconds.
  path: Assets/Tree10/Tree10_3.prefab
  artifactKey: Guid(f80b9a82cf103fc46a271d8c08ba22c0) Importer(815301076,1909f56bfc062723c751e8b465ee728b)
Start importing Assets/Tree10/Tree10_3.prefab using Guid(f80b9a82cf103fc46a271d8c08ba22c0) Importer(815301076,1909f56bfc062723c751e8b465ee728b)  -> (artifact id: '1c2db8ceb9057edfaa502dddc92070bd') in 0.026800 seconds 
  Import took 0.031513 seconds .

========================================================================
Received Import Request.
  Time since last request: 0.000216 seconds.
  path: Assets/Tree10/Leaf18.png
  artifactKey: Guid(52a21d4a660b5274fa7fa11d32761b08) Importer(815301076,1909f56bfc062723c751e8b465ee728b)
Start importing Assets/Tree10/Leaf18.png using Guid(52a21d4a660b5274fa7fa11d32761b08) Importer(815301076,1909f56bfc062723c751e8b465ee728b)  -> (artifact id: '8935269533d6aab5de6a94d44cb45fe3') in 0.012672 seconds 
  Import took 0.018114 seconds .

========================================================================
Received Import Request.
  Time since last request: 0.000217 seconds.
  path: Assets/Tree10/Leaf18_N.png
  artifactKey: Guid(3598650e07235764aa3058413bb1d903) Importer(815301076,1909f56bfc062723c751e8b465ee728b)
Start importing Assets/Tree10/Leaf18_N.png using Guid(3598650e07235764aa3058413bb1d903) Importer(815301076,1909f56bfc062723c751e8b465ee728b)  -> (artifact id: '6869ea4127012a62660a1bf61266de3f') in 0.012538 seconds 
  Import took 0.017384 seconds .

========================================================================
Received Import Request.
  Time since last request: 0.010033 seconds.
  path: Assets/Tree10/Leaf18_N.png
  artifactKey: Guid(3598650e07235764aa3058413bb1d903) Importer(815301076,1909f56bfc062723c751e8b465ee728b)
Start importing Assets/Tree10/Leaf18_N.png using Guid(3598650e07235764aa3058413bb1d903) Importer(815301076,1909f56bfc062723c751e8b465ee728b)  -> (artifact id: '6869ea4127012a62660a1bf61266de3f') in 0.015330 seconds 
  Import took 0.021198 seconds .

========================================================================
Received Import Request.
  Time since last request: 3.745607 seconds.
  path: Assets/Tree10/Tree10_1_Textures
  artifactKey: Guid(5705fba92d95a3542b3320b6af849464) Importer(815301076,1909f56bfc062723c751e8b465ee728b)
Start importing Assets/Tree10/Tree10_1_Textures using Guid(5705fba92d95a3542b3320b6af849464) Importer(815301076,1909f56bfc062723c751e8b465ee728b)  -> (artifact id: '9c93b325d0069ee0823f1d0e9cca622a') in 0.005024 seconds 
  Import took 0.010409 seconds .

========================================================================
Received Import Request.
  Time since last request: 0.052079 seconds.
  path: Assets/Tree10/Tree10_1_Textures/diffuse.png
  artifactKey: Guid(ceb55928bbef1f34e8e1be1524363828) Importer(815301076,1909f56bfc062723c751e8b465ee728b)
Start importing Assets/Tree10/Tree10_1_Textures/diffuse.png using Guid(ceb55928bbef1f34e8e1be1524363828) Importer(815301076,1909f56bfc062723c751e8b465ee728b)  -> (artifact id: '83c6f857920bea6eee1b6b26938c2147') in 0.012472 seconds 
  Import took 0.018008 seconds .

========================================================================
Received Import Request.
  Time since last request: 0.000208 seconds.
  path: Assets/Tree10/Tree10_1_Textures/translucency_gloss.png
  artifactKey: Guid(2ef33f41bd5374c4ba74b3b8c0981d7b) Importer(815301076,1909f56bfc062723c751e8b465ee728b)
Start importing Assets/Tree10/Tree10_1_Textures/translucency_gloss.png using Guid(2ef33f41bd5374c4ba74b3b8c0981d7b) Importer(815301076,1909f56bfc062723c751e8b465ee728b)  -> (artifact id: '6fc63ac17c58f51d439ac36060819a3f') in 0.009034 seconds 
  Import took 0.013911 seconds .

========================================================================
Received Import Request.
  Time since last request: 0.000244 seconds.
  path: Assets/Tree10/Tree10_1_Textures/shadow.png
  artifactKey: Guid(03f13c8b46a067e4f9d570347f0a7908) Importer(815301076,1909f56bfc062723c751e8b465ee728b)
Start importing Assets/Tree10/Tree10_1_Textures/shadow.png using Guid(03f13c8b46a067e4f9d570347f0a7908) Importer(815301076,1909f56bfc062723c751e8b465ee728b)  -> (artifact id: '15b05b51284799c01aa51750b4792dfc') in 0.008629 seconds 
  Import took 0.013207 seconds .

========================================================================
Received Import Request.
  Time since last request: 0.000264 seconds.
  path: Assets/Tree10/Tree10_1_Textures/normal_specular.png
  artifactKey: Guid(c8f794f2dbcf03b4a949d126dba87325) Importer(815301076,1909f56bfc062723c751e8b465ee728b)
Start importing Assets/Tree10/Tree10_1_Textures/normal_specular.png using Guid(c8f794f2dbcf03b4a949d126dba87325) Importer(815301076,1909f56bfc062723c751e8b465ee728b)  -> (artifact id: '2c527154429f06c696372df2c4646c0b') in 0.009921 seconds 
  Import took 0.014775 seconds .

========================================================================
Received Import Request.
  Time since last request: 261.014681 seconds.
  path: Assets/Terrain/Terrain_0_0_3b4ad534-462d-4310-b851-b122cc6c1ddc.asset
  artifactKey: Guid(1bb88dda24c8e0f4db7a81cf791b54db) Importer(815301076,1909f56bfc062723c751e8b465ee728b)
Start importing Assets/Terrain/Terrain_0_0_3b4ad534-462d-4310-b851-b122cc6c1ddc.asset using Guid(1bb88dda24c8e0f4db7a81cf791b54db) Importer(815301076,1909f56bfc062723c751e8b465ee728b)  -> (artifact id: '9b670baba41c650671a5bed6db52ab41') in 0.026257 seconds 
  Import took 0.034280 seconds .

========================================================================
Received Import Request.
  Time since last request: 0.000259 seconds.
  path: Assets/Terrain/TerrainData_b39fe358-aa6b-4480-aae0-47d9a8fbaf74.asset
  artifactKey: Guid(c8d54000270e3644c9261eb33d2482af) Importer(815301076,1909f56bfc062723c751e8b465ee728b)
Start importing Assets/Terrain/TerrainData_b39fe358-aa6b-4480-aae0-47d9a8fbaf74.asset using Guid(c8d54000270e3644c9261eb33d2482af) Importer(815301076,1909f56bfc062723c751e8b465ee728b)  -> (artifact id: '76f42fe17d4230790ebb2dabbd388200') in 0.021920 seconds 
  Import took 0.027471 seconds .

========================================================================
Received Import Request.
  Time since last request: 0.000221 seconds.
  path: Assets/Terrain/TerrainData_2a203e18-0e0f-4495-babf-271bb9e026f5.asset
  artifactKey: Guid(e79473c76df022240930b0b547d968fb) Importer(815301076,1909f56bfc062723c751e8b465ee728b)
Start importing Assets/Terrain/TerrainData_2a203e18-0e0f-4495-babf-271bb9e026f5.asset using Guid(e79473c76df022240930b0b547d968fb) Importer(815301076,1909f56bfc062723c751e8b465ee728b)  -> (artifact id: 'c53a60efe024c2df27b4dc5d6bdf0a07') in 0.022460 seconds 
  Import took 0.027373 seconds .

========================================================================
Received Import Request.
  Time since last request: 0.000205 seconds.
  path: Assets/Terrain/Terrain_0_0_a413eeb5-ce7f-4617-aba8-e872ebc13688.asset
  artifactKey: Guid(682808456c98bb546a93be9714d27341) Importer(815301076,1909f56bfc062723c751e8b465ee728b)
Start importing Assets/Terrain/Terrain_0_0_a413eeb5-ce7f-4617-aba8-e872ebc13688.asset using Guid(682808456c98bb546a93be9714d27341) Importer(815301076,1909f56bfc062723c751e8b465ee728b)  -> (artifact id: '1a1585290e4df7d1cec03b70cb239307') in 0.021499 seconds 
  Import took 0.027186 seconds .

========================================================================
Received Import Request.
  Time since last request: 0.000260 seconds.
  path: Assets/Terrain/Terrain_0_0_5e266ce3-ce04-467c-ba1e-006a4c97c88b.asset
  artifactKey: Guid(e802ca57a619eb84bbbdd932a6ffa676) Importer(815301076,1909f56bfc062723c751e8b465ee728b)
Start importing Assets/Terrain/Terrain_0_0_5e266ce3-ce04-467c-ba1e-006a4c97c88b.asset using Guid(e802ca57a619eb84bbbdd932a6ffa676) Importer(815301076,1909f56bfc062723c751e8b465ee728b)  -> (artifact id: 'e6d9d7950396a6de01302f914572219d') in 0.015580 seconds 
  Import took 0.020794 seconds .

========================================================================
Received Import Request.
  Time since last request: 0.000238 seconds.
  path: Assets/Terrain/Terrain_0_0_544075c4-8e9c-4e6d-afe7-bde1bb478504.asset
  artifactKey: Guid(2505d20f2b198fb40964c0596ef15ffd) Importer(815301076,1909f56bfc062723c751e8b465ee728b)
Start importing Assets/Terrain/Terrain_0_0_544075c4-8e9c-4e6d-afe7-bde1bb478504.asset using Guid(2505d20f2b198fb40964c0596ef15ffd) Importer(815301076,1909f56bfc062723c751e8b465ee728b)  -> (artifact id: '4c7198813df31230cca78f3f8c990038') in 0.015758 seconds 
  Import took 0.021393 seconds .

========================================================================
Received Import Request.
  Time since last request: 0.000222 seconds.
  path: Assets/Terrain/Terrain_0_0_c6ca9ddd-097c-41fc-9a77-5c35cd7a425b.asset
  artifactKey: Guid(487e324c72ea00145819461773ff08dc) Importer(815301076,1909f56bfc062723c751e8b465ee728b)
Start importing Assets/Terrain/Terrain_0_0_c6ca9ddd-097c-41fc-9a77-5c35cd7a425b.asset using Guid(487e324c72ea00145819461773ff08dc) Importer(815301076,1909f56bfc062723c751e8b465ee728b)  -> (artifact id: '7e5d18708e88545f39e691c2d6ae65d5') in 0.010417 seconds 
  Import took 0.018065 seconds .

========================================================================
Received Import Request.
  Time since last request: 0.000291 seconds.
  path: Assets/Terrain/Terrain_0_0_68058227-de82-463d-ba68-9998937e72e0.asset
  artifactKey: Guid(1afcf97cf19099c4bb19c470c7be4c75) Importer(815301076,1909f56bfc062723c751e8b465ee728b)
Start importing Assets/Terrain/Terrain_0_0_68058227-de82-463d-ba68-9998937e72e0.asset using Guid(1afcf97cf19099c4bb19c470c7be4c75) Importer(815301076,1909f56bfc062723c751e8b465ee728b) The tree Mushroom1 must use the Nature/Soft Occlusion shader. Otherwise billboarding/lighting will not work correctly.

The tree Flower1 must use the Nature/Soft Occlusion shader. Otherwise billboarding/lighting will not work correctly.

The tree Flower2 must use the Nature/Soft Occlusion shader. Otherwise billboarding/lighting will not work correctly.

The tree Grass1 must use the Nature/Soft Occlusion shader. Otherwise billboarding/lighting will not work correctly.

 -> (artifact id: 'a37456e2f213d91a1b027039cae825e4') in 0.023711 seconds 
  Import took 0.031141 seconds .

========================================================================
Received Import Request.
  Time since last request: 0.000271 seconds.
  path: Assets/Terrain/Terrain_0_0_bc1107fd-e594-4d29-a67f-1addb31ecc17.asset
  artifactKey: Guid(86e90e7a9f886074ea1425d5e5701bbf) Importer(815301076,1909f56bfc062723c751e8b465ee728b)
Start importing Assets/Terrain/Terrain_0_0_bc1107fd-e594-4d29-a67f-1addb31ecc17.asset using Guid(86e90e7a9f886074ea1425d5e5701bbf) Importer(815301076,1909f56bfc062723c751e8b465ee728b)  -> (artifact id: 'ce942fcadadfe115b4e2b9c2dd8e4243') in 0.013456 seconds 
  Import took 0.020615 seconds .

AssetImportWorkerClient::OnTransportError - code=2 error=End of file
